2021-08-10 15:05_000020_동화약품
Traceback (most recent call last):
  File "C:\Users\kai\PycharmProjects\pythonProject\noname\noname\spiders\big_kinds__news__spider.py", line 246, in big_kinds_news_scraping
    raise Exception("엑셀 파일 다운 대기 시간 초과.")
Exception: 엑셀 파일 다운 대기 시간 초과.
2021-08-10 15:05_000040_KR모터스
Traceback (most recent call last):
  File "C:\Users\kai\PycharmProjects\pythonProject\noname\noname\spiders\big_kinds__news__spider.py", line 133, in big_kinds_news_scraping
    self.click_element(
  File "C:\Users\kai\PycharmProjects\pythonProject\noname\noname\spiders\big_kinds__news__spider.py", line 339, in click_element
    button.click()
  File "C:\Users\kai\PycharmProjects\pythonProject\venv\lib\site-packages\selenium\webdriver\remote\webelement.py", line 80, in click
    self._execute(Command.CLICK_ELEMENT)
  File "C:\Users\kai\PycharmProjects\pythonProject\venv\lib\site-packages\selenium\webdriver\remote\webelement.py", line 633, in _execute
    return self._parent.execute(command, params)
  File "C:\Users\kai\PycharmProjects\pythonProject\venv\lib\site-packages\selenium\webdriver\remote\webdriver.py", line 321, in execute
    self.error_handler.check_response(response)
  File "C:\Users\kai\PycharmProjects\pythonProject\venv\lib\site-packages\selenium\webdriver\remote\errorhandler.py", line 242, in check_response
    raise exception_class(message, screen, stacktrace)
selenium.common.exceptions.ElementClickInterceptedException: Message: element click intercepted: Element <h2 class="title">...</h2> is not clickable at point (174, 100). Other element would receive the click: <div class="gnb-bg"></div>
  (Session info: chrome=92.0.4515.131)

2021-08-10 15:06_000040_KR모터스
Traceback (most recent call last):
  File "C:\Users\kai\PycharmProjects\pythonProject\noname\noname\spiders\big_kinds__news__spider.py", line 133, in big_kinds_news_scraping
    self.click_element(
  File "C:\Users\kai\PycharmProjects\pythonProject\noname\noname\spiders\big_kinds__news__spider.py", line 339, in click_element
    button.click()
  File "C:\Users\kai\PycharmProjects\pythonProject\venv\lib\site-packages\selenium\webdriver\remote\webelement.py", line 80, in click
    self._execute(Command.CLICK_ELEMENT)
  File "C:\Users\kai\PycharmProjects\pythonProject\venv\lib\site-packages\selenium\webdriver\remote\webelement.py", line 633, in _execute
    return self._parent.execute(command, params)
  File "C:\Users\kai\PycharmProjects\pythonProject\venv\lib\site-packages\selenium\webdriver\remote\webdriver.py", line 321, in execute
    self.error_handler.check_response(response)
  File "C:\Users\kai\PycharmProjects\pythonProject\venv\lib\site-packages\selenium\webdriver\remote\errorhandler.py", line 242, in check_response
    raise exception_class(message, screen, stacktrace)
selenium.common.exceptions.ElementClickInterceptedException: Message: element click intercepted: Element <h2 class="title">...</h2> is not clickable at point (174, 100). Other element would receive the click: <div class="gnb-bg"></div>
  (Session info: chrome=92.0.4515.131)

2021-08-10 15:06_000040_KR모터스
Traceback (most recent call last):
  File "C:\Users\kai\PycharmProjects\pythonProject\noname\noname\spiders\big_kinds__news__spider.py", line 133, in big_kinds_news_scraping
    self.click_element(
  File "C:\Users\kai\PycharmProjects\pythonProject\noname\noname\spiders\big_kinds__news__spider.py", line 339, in click_element
    button.click()
  File "C:\Users\kai\PycharmProjects\pythonProject\venv\lib\site-packages\selenium\webdriver\remote\webelement.py", line 80, in click
    self._execute(Command.CLICK_ELEMENT)
  File "C:\Users\kai\PycharmProjects\pythonProject\venv\lib\site-packages\selenium\webdriver\remote\webelement.py", line 633, in _execute
    return self._parent.execute(command, params)
  File "C:\Users\kai\PycharmProjects\pythonProject\venv\lib\site-packages\selenium\webdriver\remote\webdriver.py", line 321, in execute
    self.error_handler.check_response(response)
  File "C:\Users\kai\PycharmProjects\pythonProject\venv\lib\site-packages\selenium\webdriver\remote\errorhandler.py", line 242, in check_response
    raise exception_class(message, screen, stacktrace)
selenium.common.exceptions.ElementClickInterceptedException: Message: element click intercepted: Element <h2 class="title">...</h2> is not clickable at point (174, 100). Other element would receive the click: <div class="gnb-bg"></div>
  (Session info: chrome=92.0.4515.131)

2021-08-10 15:10_000020_동화약품
Traceback (most recent call last):
  File "C:\Users\kai\PycharmProjects\pythonProject\noname\noname\spiders\big_kinds__news__spider.py", line 221, in big_kinds_news_scraping
    self.click_element("//button[@id='collapse-step-3']",1)
  File "C:\Users\kai\PycharmProjects\pythonProject\noname\noname\spiders\big_kinds__news__spider.py", line 337, in click_element
    button = self.driver.find_element_by_xpath(xpath)
  File "C:\Users\kai\PycharmProjects\pythonProject\venv\lib\site-packages\selenium\webdriver\remote\webdriver.py", line 394, in find_element_by_xpath
    return self.find_element(by=By.XPATH, value=xpath)
  File "C:\Users\kai\PycharmProjects\pythonProject\venv\lib\site-packages\selenium\webdriver\remote\webdriver.py", line 976, in find_element
    return self.execute(Command.FIND_ELEMENT, {
  File "C:\Users\kai\PycharmProjects\pythonProject\venv\lib\site-packages\selenium\webdriver\remote\webdriver.py", line 321, in execute
    self.error_handler.check_response(response)
  File "C:\Users\kai\PycharmProjects\pythonProject\venv\lib\site-packages\selenium\webdriver\remote\errorhandler.py", line 241, in check_response
    raise exception_class(message, screen, stacktrace, alert_text)
selenium.common.exceptions.UnexpectedAlertPresentException: Alert Text: 종료일자가 올바른 형식이 아닙니다.
올바른 형식: YYYYY-MM-DD
Message: unexpected alert open: {Alert text : 종료일자가 올바른 형식이 아닙니다.
올바른 형식: YYYYY-MM-DD}
  (Session info: chrome=92.0.4515.131)

2021-08-10 15:13_000020_동화약품
Traceback (most recent call last):
  File "C:\Users\kai\PycharmProjects\pythonProject\noname\noname\spiders\big_kinds__news__spider.py", line 246, in big_kinds_news_scraping
    raise Exception("엑셀 파일 다운 대기 시간 초과.")
Exception: 엑셀 파일 다운 대기 시간 초과.
2021-08-10 15:14_000020_동화약품
Traceback (most recent call last):
  File "C:\Users\kai\PycharmProjects\pythonProject\noname\noname\spiders\big_kinds__news__spider.py", line 136, in big_kinds_news_scraping
    temp_button = self.driver.find_element_by_xpath(
  File "C:\Users\kai\PycharmProjects\pythonProject\venv\lib\site-packages\selenium\webdriver\remote\webdriver.py", line 394, in find_element_by_xpath
    return self.find_element(by=By.XPATH, value=xpath)
  File "C:\Users\kai\PycharmProjects\pythonProject\venv\lib\site-packages\selenium\webdriver\remote\webdriver.py", line 976, in find_element
    return self.execute(Command.FIND_ELEMENT, {
  File "C:\Users\kai\PycharmProjects\pythonProject\venv\lib\site-packages\selenium\webdriver\remote\webdriver.py", line 321, in execute
    self.error_handler.check_response(response)
  File "C:\Users\kai\PycharmProjects\pythonProject\venv\lib\site-packages\selenium\webdriver\remote\errorhandler.py", line 242, in check_response
    raise exception_class(message, screen, stacktrace)
selenium.common.exceptions.NoSuchElementException: Message: no such element: Unable to locate element: {"method":"xpath","selector":"//div[@id='collapse-step-1-body']//div[contains(@class,'srch-detail')]//div[contains(@class,'tab-btn-wp1')]//a[contains(@class,'tab-btn') and contains(text(),'기간')]"}
  (Session info: chrome=92.0.4515.131)

