2021-07-17 00:01_270870_뉴트리
Traceback (most recent call last):
  File "C:\Users\kai\PycharmProjects\pythonProject\noname\noname\spiders\noname_spider.py", line 274, in company_scrapy
    button = self.driver.find_element_by_xpath(
  File "c:\users\kai\pycharmprojects\pythonproject\venv\lib\site-packages\selenium\webdriver\remote\webdriver.py", line 394, in find_element_by_xpath
    return self.find_element(by=By.XPATH, value=xpath)
  File "c:\users\kai\pycharmprojects\pythonproject\venv\lib\site-packages\selenium\webdriver\remote\webdriver.py", line 976, in find_element
    return self.execute(Command.FIND_ELEMENT, {
  File "c:\users\kai\pycharmprojects\pythonproject\venv\lib\site-packages\selenium\webdriver\remote\webdriver.py", line 321, in execute
    self.error_handler.check_response(response)
  File "c:\users\kai\pycharmprojects\pythonproject\venv\lib\site-packages\selenium\webdriver\remote\errorhandler.py", line 242, in check_response
    raise exception_class(message, screen, stacktrace)
selenium.common.exceptions.NoSuchElementException: Message: no such element: Unable to locate element: {"method":"xpath","selector":"//div[@id='root']/div/div[contains(@class,'deepsesarch-dropdown-items')]/div[1]"}
  (Session info: chrome=91.0.4472.124)

2021-07-17 00:05_272110_케이엔제이
Traceback (most recent call last):
  File "C:\Users\kai\PycharmProjects\pythonProject\noname\noname\spiders\noname_spider.py", line 274, in company_scrapy
    button = self.driver.find_element_by_xpath(
  File "c:\users\kai\pycharmprojects\pythonproject\venv\lib\site-packages\selenium\webdriver\remote\webdriver.py", line 394, in find_element_by_xpath
    return self.find_element(by=By.XPATH, value=xpath)
  File "c:\users\kai\pycharmprojects\pythonproject\venv\lib\site-packages\selenium\webdriver\remote\webdriver.py", line 976, in find_element
    return self.execute(Command.FIND_ELEMENT, {
  File "c:\users\kai\pycharmprojects\pythonproject\venv\lib\site-packages\selenium\webdriver\remote\webdriver.py", line 321, in execute
    self.error_handler.check_response(response)
  File "c:\users\kai\pycharmprojects\pythonproject\venv\lib\site-packages\selenium\webdriver\remote\errorhandler.py", line 242, in check_response
    raise exception_class(message, screen, stacktrace)
selenium.common.exceptions.NoSuchElementException: Message: no such element: Unable to locate element: {"method":"xpath","selector":"//div[@id='root']/div/div[contains(@class,'deepsesarch-dropdown-items')]/div[1]"}
  (Session info: chrome=91.0.4472.124)

2021-07-17 00:08_272290_이녹스첨단소재
Traceback (most recent call last):
  File "C:\Users\kai\PycharmProjects\pythonProject\noname\noname\spiders\noname_spider.py", line 274, in company_scrapy
    button = self.driver.find_element_by_xpath(
  File "c:\users\kai\pycharmprojects\pythonproject\venv\lib\site-packages\selenium\webdriver\remote\webdriver.py", line 394, in find_element_by_xpath
    return self.find_element(by=By.XPATH, value=xpath)
  File "c:\users\kai\pycharmprojects\pythonproject\venv\lib\site-packages\selenium\webdriver\remote\webdriver.py", line 976, in find_element
    return self.execute(Command.FIND_ELEMENT, {
  File "c:\users\kai\pycharmprojects\pythonproject\venv\lib\site-packages\selenium\webdriver\remote\webdriver.py", line 321, in execute
    self.error_handler.check_response(response)
  File "c:\users\kai\pycharmprojects\pythonproject\venv\lib\site-packages\selenium\webdriver\remote\errorhandler.py", line 242, in check_response
    raise exception_class(message, screen, stacktrace)
selenium.common.exceptions.NoSuchElementException: Message: no such element: Unable to locate element: {"method":"xpath","selector":"//div[@id='root']/div/div[contains(@class,'deepsesarch-dropdown-items')]/div[1]"}
  (Session info: chrome=91.0.4472.124)

2021-07-17 00:12_274090_켄코아에어로스페이스
Traceback (most recent call last):
  File "C:\Users\kai\PycharmProjects\pythonProject\noname\noname\spiders\noname_spider.py", line 274, in company_scrapy
    button = self.driver.find_element_by_xpath(
  File "c:\users\kai\pycharmprojects\pythonproject\venv\lib\site-packages\selenium\webdriver\remote\webdriver.py", line 394, in find_element_by_xpath
    return self.find_element(by=By.XPATH, value=xpath)
  File "c:\users\kai\pycharmprojects\pythonproject\venv\lib\site-packages\selenium\webdriver\remote\webdriver.py", line 976, in find_element
    return self.execute(Command.FIND_ELEMENT, {
  File "c:\users\kai\pycharmprojects\pythonproject\venv\lib\site-packages\selenium\webdriver\remote\webdriver.py", line 321, in execute
    self.error_handler.check_response(response)
  File "c:\users\kai\pycharmprojects\pythonproject\venv\lib\site-packages\selenium\webdriver\remote\errorhandler.py", line 242, in check_response
    raise exception_class(message, screen, stacktrace)
selenium.common.exceptions.NoSuchElementException: Message: no such element: Unable to locate element: {"method":"xpath","selector":"//div[@id='root']/div/div[contains(@class,'deepsesarch-dropdown-items')]/div[1]"}
  (Session info: chrome=91.0.4472.124)

2021-07-17 00:14_275630_에스에스알
Traceback (most recent call last):
  File "C:\Users\kai\PycharmProjects\pythonProject\noname\noname\spiders\noname_spider.py", line 274, in company_scrapy
    button = self.driver.find_element_by_xpath(
  File "c:\users\kai\pycharmprojects\pythonproject\venv\lib\site-packages\selenium\webdriver\remote\webdriver.py", line 394, in find_element_by_xpath
    return self.find_element(by=By.XPATH, value=xpath)
  File "c:\users\kai\pycharmprojects\pythonproject\venv\lib\site-packages\selenium\webdriver\remote\webdriver.py", line 976, in find_element
    return self.execute(Command.FIND_ELEMENT, {
  File "c:\users\kai\pycharmprojects\pythonproject\venv\lib\site-packages\selenium\webdriver\remote\webdriver.py", line 321, in execute
    self.error_handler.check_response(response)
  File "c:\users\kai\pycharmprojects\pythonproject\venv\lib\site-packages\selenium\webdriver\remote\errorhandler.py", line 242, in check_response
    raise exception_class(message, screen, stacktrace)
selenium.common.exceptions.NoSuchElementException: Message: no such element: Unable to locate element: {"method":"xpath","selector":"//div[@id='root']/div/div[contains(@class,'deepsesarch-dropdown-items')]/div[1]"}
  (Session info: chrome=91.0.4472.124)

2021-07-17 00:17_276240_엘리비젼
Traceback (most recent call last):
  File "C:\Users\kai\PycharmProjects\pythonProject\noname\noname\spiders\noname_spider.py", line 274, in company_scrapy
    button = self.driver.find_element_by_xpath(
  File "c:\users\kai\pycharmprojects\pythonproject\venv\lib\site-packages\selenium\webdriver\remote\webdriver.py", line 394, in find_element_by_xpath
    return self.find_element(by=By.XPATH, value=xpath)
  File "c:\users\kai\pycharmprojects\pythonproject\venv\lib\site-packages\selenium\webdriver\remote\webdriver.py", line 976, in find_element
    return self.execute(Command.FIND_ELEMENT, {
  File "c:\users\kai\pycharmprojects\pythonproject\venv\lib\site-packages\selenium\webdriver\remote\webdriver.py", line 321, in execute
    self.error_handler.check_response(response)
  File "c:\users\kai\pycharmprojects\pythonproject\venv\lib\site-packages\selenium\webdriver\remote\errorhandler.py", line 242, in check_response
    raise exception_class(message, screen, stacktrace)
selenium.common.exceptions.NoSuchElementException: Message: no such element: Unable to locate element: {"method":"xpath","selector":"//div[@id='root']/div/div[contains(@class,'deepsesarch-dropdown-items')]/div[1]"}
  (Session info: chrome=91.0.4472.124)

2021-07-17 00:21_277070_린드먼아시아
Traceback (most recent call last):
  File "C:\Users\kai\PycharmProjects\pythonProject\noname\noname\spiders\noname_spider.py", line 274, in company_scrapy
    button = self.driver.find_element_by_xpath(
  File "c:\users\kai\pycharmprojects\pythonproject\venv\lib\site-packages\selenium\webdriver\remote\webdriver.py", line 394, in find_element_by_xpath
    return self.find_element(by=By.XPATH, value=xpath)
  File "c:\users\kai\pycharmprojects\pythonproject\venv\lib\site-packages\selenium\webdriver\remote\webdriver.py", line 976, in find_element
    return self.execute(Command.FIND_ELEMENT, {
  File "c:\users\kai\pycharmprojects\pythonproject\venv\lib\site-packages\selenium\webdriver\remote\webdriver.py", line 321, in execute
    self.error_handler.check_response(response)
  File "c:\users\kai\pycharmprojects\pythonproject\venv\lib\site-packages\selenium\webdriver\remote\errorhandler.py", line 242, in check_response
    raise exception_class(message, screen, stacktrace)
selenium.common.exceptions.NoSuchElementException: Message: no such element: Unable to locate element: {"method":"xpath","selector":"//div[@id='root']/div/div[contains(@class,'deepsesarch-dropdown-items')]/div[1]"}
  (Session info: chrome=91.0.4472.124)

2021-07-17 00:25_277810_레인보우로보틱스
Traceback (most recent call last):
  File "C:\Users\kai\PycharmProjects\pythonProject\noname\noname\spiders\noname_spider.py", line 274, in company_scrapy
    button = self.driver.find_element_by_xpath(
  File "c:\users\kai\pycharmprojects\pythonproject\venv\lib\site-packages\selenium\webdriver\remote\webdriver.py", line 394, in find_element_by_xpath
    return self.find_element(by=By.XPATH, value=xpath)
  File "c:\users\kai\pycharmprojects\pythonproject\venv\lib\site-packages\selenium\webdriver\remote\webdriver.py", line 976, in find_element
    return self.execute(Command.FIND_ELEMENT, {
  File "c:\users\kai\pycharmprojects\pythonproject\venv\lib\site-packages\selenium\webdriver\remote\webdriver.py", line 321, in execute
    self.error_handler.check_response(response)
  File "c:\users\kai\pycharmprojects\pythonproject\venv\lib\site-packages\selenium\webdriver\remote\errorhandler.py", line 242, in check_response
    raise exception_class(message, screen, stacktrace)
selenium.common.exceptions.NoSuchElementException: Message: no such element: Unable to locate element: {"method":"xpath","selector":"//div[@id='root']/div/div[contains(@class,'deepsesarch-dropdown-items')]/div[1]"}
  (Session info: chrome=91.0.4472.124)

2021-07-17 00:29_278280_천보
Traceback (most recent call last):
  File "C:\Users\kai\PycharmProjects\pythonProject\noname\noname\spiders\noname_spider.py", line 274, in company_scrapy
    button = self.driver.find_element_by_xpath(
  File "c:\users\kai\pycharmprojects\pythonproject\venv\lib\site-packages\selenium\webdriver\remote\webdriver.py", line 394, in find_element_by_xpath
    return self.find_element(by=By.XPATH, value=xpath)
  File "c:\users\kai\pycharmprojects\pythonproject\venv\lib\site-packages\selenium\webdriver\remote\webdriver.py", line 976, in find_element
    return self.execute(Command.FIND_ELEMENT, {
  File "c:\users\kai\pycharmprojects\pythonproject\venv\lib\site-packages\selenium\webdriver\remote\webdriver.py", line 321, in execute
    self.error_handler.check_response(response)
  File "c:\users\kai\pycharmprojects\pythonproject\venv\lib\site-packages\selenium\webdriver\remote\errorhandler.py", line 242, in check_response
    raise exception_class(message, screen, stacktrace)
selenium.common.exceptions.NoSuchElementException: Message: no such element: Unable to locate element: {"method":"xpath","selector":"//div[@id='root']/div/div[contains(@class,'deepsesarch-dropdown-items')]/div[1]"}
  (Session info: chrome=91.0.4472.124)

2021-07-17 00:31_278650_노터스
Traceback (most recent call last):
  File "C:\Users\kai\PycharmProjects\pythonProject\noname\noname\spiders\noname_spider.py", line 274, in company_scrapy
    button = self.driver.find_element_by_xpath(
  File "c:\users\kai\pycharmprojects\pythonproject\venv\lib\site-packages\selenium\webdriver\remote\webdriver.py", line 394, in find_element_by_xpath
    return self.find_element(by=By.XPATH, value=xpath)
  File "c:\users\kai\pycharmprojects\pythonproject\venv\lib\site-packages\selenium\webdriver\remote\webdriver.py", line 976, in find_element
    return self.execute(Command.FIND_ELEMENT, {
  File "c:\users\kai\pycharmprojects\pythonproject\venv\lib\site-packages\selenium\webdriver\remote\webdriver.py", line 321, in execute
    self.error_handler.check_response(response)
  File "c:\users\kai\pycharmprojects\pythonproject\venv\lib\site-packages\selenium\webdriver\remote\errorhandler.py", line 242, in check_response
    raise exception_class(message, screen, stacktrace)
selenium.common.exceptions.NoSuchElementException: Message: no such element: Unable to locate element: {"method":"xpath","selector":"//div[@id='root']/div/div[contains(@class,'deepsesarch-dropdown-items')]/div[1]"}
  (Session info: chrome=91.0.4472.124)

2021-07-17 00:39_281740_레이크머티리얼즈
Traceback (most recent call last):
  File "C:\Users\kai\PycharmProjects\pythonProject\noname\noname\spiders\noname_spider.py", line 274, in company_scrapy
    button = self.driver.find_element_by_xpath(
  File "c:\users\kai\pycharmprojects\pythonproject\venv\lib\site-packages\selenium\webdriver\remote\webdriver.py", line 394, in find_element_by_xpath
    return self.find_element(by=By.XPATH, value=xpath)
  File "c:\users\kai\pycharmprojects\pythonproject\venv\lib\site-packages\selenium\webdriver\remote\webdriver.py", line 976, in find_element
    return self.execute(Command.FIND_ELEMENT, {
  File "c:\users\kai\pycharmprojects\pythonproject\venv\lib\site-packages\selenium\webdriver\remote\webdriver.py", line 321, in execute
    self.error_handler.check_response(response)
  File "c:\users\kai\pycharmprojects\pythonproject\venv\lib\site-packages\selenium\webdriver\remote\errorhandler.py", line 242, in check_response
    raise exception_class(message, screen, stacktrace)
selenium.common.exceptions.NoSuchElementException: Message: no such element: Unable to locate element: {"method":"xpath","selector":"//div[@id='root']/div/div[contains(@class,'deepsesarch-dropdown-items')]/div[1]"}
  (Session info: chrome=91.0.4472.124)

2021-07-17 00:55_288490_나라소프트
Traceback (most recent call last):
  File "C:\Users\kai\PycharmProjects\pythonProject\noname\noname\spiders\noname_spider.py", line 274, in company_scrapy
    button = self.driver.find_element_by_xpath(
  File "c:\users\kai\pycharmprojects\pythonproject\venv\lib\site-packages\selenium\webdriver\remote\webdriver.py", line 394, in find_element_by_xpath
    return self.find_element(by=By.XPATH, value=xpath)
  File "c:\users\kai\pycharmprojects\pythonproject\venv\lib\site-packages\selenium\webdriver\remote\webdriver.py", line 976, in find_element
    return self.execute(Command.FIND_ELEMENT, {
  File "c:\users\kai\pycharmprojects\pythonproject\venv\lib\site-packages\selenium\webdriver\remote\webdriver.py", line 321, in execute
    self.error_handler.check_response(response)
  File "c:\users\kai\pycharmprojects\pythonproject\venv\lib\site-packages\selenium\webdriver\remote\errorhandler.py", line 242, in check_response
    raise exception_class(message, screen, stacktrace)
selenium.common.exceptions.NoSuchElementException: Message: no such element: Unable to locate element: {"method":"xpath","selector":"//div[@id='root']/div/div[contains(@class,'deepsesarch-dropdown-items')]/div[1]"}
  (Session info: chrome=91.0.4472.124)

2021-07-17 00:59_289010_아이스크림에듀
Traceback (most recent call last):
  File "C:\Users\kai\PycharmProjects\pythonProject\noname\noname\spiders\noname_spider.py", line 274, in company_scrapy
    button = self.driver.find_element_by_xpath(
  File "c:\users\kai\pycharmprojects\pythonproject\venv\lib\site-packages\selenium\webdriver\remote\webdriver.py", line 394, in find_element_by_xpath
    return self.find_element(by=By.XPATH, value=xpath)
  File "c:\users\kai\pycharmprojects\pythonproject\venv\lib\site-packages\selenium\webdriver\remote\webdriver.py", line 976, in find_element
    return self.execute(Command.FIND_ELEMENT, {
  File "c:\users\kai\pycharmprojects\pythonproject\venv\lib\site-packages\selenium\webdriver\remote\webdriver.py", line 321, in execute
    self.error_handler.check_response(response)
  File "c:\users\kai\pycharmprojects\pythonproject\venv\lib\site-packages\selenium\webdriver\remote\errorhandler.py", line 242, in check_response
    raise exception_class(message, screen, stacktrace)
selenium.common.exceptions.NoSuchElementException: Message: no such element: Unable to locate element: {"method":"xpath","selector":"//div[@id='root']/div/div[contains(@class,'deepsesarch-dropdown-items')]/div[1]"}
  (Session info: chrome=91.0.4472.124)

2021-07-17 01:03_289220_자이언트스텝
Traceback (most recent call last):
  File "C:\Users\kai\PycharmProjects\pythonProject\noname\noname\spiders\noname_spider.py", line 274, in company_scrapy
    button = self.driver.find_element_by_xpath(
  File "c:\users\kai\pycharmprojects\pythonproject\venv\lib\site-packages\selenium\webdriver\remote\webdriver.py", line 394, in find_element_by_xpath
    return self.find_element(by=By.XPATH, value=xpath)
  File "c:\users\kai\pycharmprojects\pythonproject\venv\lib\site-packages\selenium\webdriver\remote\webdriver.py", line 976, in find_element
    return self.execute(Command.FIND_ELEMENT, {
  File "c:\users\kai\pycharmprojects\pythonproject\venv\lib\site-packages\selenium\webdriver\remote\webdriver.py", line 321, in execute
    self.error_handler.check_response(response)
  File "c:\users\kai\pycharmprojects\pythonproject\venv\lib\site-packages\selenium\webdriver\remote\errorhandler.py", line 242, in check_response
    raise exception_class(message, screen, stacktrace)
selenium.common.exceptions.NoSuchElementException: Message: no such element: Unable to locate element: {"method":"xpath","selector":"//div[@id='root']/div/div[contains(@class,'deepsesarch-dropdown-items')]/div[1]"}
  (Session info: chrome=91.0.4472.124)

2021-07-17 01:10_290510_코리아센터
Traceback (most recent call last):
  File "C:\Users\kai\PycharmProjects\pythonProject\noname\noname\spiders\noname_spider.py", line 274, in company_scrapy
    button = self.driver.find_element_by_xpath(
  File "c:\users\kai\pycharmprojects\pythonproject\venv\lib\site-packages\selenium\webdriver\remote\webdriver.py", line 394, in find_element_by_xpath
    return self.find_element(by=By.XPATH, value=xpath)
  File "c:\users\kai\pycharmprojects\pythonproject\venv\lib\site-packages\selenium\webdriver\remote\webdriver.py", line 976, in find_element
    return self.execute(Command.FIND_ELEMENT, {
  File "c:\users\kai\pycharmprojects\pythonproject\venv\lib\site-packages\selenium\webdriver\remote\webdriver.py", line 321, in execute
    self.error_handler.check_response(response)
  File "c:\users\kai\pycharmprojects\pythonproject\venv\lib\site-packages\selenium\webdriver\remote\errorhandler.py", line 242, in check_response
    raise exception_class(message, screen, stacktrace)
selenium.common.exceptions.NoSuchElementException: Message: no such element: Unable to locate element: {"method":"xpath","selector":"//div[@id='root']/div/div[contains(@class,'deepsesarch-dropdown-items')]/div[1]"}
  (Session info: chrome=91.0.4472.124)

2021-07-17 01:17_290660_네오펙트
Traceback (most recent call last):
  File "C:\Users\kai\PycharmProjects\pythonProject\noname\noname\spiders\noname_spider.py", line 274, in company_scrapy
    button = self.driver.find_element_by_xpath(
  File "c:\users\kai\pycharmprojects\pythonproject\venv\lib\site-packages\selenium\webdriver\remote\webdriver.py", line 394, in find_element_by_xpath
    return self.find_element(by=By.XPATH, value=xpath)
  File "c:\users\kai\pycharmprojects\pythonproject\venv\lib\site-packages\selenium\webdriver\remote\webdriver.py", line 976, in find_element
    return self.execute(Command.FIND_ELEMENT, {
  File "c:\users\kai\pycharmprojects\pythonproject\venv\lib\site-packages\selenium\webdriver\remote\webdriver.py", line 321, in execute
    self.error_handler.check_response(response)
  File "c:\users\kai\pycharmprojects\pythonproject\venv\lib\site-packages\selenium\webdriver\remote\errorhandler.py", line 242, in check_response
    raise exception_class(message, screen, stacktrace)
selenium.common.exceptions.NoSuchElementException: Message: no such element: Unable to locate element: {"method":"xpath","selector":"//div[@id='root']/div/div[contains(@class,'deepsesarch-dropdown-items')]/div[1]"}
  (Session info: chrome=91.0.4472.124)

2021-07-17 01:19_290670_대보마그네틱
Traceback (most recent call last):
  File "C:\Users\kai\PycharmProjects\pythonProject\noname\noname\spiders\noname_spider.py", line 274, in company_scrapy
    button = self.driver.find_element_by_xpath(
  File "c:\users\kai\pycharmprojects\pythonproject\venv\lib\site-packages\selenium\webdriver\remote\webdriver.py", line 394, in find_element_by_xpath
    return self.find_element(by=By.XPATH, value=xpath)
  File "c:\users\kai\pycharmprojects\pythonproject\venv\lib\site-packages\selenium\webdriver\remote\webdriver.py", line 976, in find_element
    return self.execute(Command.FIND_ELEMENT, {
  File "c:\users\kai\pycharmprojects\pythonproject\venv\lib\site-packages\selenium\webdriver\remote\webdriver.py", line 321, in execute
    self.error_handler.check_response(response)
  File "c:\users\kai\pycharmprojects\pythonproject\venv\lib\site-packages\selenium\webdriver\remote\errorhandler.py", line 242, in check_response
    raise exception_class(message, screen, stacktrace)
selenium.common.exceptions.NoSuchElementException: Message: no such element: Unable to locate element: {"method":"xpath","selector":"//div[@id='root']/div/div[contains(@class,'deepsesarch-dropdown-items')]/div[1]"}
  (Session info: chrome=91.0.4472.124)

2021-07-17 01:22_290690_소룩스
Traceback (most recent call last):
  File "C:\Users\kai\PycharmProjects\pythonProject\noname\noname\spiders\noname_spider.py", line 274, in company_scrapy
    button = self.driver.find_element_by_xpath(
  File "c:\users\kai\pycharmprojects\pythonproject\venv\lib\site-packages\selenium\webdriver\remote\webdriver.py", line 394, in find_element_by_xpath
    return self.find_element(by=By.XPATH, value=xpath)
  File "c:\users\kai\pycharmprojects\pythonproject\venv\lib\site-packages\selenium\webdriver\remote\webdriver.py", line 976, in find_element
    return self.execute(Command.FIND_ELEMENT, {
  File "c:\users\kai\pycharmprojects\pythonproject\venv\lib\site-packages\selenium\webdriver\remote\webdriver.py", line 321, in execute
    self.error_handler.check_response(response)
  File "c:\users\kai\pycharmprojects\pythonproject\venv\lib\site-packages\selenium\webdriver\remote\errorhandler.py", line 242, in check_response
    raise exception_class(message, screen, stacktrace)
selenium.common.exceptions.NoSuchElementException: Message: no such element: Unable to locate element: {"method":"xpath","selector":"//div[@id='root']/div/div[contains(@class,'deepsesarch-dropdown-items')]/div[1]"}
  (Session info: chrome=91.0.4472.124)

2021-07-17 01:24_290720_푸드나무
Traceback (most recent call last):
  File "C:\Users\kai\PycharmProjects\pythonProject\noname\noname\spiders\noname_spider.py", line 274, in company_scrapy
    button = self.driver.find_element_by_xpath(
  File "c:\users\kai\pycharmprojects\pythonproject\venv\lib\site-packages\selenium\webdriver\remote\webdriver.py", line 394, in find_element_by_xpath
    return self.find_element(by=By.XPATH, value=xpath)
  File "c:\users\kai\pycharmprojects\pythonproject\venv\lib\site-packages\selenium\webdriver\remote\webdriver.py", line 976, in find_element
    return self.execute(Command.FIND_ELEMENT, {
  File "c:\users\kai\pycharmprojects\pythonproject\venv\lib\site-packages\selenium\webdriver\remote\webdriver.py", line 321, in execute
    self.error_handler.check_response(response)
  File "c:\users\kai\pycharmprojects\pythonproject\venv\lib\site-packages\selenium\webdriver\remote\errorhandler.py", line 242, in check_response
    raise exception_class(message, screen, stacktrace)
selenium.common.exceptions.NoSuchElementException: Message: no such element: Unable to locate element: {"method":"xpath","selector":"//div[@id='root']/div/div[contains(@class,'deepsesarch-dropdown-items')]/div[1]"}
  (Session info: chrome=91.0.4472.124)

2021-07-17 01:27_290740_액트로
Traceback (most recent call last):
  File "C:\Users\kai\PycharmProjects\pythonProject\noname\noname\spiders\noname_spider.py", line 274, in company_scrapy
    button = self.driver.find_element_by_xpath(
  File "c:\users\kai\pycharmprojects\pythonproject\venv\lib\site-packages\selenium\webdriver\remote\webdriver.py", line 394, in find_element_by_xpath
    return self.find_element(by=By.XPATH, value=xpath)
  File "c:\users\kai\pycharmprojects\pythonproject\venv\lib\site-packages\selenium\webdriver\remote\webdriver.py", line 976, in find_element
    return self.execute(Command.FIND_ELEMENT, {
  File "c:\users\kai\pycharmprojects\pythonproject\venv\lib\site-packages\selenium\webdriver\remote\webdriver.py", line 321, in execute
    self.error_handler.check_response(response)
  File "c:\users\kai\pycharmprojects\pythonproject\venv\lib\site-packages\selenium\webdriver\remote\errorhandler.py", line 242, in check_response
    raise exception_class(message, screen, stacktrace)
selenium.common.exceptions.NoSuchElementException: Message: no such element: Unable to locate element: {"method":"xpath","selector":"//div[@id='root']/div/div[contains(@class,'deepsesarch-dropdown-items')]/div[1]"}
  (Session info: chrome=91.0.4472.124)

2021-07-17 01:32_293490_카카오게임즈
Traceback (most recent call last):
  File "C:\Users\kai\PycharmProjects\pythonProject\noname\noname\spiders\noname_spider.py", line 274, in company_scrapy
    button = self.driver.find_element_by_xpath(
  File "c:\users\kai\pycharmprojects\pythonproject\venv\lib\site-packages\selenium\webdriver\remote\webdriver.py", line 394, in find_element_by_xpath
    return self.find_element(by=By.XPATH, value=xpath)
  File "c:\users\kai\pycharmprojects\pythonproject\venv\lib\site-packages\selenium\webdriver\remote\webdriver.py", line 976, in find_element
    return self.execute(Command.FIND_ELEMENT, {
  File "c:\users\kai\pycharmprojects\pythonproject\venv\lib\site-packages\selenium\webdriver\remote\webdriver.py", line 321, in execute
    self.error_handler.check_response(response)
  File "c:\users\kai\pycharmprojects\pythonproject\venv\lib\site-packages\selenium\webdriver\remote\errorhandler.py", line 242, in check_response
    raise exception_class(message, screen, stacktrace)
selenium.common.exceptions.NoSuchElementException: Message: no such element: Unable to locate element: {"method":"xpath","selector":"//div[@id='root']/div/div[contains(@class,'deepsesarch-dropdown-items')]/div[1]"}
  (Session info: chrome=91.0.4472.124)

2021-07-17 01:36_293780_압타바이오
Traceback (most recent call last):
  File "C:\Users\kai\PycharmProjects\pythonProject\noname\noname\spiders\noname_spider.py", line 274, in company_scrapy
    button = self.driver.find_element_by_xpath(
  File "c:\users\kai\pycharmprojects\pythonproject\venv\lib\site-packages\selenium\webdriver\remote\webdriver.py", line 394, in find_element_by_xpath
    return self.find_element(by=By.XPATH, value=xpath)
  File "c:\users\kai\pycharmprojects\pythonproject\venv\lib\site-packages\selenium\webdriver\remote\webdriver.py", line 976, in find_element
    return self.execute(Command.FIND_ELEMENT, {
  File "c:\users\kai\pycharmprojects\pythonproject\venv\lib\site-packages\selenium\webdriver\remote\webdriver.py", line 321, in execute
    self.error_handler.check_response(response)
  File "c:\users\kai\pycharmprojects\pythonproject\venv\lib\site-packages\selenium\webdriver\remote\errorhandler.py", line 242, in check_response
    raise exception_class(message, screen, stacktrace)
selenium.common.exceptions.NoSuchElementException: Message: no such element: Unable to locate element: {"method":"xpath","selector":"//div[@id='root']/div/div[contains(@class,'deepsesarch-dropdown-items')]/div[1]"}
  (Session info: chrome=91.0.4472.124)

2021-07-17 01:38_294090_이오플로우
Traceback (most recent call last):
  File "C:\Users\kai\PycharmProjects\pythonProject\noname\noname\spiders\noname_spider.py", line 274, in company_scrapy
    button = self.driver.find_element_by_xpath(
  File "c:\users\kai\pycharmprojects\pythonproject\venv\lib\site-packages\selenium\webdriver\remote\webdriver.py", line 394, in find_element_by_xpath
    return self.find_element(by=By.XPATH, value=xpath)
  File "c:\users\kai\pycharmprojects\pythonproject\venv\lib\site-packages\selenium\webdriver\remote\webdriver.py", line 976, in find_element
    return self.execute(Command.FIND_ELEMENT, {
  File "c:\users\kai\pycharmprojects\pythonproject\venv\lib\site-packages\selenium\webdriver\remote\webdriver.py", line 321, in execute
    self.error_handler.check_response(response)
  File "c:\users\kai\pycharmprojects\pythonproject\venv\lib\site-packages\selenium\webdriver\remote\errorhandler.py", line 242, in check_response
    raise exception_class(message, screen, stacktrace)
selenium.common.exceptions.NoSuchElementException: Message: no such element: Unable to locate element: {"method":"xpath","selector":"//div[@id='root']/div/div[contains(@class,'deepsesarch-dropdown-items')]/div[1]"}
  (Session info: chrome=91.0.4472.124)

2021-07-17 01:41_294140_레몬
Traceback (most recent call last):
  File "C:\Users\kai\PycharmProjects\pythonProject\noname\noname\spiders\noname_spider.py", line 274, in company_scrapy
    button = self.driver.find_element_by_xpath(
  File "c:\users\kai\pycharmprojects\pythonproject\venv\lib\site-packages\selenium\webdriver\remote\webdriver.py", line 394, in find_element_by_xpath
    return self.find_element(by=By.XPATH, value=xpath)
  File "c:\users\kai\pycharmprojects\pythonproject\venv\lib\site-packages\selenium\webdriver\remote\webdriver.py", line 976, in find_element
    return self.execute(Command.FIND_ELEMENT, {
  File "c:\users\kai\pycharmprojects\pythonproject\venv\lib\site-packages\selenium\webdriver\remote\webdriver.py", line 321, in execute
    self.error_handler.check_response(response)
  File "c:\users\kai\pycharmprojects\pythonproject\venv\lib\site-packages\selenium\webdriver\remote\errorhandler.py", line 242, in check_response
    raise exception_class(message, screen, stacktrace)
selenium.common.exceptions.NoSuchElementException: Message: no such element: Unable to locate element: {"method":"xpath","selector":"//div[@id='root']/div/div[contains(@class,'deepsesarch-dropdown-items')]/div[1]"}
  (Session info: chrome=91.0.4472.124)

2021-07-17 01:44_294570_쿠콘
Traceback (most recent call last):
  File "C:\Users\kai\PycharmProjects\pythonProject\noname\noname\spiders\noname_spider.py", line 274, in company_scrapy
    button = self.driver.find_element_by_xpath(
  File "c:\users\kai\pycharmprojects\pythonproject\venv\lib\site-packages\selenium\webdriver\remote\webdriver.py", line 394, in find_element_by_xpath
    return self.find_element(by=By.XPATH, value=xpath)
  File "c:\users\kai\pycharmprojects\pythonproject\venv\lib\site-packages\selenium\webdriver\remote\webdriver.py", line 976, in find_element
    return self.execute(Command.FIND_ELEMENT, {
  File "c:\users\kai\pycharmprojects\pythonproject\venv\lib\site-packages\selenium\webdriver\remote\webdriver.py", line 321, in execute
    self.error_handler.check_response(response)
  File "c:\users\kai\pycharmprojects\pythonproject\venv\lib\site-packages\selenium\webdriver\remote\errorhandler.py", line 242, in check_response
    raise exception_class(message, screen, stacktrace)
selenium.common.exceptions.NoSuchElementException: Message: no such element: Unable to locate element: {"method":"xpath","selector":"//div[@id='root']/div/div[contains(@class,'deepsesarch-dropdown-items')]/div[1]"}
  (Session info: chrome=91.0.4472.124)

2021-07-17 01:48_297090_씨에스베어링
Traceback (most recent call last):
  File "C:\Users\kai\PycharmProjects\pythonProject\noname\noname\spiders\noname_spider.py", line 274, in company_scrapy
    button = self.driver.find_element_by_xpath(
  File "c:\users\kai\pycharmprojects\pythonproject\venv\lib\site-packages\selenium\webdriver\remote\webdriver.py", line 394, in find_element_by_xpath
    return self.find_element(by=By.XPATH, value=xpath)
  File "c:\users\kai\pycharmprojects\pythonproject\venv\lib\site-packages\selenium\webdriver\remote\webdriver.py", line 976, in find_element
    return self.execute(Command.FIND_ELEMENT, {
  File "c:\users\kai\pycharmprojects\pythonproject\venv\lib\site-packages\selenium\webdriver\remote\webdriver.py", line 321, in execute
    self.error_handler.check_response(response)
  File "c:\users\kai\pycharmprojects\pythonproject\venv\lib\site-packages\selenium\webdriver\remote\errorhandler.py", line 242, in check_response
    raise exception_class(message, screen, stacktrace)
selenium.common.exceptions.NoSuchElementException: Message: no such element: Unable to locate element: {"method":"xpath","selector":"//div[@id='root']/div/div[contains(@class,'deepsesarch-dropdown-items')]/div[1]"}
  (Session info: chrome=91.0.4472.124)

2021-07-17 01:53_298060_에스씨엠생명과학
Traceback (most recent call last):
  File "C:\Users\kai\PycharmProjects\pythonProject\noname\noname\spiders\noname_spider.py", line 274, in company_scrapy
    button = self.driver.find_element_by_xpath(
  File "c:\users\kai\pycharmprojects\pythonproject\venv\lib\site-packages\selenium\webdriver\remote\webdriver.py", line 394, in find_element_by_xpath
    return self.find_element(by=By.XPATH, value=xpath)
  File "c:\users\kai\pycharmprojects\pythonproject\venv\lib\site-packages\selenium\webdriver\remote\webdriver.py", line 976, in find_element
    return self.execute(Command.FIND_ELEMENT, {
  File "c:\users\kai\pycharmprojects\pythonproject\venv\lib\site-packages\selenium\webdriver\remote\webdriver.py", line 321, in execute
    self.error_handler.check_response(response)
  File "c:\users\kai\pycharmprojects\pythonproject\venv\lib\site-packages\selenium\webdriver\remote\errorhandler.py", line 242, in check_response
    raise exception_class(message, screen, stacktrace)
selenium.common.exceptions.NoSuchElementException: Message: no such element: Unable to locate element: {"method":"xpath","selector":"//div[@id='root']/div/div[contains(@class,'deepsesarch-dropdown-items')]/div[1]"}
  (Session info: chrome=91.0.4472.124)

2021-07-17 01:56_298380_에이비엘바이오
Traceback (most recent call last):
  File "C:\Users\kai\PycharmProjects\pythonProject\noname\noname\spiders\noname_spider.py", line 274, in company_scrapy
    button = self.driver.find_element_by_xpath(
  File "c:\users\kai\pycharmprojects\pythonproject\venv\lib\site-packages\selenium\webdriver\remote\webdriver.py", line 394, in find_element_by_xpath
    return self.find_element(by=By.XPATH, value=xpath)
  File "c:\users\kai\pycharmprojects\pythonproject\venv\lib\site-packages\selenium\webdriver\remote\webdriver.py", line 976, in find_element
    return self.execute(Command.FIND_ELEMENT, {
  File "c:\users\kai\pycharmprojects\pythonproject\venv\lib\site-packages\selenium\webdriver\remote\webdriver.py", line 321, in execute
    self.error_handler.check_response(response)
  File "c:\users\kai\pycharmprojects\pythonproject\venv\lib\site-packages\selenium\webdriver\remote\errorhandler.py", line 242, in check_response
    raise exception_class(message, screen, stacktrace)
selenium.common.exceptions.NoSuchElementException: Message: no such element: Unable to locate element: {"method":"xpath","selector":"//div[@id='root']/div/div[contains(@class,'deepsesarch-dropdown-items')]/div[1]"}
  (Session info: chrome=91.0.4472.124)

2021-07-17 01:59_299030_하나기술
Traceback (most recent call last):
  File "C:\Users\kai\PycharmProjects\pythonProject\noname\noname\spiders\noname_spider.py", line 274, in company_scrapy
    button = self.driver.find_element_by_xpath(
  File "c:\users\kai\pycharmprojects\pythonproject\venv\lib\site-packages\selenium\webdriver\remote\webdriver.py", line 394, in find_element_by_xpath
    return self.find_element(by=By.XPATH, value=xpath)
  File "c:\users\kai\pycharmprojects\pythonproject\venv\lib\site-packages\selenium\webdriver\remote\webdriver.py", line 976, in find_element
    return self.execute(Command.FIND_ELEMENT, {
  File "c:\users\kai\pycharmprojects\pythonproject\venv\lib\site-packages\selenium\webdriver\remote\webdriver.py", line 321, in execute
    self.error_handler.check_response(response)
  File "c:\users\kai\pycharmprojects\pythonproject\venv\lib\site-packages\selenium\webdriver\remote\errorhandler.py", line 242, in check_response
    raise exception_class(message, screen, stacktrace)
selenium.common.exceptions.NoSuchElementException: Message: no such element: Unable to locate element: {"method":"xpath","selector":"//div[@id='root']/div/div[contains(@class,'deepsesarch-dropdown-items')]/div[1]"}
  (Session info: chrome=91.0.4472.124)

2021-07-17 02:02_299170_더블유에스아이
Traceback (most recent call last):
  File "C:\Users\kai\PycharmProjects\pythonProject\noname\noname\spiders\noname_spider.py", line 274, in company_scrapy
    button = self.driver.find_element_by_xpath(
  File "c:\users\kai\pycharmprojects\pythonproject\venv\lib\site-packages\selenium\webdriver\remote\webdriver.py", line 394, in find_element_by_xpath
    return self.find_element(by=By.XPATH, value=xpath)
  File "c:\users\kai\pycharmprojects\pythonproject\venv\lib\site-packages\selenium\webdriver\remote\webdriver.py", line 976, in find_element
    return self.execute(Command.FIND_ELEMENT, {
  File "c:\users\kai\pycharmprojects\pythonproject\venv\lib\site-packages\selenium\webdriver\remote\webdriver.py", line 321, in execute
    self.error_handler.check_response(response)
  File "c:\users\kai\pycharmprojects\pythonproject\venv\lib\site-packages\selenium\webdriver\remote\errorhandler.py", line 242, in check_response
    raise exception_class(message, screen, stacktrace)
selenium.common.exceptions.NoSuchElementException: Message: no such element: Unable to locate element: {"method":"xpath","selector":"//div[@id='root']/div/div[contains(@class,'deepsesarch-dropdown-items')]/div[1]"}
  (Session info: chrome=91.0.4472.124)

2021-07-17 02:09_299900_위지윅스튜디오
Traceback (most recent call last):
  File "C:\Users\kai\PycharmProjects\pythonProject\noname\noname\spiders\noname_spider.py", line 274, in company_scrapy
    button = self.driver.find_element_by_xpath(
  File "c:\users\kai\pycharmprojects\pythonproject\venv\lib\site-packages\selenium\webdriver\remote\webdriver.py", line 394, in find_element_by_xpath
    return self.find_element(by=By.XPATH, value=xpath)
  File "c:\users\kai\pycharmprojects\pythonproject\venv\lib\site-packages\selenium\webdriver\remote\webdriver.py", line 976, in find_element
    return self.execute(Command.FIND_ELEMENT, {
  File "c:\users\kai\pycharmprojects\pythonproject\venv\lib\site-packages\selenium\webdriver\remote\webdriver.py", line 321, in execute
    self.error_handler.check_response(response)
  File "c:\users\kai\pycharmprojects\pythonproject\venv\lib\site-packages\selenium\webdriver\remote\errorhandler.py", line 242, in check_response
    raise exception_class(message, screen, stacktrace)
selenium.common.exceptions.NoSuchElementException: Message: no such element: Unable to locate element: {"method":"xpath","selector":"//div[@id='root']/div/div[contains(@class,'deepsesarch-dropdown-items')]/div[1]"}
  (Session info: chrome=91.0.4472.124)

2021-07-17 02:11_299910_베스파
Traceback (most recent call last):
  File "C:\Users\kai\PycharmProjects\pythonProject\noname\noname\spiders\noname_spider.py", line 274, in company_scrapy
    button = self.driver.find_element_by_xpath(
  File "c:\users\kai\pycharmprojects\pythonproject\venv\lib\site-packages\selenium\webdriver\remote\webdriver.py", line 394, in find_element_by_xpath
    return self.find_element(by=By.XPATH, value=xpath)
  File "c:\users\kai\pycharmprojects\pythonproject\venv\lib\site-packages\selenium\webdriver\remote\webdriver.py", line 976, in find_element
    return self.execute(Command.FIND_ELEMENT, {
  File "c:\users\kai\pycharmprojects\pythonproject\venv\lib\site-packages\selenium\webdriver\remote\webdriver.py", line 321, in execute
    self.error_handler.check_response(response)
  File "c:\users\kai\pycharmprojects\pythonproject\venv\lib\site-packages\selenium\webdriver\remote\errorhandler.py", line 242, in check_response
    raise exception_class(message, screen, stacktrace)
selenium.common.exceptions.NoSuchElementException: Message: no such element: Unable to locate element: {"method":"xpath","selector":"//div[@id='root']/div/div[contains(@class,'deepsesarch-dropdown-items')]/div[1]"}
  (Session info: chrome=91.0.4472.124)

2021-07-17 02:18_302430_이노메트리
Traceback (most recent call last):
  File "C:\Users\kai\PycharmProjects\pythonProject\noname\noname\spiders\noname_spider.py", line 274, in company_scrapy
    button = self.driver.find_element_by_xpath(
  File "c:\users\kai\pycharmprojects\pythonproject\venv\lib\site-packages\selenium\webdriver\remote\webdriver.py", line 394, in find_element_by_xpath
    return self.find_element(by=By.XPATH, value=xpath)
  File "c:\users\kai\pycharmprojects\pythonproject\venv\lib\site-packages\selenium\webdriver\remote\webdriver.py", line 976, in find_element
    return self.execute(Command.FIND_ELEMENT, {
  File "c:\users\kai\pycharmprojects\pythonproject\venv\lib\site-packages\selenium\webdriver\remote\webdriver.py", line 321, in execute
    self.error_handler.check_response(response)
  File "c:\users\kai\pycharmprojects\pythonproject\venv\lib\site-packages\selenium\webdriver\remote\errorhandler.py", line 242, in check_response
    raise exception_class(message, screen, stacktrace)
selenium.common.exceptions.NoSuchElementException: Message: no such element: Unable to locate element: {"method":"xpath","selector":"//div[@id='root']/div/div[contains(@class,'deepsesarch-dropdown-items')]/div[1]"}
  (Session info: chrome=91.0.4472.124)

2021-07-17 02:23_303030_지니틱스
Traceback (most recent call last):
  File "C:\Users\kai\PycharmProjects\pythonProject\noname\noname\spiders\noname_spider.py", line 274, in company_scrapy
    button = self.driver.find_element_by_xpath(
  File "c:\users\kai\pycharmprojects\pythonproject\venv\lib\site-packages\selenium\webdriver\remote\webdriver.py", line 394, in find_element_by_xpath
    return self.find_element(by=By.XPATH, value=xpath)
  File "c:\users\kai\pycharmprojects\pythonproject\venv\lib\site-packages\selenium\webdriver\remote\webdriver.py", line 976, in find_element
    return self.execute(Command.FIND_ELEMENT, {
  File "c:\users\kai\pycharmprojects\pythonproject\venv\lib\site-packages\selenium\webdriver\remote\webdriver.py", line 321, in execute
    self.error_handler.check_response(response)
  File "c:\users\kai\pycharmprojects\pythonproject\venv\lib\site-packages\selenium\webdriver\remote\errorhandler.py", line 242, in check_response
    raise exception_class(message, screen, stacktrace)
selenium.common.exceptions.NoSuchElementException: Message: no such element: Unable to locate element: {"method":"xpath","selector":"//div[@id='root']/div/div[contains(@class,'deepsesarch-dropdown-items')]/div[1]"}
  (Session info: chrome=91.0.4472.124)

2021-07-17 02:27_303530_이노뎁
Traceback (most recent call last):
  File "C:\Users\kai\PycharmProjects\pythonProject\noname\noname\spiders\noname_spider.py", line 274, in company_scrapy
    button = self.driver.find_element_by_xpath(
  File "c:\users\kai\pycharmprojects\pythonproject\venv\lib\site-packages\selenium\webdriver\remote\webdriver.py", line 394, in find_element_by_xpath
    return self.find_element(by=By.XPATH, value=xpath)
  File "c:\users\kai\pycharmprojects\pythonproject\venv\lib\site-packages\selenium\webdriver\remote\webdriver.py", line 976, in find_element
    return self.execute(Command.FIND_ELEMENT, {
  File "c:\users\kai\pycharmprojects\pythonproject\venv\lib\site-packages\selenium\webdriver\remote\webdriver.py", line 321, in execute
    self.error_handler.check_response(response)
  File "c:\users\kai\pycharmprojects\pythonproject\venv\lib\site-packages\selenium\webdriver\remote\errorhandler.py", line 242, in check_response
    raise exception_class(message, screen, stacktrace)
selenium.common.exceptions.NoSuchElementException: Message: no such element: Unable to locate element: {"method":"xpath","selector":"//div[@id='root']/div/div[contains(@class,'deepsesarch-dropdown-items')]/div[1]"}
  (Session info: chrome=91.0.4472.124)

2021-07-17 02:30_304100_솔트룩스
Traceback (most recent call last):
  File "C:\Users\kai\PycharmProjects\pythonProject\noname\noname\spiders\noname_spider.py", line 274, in company_scrapy
    button = self.driver.find_element_by_xpath(
  File "c:\users\kai\pycharmprojects\pythonproject\venv\lib\site-packages\selenium\webdriver\remote\webdriver.py", line 394, in find_element_by_xpath
    return self.find_element(by=By.XPATH, value=xpath)
  File "c:\users\kai\pycharmprojects\pythonproject\venv\lib\site-packages\selenium\webdriver\remote\webdriver.py", line 976, in find_element
    return self.execute(Command.FIND_ELEMENT, {
  File "c:\users\kai\pycharmprojects\pythonproject\venv\lib\site-packages\selenium\webdriver\remote\webdriver.py", line 321, in execute
    self.error_handler.check_response(response)
  File "c:\users\kai\pycharmprojects\pythonproject\venv\lib\site-packages\selenium\webdriver\remote\errorhandler.py", line 242, in check_response
    raise exception_class(message, screen, stacktrace)
selenium.common.exceptions.NoSuchElementException: Message: no such element: Unable to locate element: {"method":"xpath","selector":"//div[@id='root']/div/div[contains(@class,'deepsesarch-dropdown-items')]/div[1]"}
  (Session info: chrome=91.0.4472.124)

2021-07-17 02:32_304840_피플바이오
Traceback (most recent call last):
  File "C:\Users\kai\PycharmProjects\pythonProject\noname\noname\spiders\noname_spider.py", line 274, in company_scrapy
    button = self.driver.find_element_by_xpath(
  File "c:\users\kai\pycharmprojects\pythonproject\venv\lib\site-packages\selenium\webdriver\remote\webdriver.py", line 394, in find_element_by_xpath
    return self.find_element(by=By.XPATH, value=xpath)
  File "c:\users\kai\pycharmprojects\pythonproject\venv\lib\site-packages\selenium\webdriver\remote\webdriver.py", line 976, in find_element
    return self.execute(Command.FIND_ELEMENT, {
  File "c:\users\kai\pycharmprojects\pythonproject\venv\lib\site-packages\selenium\webdriver\remote\webdriver.py", line 321, in execute
    self.error_handler.check_response(response)
  File "c:\users\kai\pycharmprojects\pythonproject\venv\lib\site-packages\selenium\webdriver\remote\errorhandler.py", line 242, in check_response
    raise exception_class(message, screen, stacktrace)
selenium.common.exceptions.NoSuchElementException: Message: no such element: Unable to locate element: {"method":"xpath","selector":"//div[@id='root']/div/div[contains(@class,'deepsesarch-dropdown-items')]/div[1]"}
  (Session info: chrome=91.0.4472.124)

2021-07-17 02:35_305090_마이크로디지탈
Traceback (most recent call last):
  File "C:\Users\kai\PycharmProjects\pythonProject\noname\noname\spiders\noname_spider.py", line 274, in company_scrapy
    button = self.driver.find_element_by_xpath(
  File "c:\users\kai\pycharmprojects\pythonproject\venv\lib\site-packages\selenium\webdriver\remote\webdriver.py", line 394, in find_element_by_xpath
    return self.find_element(by=By.XPATH, value=xpath)
  File "c:\users\kai\pycharmprojects\pythonproject\venv\lib\site-packages\selenium\webdriver\remote\webdriver.py", line 976, in find_element
    return self.execute(Command.FIND_ELEMENT, {
  File "c:\users\kai\pycharmprojects\pythonproject\venv\lib\site-packages\selenium\webdriver\remote\webdriver.py", line 321, in execute
    self.error_handler.check_response(response)
  File "c:\users\kai\pycharmprojects\pythonproject\venv\lib\site-packages\selenium\webdriver\remote\errorhandler.py", line 242, in check_response
    raise exception_class(message, screen, stacktrace)
selenium.common.exceptions.NoSuchElementException: Message: no such element: Unable to locate element: {"method":"xpath","selector":"//div[@id='root']/div/div[contains(@class,'deepsesarch-dropdown-items')]/div[1]"}
  (Session info: chrome=91.0.4472.124)

2021-07-17 02:38_306040_에스제이그룹
Traceback (most recent call last):
  File "C:\Users\kai\PycharmProjects\pythonProject\noname\noname\spiders\noname_spider.py", line 274, in company_scrapy
    button = self.driver.find_element_by_xpath(
  File "c:\users\kai\pycharmprojects\pythonproject\venv\lib\site-packages\selenium\webdriver\remote\webdriver.py", line 394, in find_element_by_xpath
    return self.find_element(by=By.XPATH, value=xpath)
  File "c:\users\kai\pycharmprojects\pythonproject\venv\lib\site-packages\selenium\webdriver\remote\webdriver.py", line 976, in find_element
    return self.execute(Command.FIND_ELEMENT, {
  File "c:\users\kai\pycharmprojects\pythonproject\venv\lib\site-packages\selenium\webdriver\remote\webdriver.py", line 321, in execute
    self.error_handler.check_response(response)
  File "c:\users\kai\pycharmprojects\pythonproject\venv\lib\site-packages\selenium\webdriver\remote\errorhandler.py", line 242, in check_response
    raise exception_class(message, screen, stacktrace)
selenium.common.exceptions.NoSuchElementException: Message: no such element: Unable to locate element: {"method":"xpath","selector":"//div[@id='root']/div/div[contains(@class,'deepsesarch-dropdown-items')]/div[1]"}
  (Session info: chrome=91.0.4472.124)

2021-07-17 02:40_306620_네온테크
Traceback (most recent call last):
  File "C:\Users\kai\PycharmProjects\pythonProject\noname\noname\spiders\noname_spider.py", line 274, in company_scrapy
    button = self.driver.find_element_by_xpath(
  File "c:\users\kai\pycharmprojects\pythonproject\venv\lib\site-packages\selenium\webdriver\remote\webdriver.py", line 394, in find_element_by_xpath
    return self.find_element(by=By.XPATH, value=xpath)
  File "c:\users\kai\pycharmprojects\pythonproject\venv\lib\site-packages\selenium\webdriver\remote\webdriver.py", line 976, in find_element
    return self.execute(Command.FIND_ELEMENT, {
  File "c:\users\kai\pycharmprojects\pythonproject\venv\lib\site-packages\selenium\webdriver\remote\webdriver.py", line 321, in execute
    self.error_handler.check_response(response)
  File "c:\users\kai\pycharmprojects\pythonproject\venv\lib\site-packages\selenium\webdriver\remote\errorhandler.py", line 242, in check_response
    raise exception_class(message, screen, stacktrace)
selenium.common.exceptions.NoSuchElementException: Message: no such element: Unable to locate element: {"method":"xpath","selector":"//div[@id='root']/div/div[contains(@class,'deepsesarch-dropdown-items')]/div[1]"}
  (Session info: chrome=91.0.4472.124)

2021-07-17 02:44_307280_원바이오젠
Traceback (most recent call last):
  File "C:\Users\kai\PycharmProjects\pythonProject\noname\noname\spiders\noname_spider.py", line 274, in company_scrapy
    button = self.driver.find_element_by_xpath(
  File "c:\users\kai\pycharmprojects\pythonproject\venv\lib\site-packages\selenium\webdriver\remote\webdriver.py", line 394, in find_element_by_xpath
    return self.find_element(by=By.XPATH, value=xpath)
  File "c:\users\kai\pycharmprojects\pythonproject\venv\lib\site-packages\selenium\webdriver\remote\webdriver.py", line 976, in find_element
    return self.execute(Command.FIND_ELEMENT, {
  File "c:\users\kai\pycharmprojects\pythonproject\venv\lib\site-packages\selenium\webdriver\remote\webdriver.py", line 321, in execute
    self.error_handler.check_response(response)
  File "c:\users\kai\pycharmprojects\pythonproject\venv\lib\site-packages\selenium\webdriver\remote\errorhandler.py", line 242, in check_response
    raise exception_class(message, screen, stacktrace)
selenium.common.exceptions.NoSuchElementException: Message: no such element: Unable to locate element: {"method":"xpath","selector":"//div[@id='root']/div/div[contains(@class,'deepsesarch-dropdown-items')]/div[1]"}
  (Session info: chrome=91.0.4472.124)

2021-07-17 02:48_307870_상상인이안1호스팩
Traceback (most recent call last):
  File "C:\Users\kai\PycharmProjects\pythonProject\noname\noname\spiders\noname_spider.py", line 274, in company_scrapy
    button = self.driver.find_element_by_xpath(
  File "c:\users\kai\pycharmprojects\pythonproject\venv\lib\site-packages\selenium\webdriver\remote\webdriver.py", line 394, in find_element_by_xpath
    return self.find_element(by=By.XPATH, value=xpath)
  File "c:\users\kai\pycharmprojects\pythonproject\venv\lib\site-packages\selenium\webdriver\remote\webdriver.py", line 976, in find_element
    return self.execute(Command.FIND_ELEMENT, {
  File "c:\users\kai\pycharmprojects\pythonproject\venv\lib\site-packages\selenium\webdriver\remote\webdriver.py", line 321, in execute
    self.error_handler.check_response(response)
  File "c:\users\kai\pycharmprojects\pythonproject\venv\lib\site-packages\selenium\webdriver\remote\errorhandler.py", line 242, in check_response
    raise exception_class(message, screen, stacktrace)
selenium.common.exceptions.NoSuchElementException: Message: no such element: Unable to locate element: {"method":"xpath","selector":"//div[@id='root']/div/div[contains(@class,'deepsesarch-dropdown-items')]/div[1]"}
  (Session info: chrome=91.0.4472.124)

2021-07-17 02:50_307930_컴퍼니케이
Traceback (most recent call last):
  File "C:\Users\kai\PycharmProjects\pythonProject\noname\noname\spiders\noname_spider.py", line 274, in company_scrapy
    button = self.driver.find_element_by_xpath(
  File "c:\users\kai\pycharmprojects\pythonproject\venv\lib\site-packages\selenium\webdriver\remote\webdriver.py", line 394, in find_element_by_xpath
    return self.find_element(by=By.XPATH, value=xpath)
  File "c:\users\kai\pycharmprojects\pythonproject\venv\lib\site-packages\selenium\webdriver\remote\webdriver.py", line 976, in find_element
    return self.execute(Command.FIND_ELEMENT, {
  File "c:\users\kai\pycharmprojects\pythonproject\venv\lib\site-packages\selenium\webdriver\remote\webdriver.py", line 321, in execute
    self.error_handler.check_response(response)
  File "c:\users\kai\pycharmprojects\pythonproject\venv\lib\site-packages\selenium\webdriver\remote\errorhandler.py", line 242, in check_response
    raise exception_class(message, screen, stacktrace)
selenium.common.exceptions.NoSuchElementException: Message: no such element: Unable to locate element: {"method":"xpath","selector":"//div[@id='root']/div/div[contains(@class,'deepsesarch-dropdown-items')]/div[1]"}
  (Session info: chrome=91.0.4472.124)

2021-07-17 02:54_308700_테크엔
Traceback (most recent call last):
  File "C:\Users\kai\PycharmProjects\pythonProject\noname\noname\spiders\noname_spider.py", line 274, in company_scrapy
    button = self.driver.find_element_by_xpath(
  File "c:\users\kai\pycharmprojects\pythonproject\venv\lib\site-packages\selenium\webdriver\remote\webdriver.py", line 394, in find_element_by_xpath
    return self.find_element(by=By.XPATH, value=xpath)
  File "c:\users\kai\pycharmprojects\pythonproject\venv\lib\site-packages\selenium\webdriver\remote\webdriver.py", line 976, in find_element
    return self.execute(Command.FIND_ELEMENT, {
  File "c:\users\kai\pycharmprojects\pythonproject\venv\lib\site-packages\selenium\webdriver\remote\webdriver.py", line 321, in execute
    self.error_handler.check_response(response)
  File "c:\users\kai\pycharmprojects\pythonproject\venv\lib\site-packages\selenium\webdriver\remote\errorhandler.py", line 242, in check_response
    raise exception_class(message, screen, stacktrace)
selenium.common.exceptions.NoSuchElementException: Message: no such element: Unable to locate element: {"method":"xpath","selector":"//div[@id='root']/div/div[contains(@class,'deepsesarch-dropdown-items')]/div[1]"}
  (Session info: chrome=91.0.4472.124)

2021-07-17 03:07_311390_네오크레마
Traceback (most recent call last):
  File "C:\Users\kai\PycharmProjects\pythonProject\noname\noname\spiders\noname_spider.py", line 274, in company_scrapy
    button = self.driver.find_element_by_xpath(
  File "c:\users\kai\pycharmprojects\pythonproject\venv\lib\site-packages\selenium\webdriver\remote\webdriver.py", line 394, in find_element_by_xpath
    return self.find_element(by=By.XPATH, value=xpath)
  File "c:\users\kai\pycharmprojects\pythonproject\venv\lib\site-packages\selenium\webdriver\remote\webdriver.py", line 976, in find_element
    return self.execute(Command.FIND_ELEMENT, {
  File "c:\users\kai\pycharmprojects\pythonproject\venv\lib\site-packages\selenium\webdriver\remote\webdriver.py", line 321, in execute
    self.error_handler.check_response(response)
  File "c:\users\kai\pycharmprojects\pythonproject\venv\lib\site-packages\selenium\webdriver\remote\errorhandler.py", line 242, in check_response
    raise exception_class(message, screen, stacktrace)
selenium.common.exceptions.NoSuchElementException: Message: no such element: Unable to locate element: {"method":"xpath","selector":"//div[@id='root']/div/div[contains(@class,'deepsesarch-dropdown-items')]/div[1]"}
  (Session info: chrome=91.0.4472.124)

2021-07-17 03:09_311690_천랩
Traceback (most recent call last):
  File "C:\Users\kai\PycharmProjects\pythonProject\noname\noname\spiders\noname_spider.py", line 274, in company_scrapy
    button = self.driver.find_element_by_xpath(
  File "c:\users\kai\pycharmprojects\pythonproject\venv\lib\site-packages\selenium\webdriver\remote\webdriver.py", line 394, in find_element_by_xpath
    return self.find_element(by=By.XPATH, value=xpath)
  File "c:\users\kai\pycharmprojects\pythonproject\venv\lib\site-packages\selenium\webdriver\remote\webdriver.py", line 976, in find_element
    return self.execute(Command.FIND_ELEMENT, {
  File "c:\users\kai\pycharmprojects\pythonproject\venv\lib\site-packages\selenium\webdriver\remote\webdriver.py", line 321, in execute
    self.error_handler.check_response(response)
  File "c:\users\kai\pycharmprojects\pythonproject\venv\lib\site-packages\selenium\webdriver\remote\errorhandler.py", line 242, in check_response
    raise exception_class(message, screen, stacktrace)
selenium.common.exceptions.NoSuchElementException: Message: no such element: Unable to locate element: {"method":"xpath","selector":"//div[@id='root']/div/div[contains(@class,'deepsesarch-dropdown-items')]/div[1]"}
  (Session info: chrome=91.0.4472.124)

2021-07-17 03:12_312610_에이에프더블류
Traceback (most recent call last):
  File "C:\Users\kai\PycharmProjects\pythonProject\noname\noname\spiders\noname_spider.py", line 274, in company_scrapy
    button = self.driver.find_element_by_xpath(
  File "c:\users\kai\pycharmprojects\pythonproject\venv\lib\site-packages\selenium\webdriver\remote\webdriver.py", line 394, in find_element_by_xpath
    return self.find_element(by=By.XPATH, value=xpath)
  File "c:\users\kai\pycharmprojects\pythonproject\venv\lib\site-packages\selenium\webdriver\remote\webdriver.py", line 976, in find_element
    return self.execute(Command.FIND_ELEMENT, {
  File "c:\users\kai\pycharmprojects\pythonproject\venv\lib\site-packages\selenium\webdriver\remote\webdriver.py", line 321, in execute
    self.error_handler.check_response(response)
  File "c:\users\kai\pycharmprojects\pythonproject\venv\lib\site-packages\selenium\webdriver\remote\errorhandler.py", line 242, in check_response
    raise exception_class(message, screen, stacktrace)
selenium.common.exceptions.NoSuchElementException: Message: no such element: Unable to locate element: {"method":"xpath","selector":"//div[@id='root']/div/div[contains(@class,'deepsesarch-dropdown-items')]/div[1]"}
  (Session info: chrome=91.0.4472.124)

2021-07-17 03:16_313760_윌링스
Traceback (most recent call last):
  File "C:\Users\kai\PycharmProjects\pythonProject\noname\noname\spiders\noname_spider.py", line 274, in company_scrapy
    button = self.driver.find_element_by_xpath(
  File "c:\users\kai\pycharmprojects\pythonproject\venv\lib\site-packages\selenium\webdriver\remote\webdriver.py", line 394, in find_element_by_xpath
    return self.find_element(by=By.XPATH, value=xpath)
  File "c:\users\kai\pycharmprojects\pythonproject\venv\lib\site-packages\selenium\webdriver\remote\webdriver.py", line 976, in find_element
    return self.execute(Command.FIND_ELEMENT, {
  File "c:\users\kai\pycharmprojects\pythonproject\venv\lib\site-packages\selenium\webdriver\remote\webdriver.py", line 321, in execute
    self.error_handler.check_response(response)
  File "c:\users\kai\pycharmprojects\pythonproject\venv\lib\site-packages\selenium\webdriver\remote\errorhandler.py", line 242, in check_response
    raise exception_class(message, screen, stacktrace)
selenium.common.exceptions.NoSuchElementException: Message: no such element: Unable to locate element: {"method":"xpath","selector":"//div[@id='root']/div/div[contains(@class,'deepsesarch-dropdown-items')]/div[1]"}
  (Session info: chrome=91.0.4472.124)

2021-07-17 03:21_317030_케이비17호스팩
Traceback (most recent call last):
  File "C:\Users\kai\PycharmProjects\pythonProject\noname\noname\spiders\noname_spider.py", line 274, in company_scrapy
    button = self.driver.find_element_by_xpath(
  File "c:\users\kai\pycharmprojects\pythonproject\venv\lib\site-packages\selenium\webdriver\remote\webdriver.py", line 394, in find_element_by_xpath
    return self.find_element(by=By.XPATH, value=xpath)
  File "c:\users\kai\pycharmprojects\pythonproject\venv\lib\site-packages\selenium\webdriver\remote\webdriver.py", line 976, in find_element
    return self.execute(Command.FIND_ELEMENT, {
  File "c:\users\kai\pycharmprojects\pythonproject\venv\lib\site-packages\selenium\webdriver\remote\webdriver.py", line 321, in execute
    self.error_handler.check_response(response)
  File "c:\users\kai\pycharmprojects\pythonproject\venv\lib\site-packages\selenium\webdriver\remote\errorhandler.py", line 242, in check_response
    raise exception_class(message, screen, stacktrace)
selenium.common.exceptions.NoSuchElementException: Message: no such element: Unable to locate element: {"method":"xpath","selector":"//div[@id='root']/div/div[contains(@class,'deepsesarch-dropdown-items')]/div[1]"}
  (Session info: chrome=91.0.4472.124)

2021-07-17 03:24_317120_라닉스
Traceback (most recent call last):
  File "C:\Users\kai\PycharmProjects\pythonProject\noname\noname\spiders\noname_spider.py", line 274, in company_scrapy
    button = self.driver.find_element_by_xpath(
  File "c:\users\kai\pycharmprojects\pythonproject\venv\lib\site-packages\selenium\webdriver\remote\webdriver.py", line 394, in find_element_by_xpath
    return self.find_element(by=By.XPATH, value=xpath)
  File "c:\users\kai\pycharmprojects\pythonproject\venv\lib\site-packages\selenium\webdriver\remote\webdriver.py", line 976, in find_element
    return self.execute(Command.FIND_ELEMENT, {
  File "c:\users\kai\pycharmprojects\pythonproject\venv\lib\site-packages\selenium\webdriver\remote\webdriver.py", line 321, in execute
    self.error_handler.check_response(response)
  File "c:\users\kai\pycharmprojects\pythonproject\venv\lib\site-packages\selenium\webdriver\remote\errorhandler.py", line 242, in check_response
    raise exception_class(message, screen, stacktrace)
selenium.common.exceptions.NoSuchElementException: Message: no such element: Unable to locate element: {"method":"xpath","selector":"//div[@id='root']/div/div[contains(@class,'deepsesarch-dropdown-items')]/div[1]"}
  (Session info: chrome=91.0.4472.124)

2021-07-17 03:30_317530_캐리소프트
Traceback (most recent call last):
  File "C:\Users\kai\PycharmProjects\pythonProject\noname\noname\spiders\noname_spider.py", line 274, in company_scrapy
    button = self.driver.find_element_by_xpath(
  File "c:\users\kai\pycharmprojects\pythonproject\venv\lib\site-packages\selenium\webdriver\remote\webdriver.py", line 394, in find_element_by_xpath
    return self.find_element(by=By.XPATH, value=xpath)
  File "c:\users\kai\pycharmprojects\pythonproject\venv\lib\site-packages\selenium\webdriver\remote\webdriver.py", line 976, in find_element
    return self.execute(Command.FIND_ELEMENT, {
  File "c:\users\kai\pycharmprojects\pythonproject\venv\lib\site-packages\selenium\webdriver\remote\webdriver.py", line 321, in execute
    self.error_handler.check_response(response)
  File "c:\users\kai\pycharmprojects\pythonproject\venv\lib\site-packages\selenium\webdriver\remote\errorhandler.py", line 242, in check_response
    raise exception_class(message, screen, stacktrace)
selenium.common.exceptions.NoSuchElementException: Message: no such element: Unable to locate element: {"method":"xpath","selector":"//div[@id='root']/div/div[contains(@class,'deepsesarch-dropdown-items')]/div[1]"}
  (Session info: chrome=91.0.4472.124)

2021-07-17 03:34_317770_슈프리마아이디
Traceback (most recent call last):
  File "C:\Users\kai\PycharmProjects\pythonProject\noname\noname\spiders\noname_spider.py", line 274, in company_scrapy
    button = self.driver.find_element_by_xpath(
  File "c:\users\kai\pycharmprojects\pythonproject\venv\lib\site-packages\selenium\webdriver\remote\webdriver.py", line 394, in find_element_by_xpath
    return self.find_element(by=By.XPATH, value=xpath)
  File "c:\users\kai\pycharmprojects\pythonproject\venv\lib\site-packages\selenium\webdriver\remote\webdriver.py", line 976, in find_element
    return self.execute(Command.FIND_ELEMENT, {
  File "c:\users\kai\pycharmprojects\pythonproject\venv\lib\site-packages\selenium\webdriver\remote\webdriver.py", line 321, in execute
    self.error_handler.check_response(response)
  File "c:\users\kai\pycharmprojects\pythonproject\venv\lib\site-packages\selenium\webdriver\remote\errorhandler.py", line 242, in check_response
    raise exception_class(message, screen, stacktrace)
selenium.common.exceptions.NoSuchElementException: Message: no such element: Unable to locate element: {"method":"xpath","selector":"//div[@id='root']/div/div[contains(@class,'deepsesarch-dropdown-items')]/div[1]"}
  (Session info: chrome=91.0.4472.124)

2021-07-17 03:38_317850_대모
Traceback (most recent call last):
  File "C:\Users\kai\PycharmProjects\pythonProject\noname\noname\spiders\noname_spider.py", line 274, in company_scrapy
    button = self.driver.find_element_by_xpath(
  File "c:\users\kai\pycharmprojects\pythonproject\venv\lib\site-packages\selenium\webdriver\remote\webdriver.py", line 394, in find_element_by_xpath
    return self.find_element(by=By.XPATH, value=xpath)
  File "c:\users\kai\pycharmprojects\pythonproject\venv\lib\site-packages\selenium\webdriver\remote\webdriver.py", line 976, in find_element
    return self.execute(Command.FIND_ELEMENT, {
  File "c:\users\kai\pycharmprojects\pythonproject\venv\lib\site-packages\selenium\webdriver\remote\webdriver.py", line 321, in execute
    self.error_handler.check_response(response)
  File "c:\users\kai\pycharmprojects\pythonproject\venv\lib\site-packages\selenium\webdriver\remote\errorhandler.py", line 242, in check_response
    raise exception_class(message, screen, stacktrace)
selenium.common.exceptions.NoSuchElementException: Message: no such element: Unable to locate element: {"method":"xpath","selector":"//div[@id='root']/div/div[contains(@class,'deepsesarch-dropdown-items')]/div[1]"}
  (Session info: chrome=91.0.4472.124)

2021-07-17 03:42_317870_엔바이오니아
Traceback (most recent call last):
  File "C:\Users\kai\PycharmProjects\pythonProject\noname\noname\spiders\noname_spider.py", line 274, in company_scrapy
    button = self.driver.find_element_by_xpath(
  File "c:\users\kai\pycharmprojects\pythonproject\venv\lib\site-packages\selenium\webdriver\remote\webdriver.py", line 394, in find_element_by_xpath
    return self.find_element(by=By.XPATH, value=xpath)
  File "c:\users\kai\pycharmprojects\pythonproject\venv\lib\site-packages\selenium\webdriver\remote\webdriver.py", line 976, in find_element
    return self.execute(Command.FIND_ELEMENT, {
  File "c:\users\kai\pycharmprojects\pythonproject\venv\lib\site-packages\selenium\webdriver\remote\webdriver.py", line 321, in execute
    self.error_handler.check_response(response)
  File "c:\users\kai\pycharmprojects\pythonproject\venv\lib\site-packages\selenium\webdriver\remote\errorhandler.py", line 242, in check_response
    raise exception_class(message, screen, stacktrace)
selenium.common.exceptions.NoSuchElementException: Message: no such element: Unable to locate element: {"method":"xpath","selector":"//div[@id='root']/div/div[contains(@class,'deepsesarch-dropdown-items')]/div[1]"}
  (Session info: chrome=91.0.4472.124)

2021-07-17 03:48_318020_포인트모바일
Traceback (most recent call last):
  File "C:\Users\kai\PycharmProjects\pythonProject\noname\noname\spiders\noname_spider.py", line 274, in company_scrapy
    button = self.driver.find_element_by_xpath(
  File "c:\users\kai\pycharmprojects\pythonproject\venv\lib\site-packages\selenium\webdriver\remote\webdriver.py", line 394, in find_element_by_xpath
    return self.find_element(by=By.XPATH, value=xpath)
  File "c:\users\kai\pycharmprojects\pythonproject\venv\lib\site-packages\selenium\webdriver\remote\webdriver.py", line 976, in find_element
    return self.execute(Command.FIND_ELEMENT, {
  File "c:\users\kai\pycharmprojects\pythonproject\venv\lib\site-packages\selenium\webdriver\remote\webdriver.py", line 321, in execute
    self.error_handler.check_response(response)
  File "c:\users\kai\pycharmprojects\pythonproject\venv\lib\site-packages\selenium\webdriver\remote\errorhandler.py", line 242, in check_response
    raise exception_class(message, screen, stacktrace)
selenium.common.exceptions.NoSuchElementException: Message: no such element: Unable to locate element: {"method":"xpath","selector":"//div[@id='root']/div/div[contains(@class,'deepsesarch-dropdown-items')]/div[1]"}
  (Session info: chrome=91.0.4472.124)

2021-07-17 03:52_318660_타임기술
Traceback (most recent call last):
  File "C:\Users\kai\PycharmProjects\pythonProject\noname\noname\spiders\noname_spider.py", line 274, in company_scrapy
    button = self.driver.find_element_by_xpath(
  File "c:\users\kai\pycharmprojects\pythonproject\venv\lib\site-packages\selenium\webdriver\remote\webdriver.py", line 394, in find_element_by_xpath
    return self.find_element(by=By.XPATH, value=xpath)
  File "c:\users\kai\pycharmprojects\pythonproject\venv\lib\site-packages\selenium\webdriver\remote\webdriver.py", line 976, in find_element
    return self.execute(Command.FIND_ELEMENT, {
  File "c:\users\kai\pycharmprojects\pythonproject\venv\lib\site-packages\selenium\webdriver\remote\webdriver.py", line 321, in execute
    self.error_handler.check_response(response)
  File "c:\users\kai\pycharmprojects\pythonproject\venv\lib\site-packages\selenium\webdriver\remote\errorhandler.py", line 242, in check_response
    raise exception_class(message, screen, stacktrace)
selenium.common.exceptions.NoSuchElementException: Message: no such element: Unable to locate element: {"method":"xpath","selector":"//div[@id='root']/div/div[contains(@class,'deepsesarch-dropdown-items')]/div[1]"}
  (Session info: chrome=91.0.4472.124)

2021-07-17 03:57_320000_윈텍
Traceback (most recent call last):
  File "C:\Users\kai\PycharmProjects\pythonProject\noname\noname\spiders\noname_spider.py", line 274, in company_scrapy
    button = self.driver.find_element_by_xpath(
  File "c:\users\kai\pycharmprojects\pythonproject\venv\lib\site-packages\selenium\webdriver\remote\webdriver.py", line 394, in find_element_by_xpath
    return self.find_element(by=By.XPATH, value=xpath)
  File "c:\users\kai\pycharmprojects\pythonproject\venv\lib\site-packages\selenium\webdriver\remote\webdriver.py", line 976, in find_element
    return self.execute(Command.FIND_ELEMENT, {
  File "c:\users\kai\pycharmprojects\pythonproject\venv\lib\site-packages\selenium\webdriver\remote\webdriver.py", line 321, in execute
    self.error_handler.check_response(response)
  File "c:\users\kai\pycharmprojects\pythonproject\venv\lib\site-packages\selenium\webdriver\remote\errorhandler.py", line 242, in check_response
    raise exception_class(message, screen, stacktrace)
selenium.common.exceptions.NoSuchElementException: Message: no such element: Unable to locate element: {"method":"xpath","selector":"//div[@id='root']/div/div[contains(@class,'deepsesarch-dropdown-items')]/div[1]"}
  (Session info: chrome=91.0.4472.124)

2021-07-17 04:03_322180_티라유텍
Traceback (most recent call last):
  File "C:\Users\kai\PycharmProjects\pythonProject\noname\noname\spiders\noname_spider.py", line 256, in company_scrapy
    button = self.driver.find_element_by_xpath(
  File "c:\users\kai\pycharmprojects\pythonproject\venv\lib\site-packages\selenium\webdriver\remote\webdriver.py", line 394, in find_element_by_xpath
    return self.find_element(by=By.XPATH, value=xpath)
  File "c:\users\kai\pycharmprojects\pythonproject\venv\lib\site-packages\selenium\webdriver\remote\webdriver.py", line 976, in find_element
    return self.execute(Command.FIND_ELEMENT, {
  File "c:\users\kai\pycharmprojects\pythonproject\venv\lib\site-packages\selenium\webdriver\remote\webdriver.py", line 321, in execute
    self.error_handler.check_response(response)
  File "c:\users\kai\pycharmprojects\pythonproject\venv\lib\site-packages\selenium\webdriver\remote\errorhandler.py", line 242, in check_response
    raise exception_class(message, screen, stacktrace)
selenium.common.exceptions.NoSuchElementException: Message: no such element: Unable to locate element: {"method":"xpath","selector":"//div[@id='root']/div/div[contains(@class,'deepsesarch-dropdown-items')]/div[3]"}
  (Session info: chrome=91.0.4472.124)

2021-07-17 04:05_322180_티라유텍
Traceback (most recent call last):
  File "C:\Users\kai\PycharmProjects\pythonProject\noname\noname\spiders\noname_spider.py", line 274, in company_scrapy
    button = self.driver.find_element_by_xpath(
  File "c:\users\kai\pycharmprojects\pythonproject\venv\lib\site-packages\selenium\webdriver\remote\webdriver.py", line 394, in find_element_by_xpath
    return self.find_element(by=By.XPATH, value=xpath)
  File "c:\users\kai\pycharmprojects\pythonproject\venv\lib\site-packages\selenium\webdriver\remote\webdriver.py", line 976, in find_element
    return self.execute(Command.FIND_ELEMENT, {
  File "c:\users\kai\pycharmprojects\pythonproject\venv\lib\site-packages\selenium\webdriver\remote\webdriver.py", line 321, in execute
    self.error_handler.check_response(response)
  File "c:\users\kai\pycharmprojects\pythonproject\venv\lib\site-packages\selenium\webdriver\remote\errorhandler.py", line 242, in check_response
    raise exception_class(message, screen, stacktrace)
selenium.common.exceptions.NoSuchElementException: Message: no such element: Unable to locate element: {"method":"xpath","selector":"//div[@id='root']/div/div[contains(@class,'deepsesarch-dropdown-items')]/div[1]"}
  (Session info: chrome=91.0.4472.124)

2021-07-17 04:10_322510_제이엘케이
Traceback (most recent call last):
  File "C:\Users\kai\PycharmProjects\pythonProject\noname\noname\spiders\noname_spider.py", line 274, in company_scrapy
    button = self.driver.find_element_by_xpath(
  File "c:\users\kai\pycharmprojects\pythonproject\venv\lib\site-packages\selenium\webdriver\remote\webdriver.py", line 394, in find_element_by_xpath
    return self.find_element(by=By.XPATH, value=xpath)
  File "c:\users\kai\pycharmprojects\pythonproject\venv\lib\site-packages\selenium\webdriver\remote\webdriver.py", line 976, in find_element
    return self.execute(Command.FIND_ELEMENT, {
  File "c:\users\kai\pycharmprojects\pythonproject\venv\lib\site-packages\selenium\webdriver\remote\webdriver.py", line 321, in execute
    self.error_handler.check_response(response)
  File "c:\users\kai\pycharmprojects\pythonproject\venv\lib\site-packages\selenium\webdriver\remote\errorhandler.py", line 242, in check_response
    raise exception_class(message, screen, stacktrace)
selenium.common.exceptions.NoSuchElementException: Message: no such element: Unable to locate element: {"method":"xpath","selector":"//div[@id='root']/div/div[contains(@class,'deepsesarch-dropdown-items')]/div[1]"}
  (Session info: chrome=91.0.4472.124)

2021-07-17 04:25_327610_펨토바이오메드
Traceback (most recent call last):
  File "C:\Users\kai\PycharmProjects\pythonProject\noname\noname\spiders\noname_spider.py", line 274, in company_scrapy
    button = self.driver.find_element_by_xpath(
  File "c:\users\kai\pycharmprojects\pythonproject\venv\lib\site-packages\selenium\webdriver\remote\webdriver.py", line 394, in find_element_by_xpath
    return self.find_element(by=By.XPATH, value=xpath)
  File "c:\users\kai\pycharmprojects\pythonproject\venv\lib\site-packages\selenium\webdriver\remote\webdriver.py", line 976, in find_element
    return self.execute(Command.FIND_ELEMENT, {
  File "c:\users\kai\pycharmprojects\pythonproject\venv\lib\site-packages\selenium\webdriver\remote\webdriver.py", line 321, in execute
    self.error_handler.check_response(response)
  File "c:\users\kai\pycharmprojects\pythonproject\venv\lib\site-packages\selenium\webdriver\remote\errorhandler.py", line 242, in check_response
    raise exception_class(message, screen, stacktrace)
selenium.common.exceptions.NoSuchElementException: Message: no such element: Unable to locate element: {"method":"xpath","selector":"//div[@id='root']/div/div[contains(@class,'deepsesarch-dropdown-items')]/div[1]"}
  (Session info: chrome=91.0.4472.124)

2021-07-17 04:27_327970_케어룸의료산업
Traceback (most recent call last):
  File "C:\Users\kai\PycharmProjects\pythonProject\noname\noname\spiders\noname_spider.py", line 274, in company_scrapy
    button = self.driver.find_element_by_xpath(
  File "c:\users\kai\pycharmprojects\pythonproject\venv\lib\site-packages\selenium\webdriver\remote\webdriver.py", line 394, in find_element_by_xpath
    return self.find_element(by=By.XPATH, value=xpath)
  File "c:\users\kai\pycharmprojects\pythonproject\venv\lib\site-packages\selenium\webdriver\remote\webdriver.py", line 976, in find_element
    return self.execute(Command.FIND_ELEMENT, {
  File "c:\users\kai\pycharmprojects\pythonproject\venv\lib\site-packages\selenium\webdriver\remote\webdriver.py", line 321, in execute
    self.error_handler.check_response(response)
  File "c:\users\kai\pycharmprojects\pythonproject\venv\lib\site-packages\selenium\webdriver\remote\errorhandler.py", line 242, in check_response
    raise exception_class(message, screen, stacktrace)
selenium.common.exceptions.NoSuchElementException: Message: no such element: Unable to locate element: {"method":"xpath","selector":"//div[@id='root']/div/div[contains(@class,'deepsesarch-dropdown-items')]/div[1]"}
  (Session info: chrome=91.0.4472.124)

2021-07-17 04:34_330350_위더스제약
Traceback (most recent call last):
  File "C:\Users\kai\PycharmProjects\pythonProject\noname\noname\spiders\noname_spider.py", line 274, in company_scrapy
    button = self.driver.find_element_by_xpath(
  File "c:\users\kai\pycharmprojects\pythonproject\venv\lib\site-packages\selenium\webdriver\remote\webdriver.py", line 394, in find_element_by_xpath
    return self.find_element(by=By.XPATH, value=xpath)
  File "c:\users\kai\pycharmprojects\pythonproject\venv\lib\site-packages\selenium\webdriver\remote\webdriver.py", line 976, in find_element
    return self.execute(Command.FIND_ELEMENT, {
  File "c:\users\kai\pycharmprojects\pythonproject\venv\lib\site-packages\selenium\webdriver\remote\webdriver.py", line 321, in execute
    self.error_handler.check_response(response)
  File "c:\users\kai\pycharmprojects\pythonproject\venv\lib\site-packages\selenium\webdriver\remote\errorhandler.py", line 242, in check_response
    raise exception_class(message, screen, stacktrace)
selenium.common.exceptions.NoSuchElementException: Message: no such element: Unable to locate element: {"method":"xpath","selector":"//div[@id='root']/div/div[contains(@class,'deepsesarch-dropdown-items')]/div[1]"}
  (Session info: chrome=91.0.4472.124)

2021-07-17 04:54_334970_프레스티지바이오로직스
Traceback (most recent call last):
  File "C:\Users\kai\PycharmProjects\pythonProject\noname\noname\spiders\noname_spider.py", line 274, in company_scrapy
    button = self.driver.find_element_by_xpath(
  File "c:\users\kai\pycharmprojects\pythonproject\venv\lib\site-packages\selenium\webdriver\remote\webdriver.py", line 394, in find_element_by_xpath
    return self.find_element(by=By.XPATH, value=xpath)
  File "c:\users\kai\pycharmprojects\pythonproject\venv\lib\site-packages\selenium\webdriver\remote\webdriver.py", line 976, in find_element
    return self.execute(Command.FIND_ELEMENT, {
  File "c:\users\kai\pycharmprojects\pythonproject\venv\lib\site-packages\selenium\webdriver\remote\webdriver.py", line 321, in execute
    self.error_handler.check_response(response)
  File "c:\users\kai\pycharmprojects\pythonproject\venv\lib\site-packages\selenium\webdriver\remote\errorhandler.py", line 242, in check_response
    raise exception_class(message, screen, stacktrace)
selenium.common.exceptions.NoSuchElementException: Message: no such element: Unable to locate element: {"method":"xpath","selector":"//div[@id='root']/div/div[contains(@class,'deepsesarch-dropdown-items')]/div[1]"}
  (Session info: chrome=91.0.4472.124)

2021-07-17 05:12_338220_뷰노
Traceback (most recent call last):
  File "C:\Users\kai\PycharmProjects\pythonProject\noname\noname\spiders\noname_spider.py", line 274, in company_scrapy
    button = self.driver.find_element_by_xpath(
  File "c:\users\kai\pycharmprojects\pythonproject\venv\lib\site-packages\selenium\webdriver\remote\webdriver.py", line 394, in find_element_by_xpath
    return self.find_element(by=By.XPATH, value=xpath)
  File "c:\users\kai\pycharmprojects\pythonproject\venv\lib\site-packages\selenium\webdriver\remote\webdriver.py", line 976, in find_element
    return self.execute(Command.FIND_ELEMENT, {
  File "c:\users\kai\pycharmprojects\pythonproject\venv\lib\site-packages\selenium\webdriver\remote\webdriver.py", line 321, in execute
    self.error_handler.check_response(response)
  File "c:\users\kai\pycharmprojects\pythonproject\venv\lib\site-packages\selenium\webdriver\remote\errorhandler.py", line 242, in check_response
    raise exception_class(message, screen, stacktrace)
selenium.common.exceptions.NoSuchElementException: Message: no such element: Unable to locate element: {"method":"xpath","selector":"//div[@id='root']/div/div[contains(@class,'deepsesarch-dropdown-items')]/div[1]"}
  (Session info: chrome=91.0.4472.124)

2021-07-17 05:33_344860_이노진
Traceback (most recent call last):
  File "C:\Users\kai\PycharmProjects\pythonProject\noname\noname\spiders\noname_spider.py", line 274, in company_scrapy
    button = self.driver.find_element_by_xpath(
  File "c:\users\kai\pycharmprojects\pythonproject\venv\lib\site-packages\selenium\webdriver\remote\webdriver.py", line 394, in find_element_by_xpath
    return self.find_element(by=By.XPATH, value=xpath)
  File "c:\users\kai\pycharmprojects\pythonproject\venv\lib\site-packages\selenium\webdriver\remote\webdriver.py", line 976, in find_element
    return self.execute(Command.FIND_ELEMENT, {
  File "c:\users\kai\pycharmprojects\pythonproject\venv\lib\site-packages\selenium\webdriver\remote\webdriver.py", line 321, in execute
    self.error_handler.check_response(response)
  File "c:\users\kai\pycharmprojects\pythonproject\venv\lib\site-packages\selenium\webdriver\remote\errorhandler.py", line 242, in check_response
    raise exception_class(message, screen, stacktrace)
selenium.common.exceptions.NoSuchElementException: Message: no such element: Unable to locate element: {"method":"xpath","selector":"//div[@id='root']/div/div[contains(@class,'deepsesarch-dropdown-items')]/div[1]"}
  (Session info: chrome=91.0.4472.124)

2021-07-17 05:40_347740_피엔케이피부임상연구센타
Traceback (most recent call last):
  File "C:\Users\kai\PycharmProjects\pythonProject\noname\noname\spiders\noname_spider.py", line 274, in company_scrapy
    button = self.driver.find_element_by_xpath(
  File "c:\users\kai\pycharmprojects\pythonproject\venv\lib\site-packages\selenium\webdriver\remote\webdriver.py", line 394, in find_element_by_xpath
    return self.find_element(by=By.XPATH, value=xpath)
  File "c:\users\kai\pycharmprojects\pythonproject\venv\lib\site-packages\selenium\webdriver\remote\webdriver.py", line 976, in find_element
    return self.execute(Command.FIND_ELEMENT, {
  File "c:\users\kai\pycharmprojects\pythonproject\venv\lib\site-packages\selenium\webdriver\remote\webdriver.py", line 321, in execute
    self.error_handler.check_response(response)
  File "c:\users\kai\pycharmprojects\pythonproject\venv\lib\site-packages\selenium\webdriver\remote\errorhandler.py", line 242, in check_response
    raise exception_class(message, screen, stacktrace)
selenium.common.exceptions.NoSuchElementException: Message: no such element: Unable to locate element: {"method":"xpath","selector":"//div[@id='root']/div/div[contains(@class,'deepsesarch-dropdown-items')]/div[1]"}
  (Session info: chrome=91.0.4472.124)

2021-07-17 05:46_347890_엠투아이
Traceback (most recent call last):
  File "C:\Users\kai\PycharmProjects\pythonProject\noname\noname\spiders\noname_spider.py", line 274, in company_scrapy
    button = self.driver.find_element_by_xpath(
  File "c:\users\kai\pycharmprojects\pythonproject\venv\lib\site-packages\selenium\webdriver\remote\webdriver.py", line 394, in find_element_by_xpath
    return self.find_element(by=By.XPATH, value=xpath)
  File "c:\users\kai\pycharmprojects\pythonproject\venv\lib\site-packages\selenium\webdriver\remote\webdriver.py", line 976, in find_element
    return self.execute(Command.FIND_ELEMENT, {
  File "c:\users\kai\pycharmprojects\pythonproject\venv\lib\site-packages\selenium\webdriver\remote\webdriver.py", line 321, in execute
    self.error_handler.check_response(response)
  File "c:\users\kai\pycharmprojects\pythonproject\venv\lib\site-packages\selenium\webdriver\remote\errorhandler.py", line 242, in check_response
    raise exception_class(message, screen, stacktrace)
selenium.common.exceptions.NoSuchElementException: Message: no such element: Unable to locate element: {"method":"xpath","selector":"//div[@id='root']/div/div[contains(@class,'deepsesarch-dropdown-items')]/div[1]"}
  (Session info: chrome=91.0.4472.124)

2021-07-17 05:48_348030_모비릭스
Traceback (most recent call last):
  File "C:\Users\kai\PycharmProjects\pythonProject\noname\noname\spiders\noname_spider.py", line 274, in company_scrapy
    button = self.driver.find_element_by_xpath(
  File "c:\users\kai\pycharmprojects\pythonproject\venv\lib\site-packages\selenium\webdriver\remote\webdriver.py", line 394, in find_element_by_xpath
    return self.find_element(by=By.XPATH, value=xpath)
  File "c:\users\kai\pycharmprojects\pythonproject\venv\lib\site-packages\selenium\webdriver\remote\webdriver.py", line 976, in find_element
    return self.execute(Command.FIND_ELEMENT, {
  File "c:\users\kai\pycharmprojects\pythonproject\venv\lib\site-packages\selenium\webdriver\remote\webdriver.py", line 321, in execute
    self.error_handler.check_response(response)
  File "c:\users\kai\pycharmprojects\pythonproject\venv\lib\site-packages\selenium\webdriver\remote\errorhandler.py", line 242, in check_response
    raise exception_class(message, screen, stacktrace)
selenium.common.exceptions.NoSuchElementException: Message: no such element: Unable to locate element: {"method":"xpath","selector":"//div[@id='root']/div/div[contains(@class,'deepsesarch-dropdown-items')]/div[1]"}
  (Session info: chrome=91.0.4472.124)

2021-07-17 06:20_356860_티엘비
Traceback (most recent call last):
  File "C:\Users\kai\PycharmProjects\pythonProject\noname\noname\spiders\noname_spider.py", line 274, in company_scrapy
    button = self.driver.find_element_by_xpath(
  File "c:\users\kai\pycharmprojects\pythonproject\venv\lib\site-packages\selenium\webdriver\remote\webdriver.py", line 394, in find_element_by_xpath
    return self.find_element(by=By.XPATH, value=xpath)
  File "c:\users\kai\pycharmprojects\pythonproject\venv\lib\site-packages\selenium\webdriver\remote\webdriver.py", line 976, in find_element
    return self.execute(Command.FIND_ELEMENT, {
  File "c:\users\kai\pycharmprojects\pythonproject\venv\lib\site-packages\selenium\webdriver\remote\webdriver.py", line 321, in execute
    self.error_handler.check_response(response)
  File "c:\users\kai\pycharmprojects\pythonproject\venv\lib\site-packages\selenium\webdriver\remote\errorhandler.py", line 242, in check_response
    raise exception_class(message, screen, stacktrace)
selenium.common.exceptions.NoSuchElementException: Message: no such element: Unable to locate element: {"method":"xpath","selector":"//div[@id='root']/div/div[contains(@class,'deepsesarch-dropdown-items')]/div[1]"}
  (Session info: chrome=91.0.4472.124)

2021-07-17 06:23_356890_싸이버원
Traceback (most recent call last):
  File "C:\Users\kai\PycharmProjects\pythonProject\noname\noname\spiders\noname_spider.py", line 274, in company_scrapy
    button = self.driver.find_element_by_xpath(
  File "c:\users\kai\pycharmprojects\pythonproject\venv\lib\site-packages\selenium\webdriver\remote\webdriver.py", line 394, in find_element_by_xpath
    return self.find_element(by=By.XPATH, value=xpath)
  File "c:\users\kai\pycharmprojects\pythonproject\venv\lib\site-packages\selenium\webdriver\remote\webdriver.py", line 976, in find_element
    return self.execute(Command.FIND_ELEMENT, {
  File "c:\users\kai\pycharmprojects\pythonproject\venv\lib\site-packages\selenium\webdriver\remote\webdriver.py", line 321, in execute
    self.error_handler.check_response(response)
  File "c:\users\kai\pycharmprojects\pythonproject\venv\lib\site-packages\selenium\webdriver\remote\errorhandler.py", line 242, in check_response
    raise exception_class(message, screen, stacktrace)
selenium.common.exceptions.NoSuchElementException: Message: no such element: Unable to locate element: {"method":"xpath","selector":"//div[@id='root']/div/div[contains(@class,'deepsesarch-dropdown-items')]/div[1]"}
  (Session info: chrome=91.0.4472.124)

2021-07-17 06:28_357580_아모센스
Traceback (most recent call last):
  File "C:\Users\kai\PycharmProjects\pythonProject\noname\noname\spiders\noname_spider.py", line 274, in company_scrapy
    button = self.driver.find_element_by_xpath(
  File "c:\users\kai\pycharmprojects\pythonproject\venv\lib\site-packages\selenium\webdriver\remote\webdriver.py", line 394, in find_element_by_xpath
    return self.find_element(by=By.XPATH, value=xpath)
  File "c:\users\kai\pycharmprojects\pythonproject\venv\lib\site-packages\selenium\webdriver\remote\webdriver.py", line 976, in find_element
    return self.execute(Command.FIND_ELEMENT, {
  File "c:\users\kai\pycharmprojects\pythonproject\venv\lib\site-packages\selenium\webdriver\remote\webdriver.py", line 321, in execute
    self.error_handler.check_response(response)
  File "c:\users\kai\pycharmprojects\pythonproject\venv\lib\site-packages\selenium\webdriver\remote\errorhandler.py", line 242, in check_response
    raise exception_class(message, screen, stacktrace)
selenium.common.exceptions.NoSuchElementException: Message: no such element: Unable to locate element: {"method":"xpath","selector":"//div[@id='root']/div/div[contains(@class,'deepsesarch-dropdown-items')]/div[1]"}
  (Session info: chrome=91.0.4472.124)

2021-07-17 06:33_361390_제노코
Traceback (most recent call last):
  File "C:\Users\kai\PycharmProjects\pythonProject\noname\noname\spiders\noname_spider.py", line 274, in company_scrapy
    button = self.driver.find_element_by_xpath(
  File "c:\users\kai\pycharmprojects\pythonproject\venv\lib\site-packages\selenium\webdriver\remote\webdriver.py", line 394, in find_element_by_xpath
    return self.find_element(by=By.XPATH, value=xpath)
  File "c:\users\kai\pycharmprojects\pythonproject\venv\lib\site-packages\selenium\webdriver\remote\webdriver.py", line 976, in find_element
    return self.execute(Command.FIND_ELEMENT, {
  File "c:\users\kai\pycharmprojects\pythonproject\venv\lib\site-packages\selenium\webdriver\remote\webdriver.py", line 321, in execute
    self.error_handler.check_response(response)
  File "c:\users\kai\pycharmprojects\pythonproject\venv\lib\site-packages\selenium\webdriver\remote\errorhandler.py", line 242, in check_response
    raise exception_class(message, screen, stacktrace)
selenium.common.exceptions.NoSuchElementException: Message: no such element: Unable to locate element: {"method":"xpath","selector":"//div[@id='root']/div/div[contains(@class,'deepsesarch-dropdown-items')]/div[1]"}
  (Session info: chrome=91.0.4472.124)

2021-07-17 06:36_361670_삼영에스앤씨
Traceback (most recent call last):
  File "C:\Users\kai\PycharmProjects\pythonProject\noname\noname\spiders\noname_spider.py", line 274, in company_scrapy
    button = self.driver.find_element_by_xpath(
  File "c:\users\kai\pycharmprojects\pythonproject\venv\lib\site-packages\selenium\webdriver\remote\webdriver.py", line 394, in find_element_by_xpath
    return self.find_element(by=By.XPATH, value=xpath)
  File "c:\users\kai\pycharmprojects\pythonproject\venv\lib\site-packages\selenium\webdriver\remote\webdriver.py", line 976, in find_element
    return self.execute(Command.FIND_ELEMENT, {
  File "c:\users\kai\pycharmprojects\pythonproject\venv\lib\site-packages\selenium\webdriver\remote\webdriver.py", line 321, in execute
    self.error_handler.check_response(response)
  File "c:\users\kai\pycharmprojects\pythonproject\venv\lib\site-packages\selenium\webdriver\remote\errorhandler.py", line 242, in check_response
    raise exception_class(message, screen, stacktrace)
selenium.common.exceptions.NoSuchElementException: Message: no such element: Unable to locate element: {"method":"xpath","selector":"//div[@id='root']/div/div[contains(@class,'deepsesarch-dropdown-items')]/div[1]"}
  (Session info: chrome=91.0.4472.124)

2021-07-17 07:01_376190_엘비루셈
Traceback (most recent call last):
  File "C:\Users\kai\PycharmProjects\pythonProject\noname\noname\spiders\noname_spider.py", line 274, in company_scrapy
    button = self.driver.find_element_by_xpath(
  File "c:\users\kai\pycharmprojects\pythonproject\venv\lib\site-packages\selenium\webdriver\remote\webdriver.py", line 394, in find_element_by_xpath
    return self.find_element(by=By.XPATH, value=xpath)
  File "c:\users\kai\pycharmprojects\pythonproject\venv\lib\site-packages\selenium\webdriver\remote\webdriver.py", line 976, in find_element
    return self.execute(Command.FIND_ELEMENT, {
  File "c:\users\kai\pycharmprojects\pythonproject\venv\lib\site-packages\selenium\webdriver\remote\webdriver.py", line 321, in execute
    self.error_handler.check_response(response)
  File "c:\users\kai\pycharmprojects\pythonproject\venv\lib\site-packages\selenium\webdriver\remote\errorhandler.py", line 242, in check_response
    raise exception_class(message, screen, stacktrace)
selenium.common.exceptions.NoSuchElementException: Message: no such element: Unable to locate element: {"method":"xpath","selector":"//div[@id='root']/div/div[contains(@class,'deepsesarch-dropdown-items')]/div[1]"}
  (Session info: chrome=91.0.4472.124)

2021-07-17 07:04_377400_하이제6호스팩
Traceback (most recent call last):
  File "C:\Users\kai\PycharmProjects\pythonProject\noname\noname\spiders\noname_spider.py", line 283, in company_scrapy
    button = self.driver.find_element_by_xpath(
  File "c:\users\kai\pycharmprojects\pythonproject\venv\lib\site-packages\selenium\webdriver\remote\webdriver.py", line 394, in find_element_by_xpath
    return self.find_element(by=By.XPATH, value=xpath)
  File "c:\users\kai\pycharmprojects\pythonproject\venv\lib\site-packages\selenium\webdriver\remote\webdriver.py", line 976, in find_element
    return self.execute(Command.FIND_ELEMENT, {
  File "c:\users\kai\pycharmprojects\pythonproject\venv\lib\site-packages\selenium\webdriver\remote\webdriver.py", line 321, in execute
    self.error_handler.check_response(response)
  File "c:\users\kai\pycharmprojects\pythonproject\venv\lib\site-packages\selenium\webdriver\remote\errorhandler.py", line 242, in check_response
    raise exception_class(message, screen, stacktrace)
selenium.common.exceptions.NoSuchElementException: Message: no such element: Unable to locate element: {"method":"xpath","selector":"//div[@id='income-statement']//div[contains(@class,'table-container')]//span[@class='table-export-button']"}
  (Session info: chrome=91.0.4472.124)

2021-07-17 07:05_377400_하이제6호스팩
Traceback (most recent call last):
  File "C:\Users\kai\PycharmProjects\pythonProject\noname\noname\spiders\noname_spider.py", line 283, in company_scrapy
    button = self.driver.find_element_by_xpath(
  File "c:\users\kai\pycharmprojects\pythonproject\venv\lib\site-packages\selenium\webdriver\remote\webdriver.py", line 394, in find_element_by_xpath
    return self.find_element(by=By.XPATH, value=xpath)
  File "c:\users\kai\pycharmprojects\pythonproject\venv\lib\site-packages\selenium\webdriver\remote\webdriver.py", line 976, in find_element
    return self.execute(Command.FIND_ELEMENT, {
  File "c:\users\kai\pycharmprojects\pythonproject\venv\lib\site-packages\selenium\webdriver\remote\webdriver.py", line 321, in execute
    self.error_handler.check_response(response)
  File "c:\users\kai\pycharmprojects\pythonproject\venv\lib\site-packages\selenium\webdriver\remote\errorhandler.py", line 242, in check_response
    raise exception_class(message, screen, stacktrace)
selenium.common.exceptions.NoSuchElementException: Message: no such element: Unable to locate element: {"method":"xpath","selector":"//div[@id='income-statement']//div[contains(@class,'table-container')]//span[@class='table-export-button']"}
  (Session info: chrome=91.0.4472.124)

2021-07-17 07:07_377400_하이제6호스팩
Traceback (most recent call last):
  File "C:\Users\kai\PycharmProjects\pythonProject\noname\noname\spiders\noname_spider.py", line 283, in company_scrapy
    button = self.driver.find_element_by_xpath(
  File "c:\users\kai\pycharmprojects\pythonproject\venv\lib\site-packages\selenium\webdriver\remote\webdriver.py", line 394, in find_element_by_xpath
    return self.find_element(by=By.XPATH, value=xpath)
  File "c:\users\kai\pycharmprojects\pythonproject\venv\lib\site-packages\selenium\webdriver\remote\webdriver.py", line 976, in find_element
    return self.execute(Command.FIND_ELEMENT, {
  File "c:\users\kai\pycharmprojects\pythonproject\venv\lib\site-packages\selenium\webdriver\remote\webdriver.py", line 321, in execute
    self.error_handler.check_response(response)
  File "c:\users\kai\pycharmprojects\pythonproject\venv\lib\site-packages\selenium\webdriver\remote\errorhandler.py", line 242, in check_response
    raise exception_class(message, screen, stacktrace)
selenium.common.exceptions.NoSuchElementException: Message: no such element: Unable to locate element: {"method":"xpath","selector":"//div[@id='income-statement']//div[contains(@class,'table-container')]//span[@class='table-export-button']"}
  (Session info: chrome=91.0.4472.124)

2021-07-17 07:08_377630_삼성스팩4호
Traceback (most recent call last):
  File "C:\Users\kai\PycharmProjects\pythonProject\noname\noname\spiders\noname_spider.py", line 283, in company_scrapy
    button = self.driver.find_element_by_xpath(
  File "c:\users\kai\pycharmprojects\pythonproject\venv\lib\site-packages\selenium\webdriver\remote\webdriver.py", line 394, in find_element_by_xpath
    return self.find_element(by=By.XPATH, value=xpath)
  File "c:\users\kai\pycharmprojects\pythonproject\venv\lib\site-packages\selenium\webdriver\remote\webdriver.py", line 976, in find_element
    return self.execute(Command.FIND_ELEMENT, {
  File "c:\users\kai\pycharmprojects\pythonproject\venv\lib\site-packages\selenium\webdriver\remote\webdriver.py", line 321, in execute
    self.error_handler.check_response(response)
  File "c:\users\kai\pycharmprojects\pythonproject\venv\lib\site-packages\selenium\webdriver\remote\errorhandler.py", line 242, in check_response
    raise exception_class(message, screen, stacktrace)
selenium.common.exceptions.NoSuchElementException: Message: no such element: Unable to locate element: {"method":"xpath","selector":"//div[@id='income-statement']//div[contains(@class,'table-container')]//span[@class='table-export-button']"}
  (Session info: chrome=91.0.4472.124)

2021-07-17 07:10_377630_삼성스팩4호
Traceback (most recent call last):
  File "C:\Users\kai\PycharmProjects\pythonProject\noname\noname\spiders\noname_spider.py", line 283, in company_scrapy
    button = self.driver.find_element_by_xpath(
  File "c:\users\kai\pycharmprojects\pythonproject\venv\lib\site-packages\selenium\webdriver\remote\webdriver.py", line 394, in find_element_by_xpath
    return self.find_element(by=By.XPATH, value=xpath)
  File "c:\users\kai\pycharmprojects\pythonproject\venv\lib\site-packages\selenium\webdriver\remote\webdriver.py", line 976, in find_element
    return self.execute(Command.FIND_ELEMENT, {
  File "c:\users\kai\pycharmprojects\pythonproject\venv\lib\site-packages\selenium\webdriver\remote\webdriver.py", line 321, in execute
    self.error_handler.check_response(response)
  File "c:\users\kai\pycharmprojects\pythonproject\venv\lib\site-packages\selenium\webdriver\remote\errorhandler.py", line 242, in check_response
    raise exception_class(message, screen, stacktrace)
selenium.common.exceptions.NoSuchElementException: Message: no such element: Unable to locate element: {"method":"xpath","selector":"//div[@id='income-statement']//div[contains(@class,'table-container')]//span[@class='table-export-button']"}
  (Session info: chrome=91.0.4472.124)

2021-07-17 07:11_377630_삼성스팩4호
Traceback (most recent call last):
  File "C:\Users\kai\PycharmProjects\pythonProject\noname\noname\spiders\noname_spider.py", line 283, in company_scrapy
    button = self.driver.find_element_by_xpath(
  File "c:\users\kai\pycharmprojects\pythonproject\venv\lib\site-packages\selenium\webdriver\remote\webdriver.py", line 394, in find_element_by_xpath
    return self.find_element(by=By.XPATH, value=xpath)
  File "c:\users\kai\pycharmprojects\pythonproject\venv\lib\site-packages\selenium\webdriver\remote\webdriver.py", line 976, in find_element
    return self.execute(Command.FIND_ELEMENT, {
  File "c:\users\kai\pycharmprojects\pythonproject\venv\lib\site-packages\selenium\webdriver\remote\webdriver.py", line 321, in execute
    self.error_handler.check_response(response)
  File "c:\users\kai\pycharmprojects\pythonproject\venv\lib\site-packages\selenium\webdriver\remote\errorhandler.py", line 242, in check_response
    raise exception_class(message, screen, stacktrace)
selenium.common.exceptions.NoSuchElementException: Message: no such element: Unable to locate element: {"method":"xpath","selector":"//div[@id='income-statement']//div[contains(@class,'table-container')]//span[@class='table-export-button']"}
  (Session info: chrome=91.0.4472.124)

2021-07-17 07:16_380320_삼성머스트스팩5호
Traceback (most recent call last):
  File "C:\Users\kai\PycharmProjects\pythonProject\noname\noname\spiders\noname_spider.py", line 283, in company_scrapy
    button = self.driver.find_element_by_xpath(
  File "c:\users\kai\pycharmprojects\pythonproject\venv\lib\site-packages\selenium\webdriver\remote\webdriver.py", line 394, in find_element_by_xpath
    return self.find_element(by=By.XPATH, value=xpath)
  File "c:\users\kai\pycharmprojects\pythonproject\venv\lib\site-packages\selenium\webdriver\remote\webdriver.py", line 976, in find_element
    return self.execute(Command.FIND_ELEMENT, {
  File "c:\users\kai\pycharmprojects\pythonproject\venv\lib\site-packages\selenium\webdriver\remote\webdriver.py", line 321, in execute
    self.error_handler.check_response(response)
  File "c:\users\kai\pycharmprojects\pythonproject\venv\lib\site-packages\selenium\webdriver\remote\errorhandler.py", line 242, in check_response
    raise exception_class(message, screen, stacktrace)
selenium.common.exceptions.NoSuchElementException: Message: no such element: Unable to locate element: {"method":"xpath","selector":"//div[@id='income-statement']//div[contains(@class,'table-container')]//span[@class='table-export-button']"}
  (Session info: chrome=91.0.4472.124)

2021-07-17 07:17_380320_삼성머스트스팩5호
Traceback (most recent call last):
  File "C:\Users\kai\PycharmProjects\pythonProject\noname\noname\spiders\noname_spider.py", line 283, in company_scrapy
    button = self.driver.find_element_by_xpath(
  File "c:\users\kai\pycharmprojects\pythonproject\venv\lib\site-packages\selenium\webdriver\remote\webdriver.py", line 394, in find_element_by_xpath
    return self.find_element(by=By.XPATH, value=xpath)
  File "c:\users\kai\pycharmprojects\pythonproject\venv\lib\site-packages\selenium\webdriver\remote\webdriver.py", line 976, in find_element
    return self.execute(Command.FIND_ELEMENT, {
  File "c:\users\kai\pycharmprojects\pythonproject\venv\lib\site-packages\selenium\webdriver\remote\webdriver.py", line 321, in execute
    self.error_handler.check_response(response)
  File "c:\users\kai\pycharmprojects\pythonproject\venv\lib\site-packages\selenium\webdriver\remote\errorhandler.py", line 242, in check_response
    raise exception_class(message, screen, stacktrace)
selenium.common.exceptions.NoSuchElementException: Message: no such element: Unable to locate element: {"method":"xpath","selector":"//div[@id='income-statement']//div[contains(@class,'table-container')]//span[@class='table-export-button']"}
  (Session info: chrome=91.0.4472.124)

2021-07-17 07:19_380320_삼성머스트스팩5호
Traceback (most recent call last):
  File "C:\Users\kai\PycharmProjects\pythonProject\noname\noname\spiders\noname_spider.py", line 283, in company_scrapy
    button = self.driver.find_element_by_xpath(
  File "c:\users\kai\pycharmprojects\pythonproject\venv\lib\site-packages\selenium\webdriver\remote\webdriver.py", line 394, in find_element_by_xpath
    return self.find_element(by=By.XPATH, value=xpath)
  File "c:\users\kai\pycharmprojects\pythonproject\venv\lib\site-packages\selenium\webdriver\remote\webdriver.py", line 976, in find_element
    return self.execute(Command.FIND_ELEMENT, {
  File "c:\users\kai\pycharmprojects\pythonproject\venv\lib\site-packages\selenium\webdriver\remote\webdriver.py", line 321, in execute
    self.error_handler.check_response(response)
  File "c:\users\kai\pycharmprojects\pythonproject\venv\lib\site-packages\selenium\webdriver\remote\errorhandler.py", line 242, in check_response
    raise exception_class(message, screen, stacktrace)
selenium.common.exceptions.NoSuchElementException: Message: no such element: Unable to locate element: {"method":"xpath","selector":"//div[@id='income-statement']//div[contains(@class,'table-container')]//span[@class='table-export-button']"}
  (Session info: chrome=91.0.4472.124)

2021-07-17 07:20_380440_엔에이치스팩19호
Traceback (most recent call last):
  File "C:\Users\kai\PycharmProjects\pythonProject\noname\noname\spiders\noname_spider.py", line 283, in company_scrapy
    button = self.driver.find_element_by_xpath(
  File "c:\users\kai\pycharmprojects\pythonproject\venv\lib\site-packages\selenium\webdriver\remote\webdriver.py", line 394, in find_element_by_xpath
    return self.find_element(by=By.XPATH, value=xpath)
  File "c:\users\kai\pycharmprojects\pythonproject\venv\lib\site-packages\selenium\webdriver\remote\webdriver.py", line 976, in find_element
    return self.execute(Command.FIND_ELEMENT, {
  File "c:\users\kai\pycharmprojects\pythonproject\venv\lib\site-packages\selenium\webdriver\remote\webdriver.py", line 321, in execute
    self.error_handler.check_response(response)
  File "c:\users\kai\pycharmprojects\pythonproject\venv\lib\site-packages\selenium\webdriver\remote\errorhandler.py", line 242, in check_response
    raise exception_class(message, screen, stacktrace)
selenium.common.exceptions.NoSuchElementException: Message: no such element: Unable to locate element: {"method":"xpath","selector":"//div[@id='income-statement']//div[contains(@class,'table-container')]//span[@class='table-export-button']"}
  (Session info: chrome=91.0.4472.124)

2021-07-17 07:22_380440_엔에이치스팩19호
Traceback (most recent call last):
  File "C:\Users\kai\PycharmProjects\pythonProject\noname\noname\spiders\noname_spider.py", line 283, in company_scrapy
    button = self.driver.find_element_by_xpath(
  File "c:\users\kai\pycharmprojects\pythonproject\venv\lib\site-packages\selenium\webdriver\remote\webdriver.py", line 394, in find_element_by_xpath
    return self.find_element(by=By.XPATH, value=xpath)
  File "c:\users\kai\pycharmprojects\pythonproject\venv\lib\site-packages\selenium\webdriver\remote\webdriver.py", line 976, in find_element
    return self.execute(Command.FIND_ELEMENT, {
  File "c:\users\kai\pycharmprojects\pythonproject\venv\lib\site-packages\selenium\webdriver\remote\webdriver.py", line 321, in execute
    self.error_handler.check_response(response)
  File "c:\users\kai\pycharmprojects\pythonproject\venv\lib\site-packages\selenium\webdriver\remote\errorhandler.py", line 242, in check_response
    raise exception_class(message, screen, stacktrace)
selenium.common.exceptions.NoSuchElementException: Message: no such element: Unable to locate element: {"method":"xpath","selector":"//div[@id='income-statement']//div[contains(@class,'table-container')]//span[@class='table-export-button']"}
  (Session info: chrome=91.0.4472.124)

2021-07-17 07:23_380440_엔에이치스팩19호
Traceback (most recent call last):
  File "C:\Users\kai\PycharmProjects\pythonProject\noname\noname\spiders\noname_spider.py", line 283, in company_scrapy
    button = self.driver.find_element_by_xpath(
  File "c:\users\kai\pycharmprojects\pythonproject\venv\lib\site-packages\selenium\webdriver\remote\webdriver.py", line 394, in find_element_by_xpath
    return self.find_element(by=By.XPATH, value=xpath)
  File "c:\users\kai\pycharmprojects\pythonproject\venv\lib\site-packages\selenium\webdriver\remote\webdriver.py", line 976, in find_element
    return self.execute(Command.FIND_ELEMENT, {
  File "c:\users\kai\pycharmprojects\pythonproject\venv\lib\site-packages\selenium\webdriver\remote\webdriver.py", line 321, in execute
    self.error_handler.check_response(response)
  File "c:\users\kai\pycharmprojects\pythonproject\venv\lib\site-packages\selenium\webdriver\remote\errorhandler.py", line 242, in check_response
    raise exception_class(message, screen, stacktrace)
selenium.common.exceptions.NoSuchElementException: Message: no such element: Unable to locate element: {"method":"xpath","selector":"//div[@id='income-statement']//div[contains(@class,'table-container')]//span[@class='table-export-button']"}
  (Session info: chrome=91.0.4472.124)

2021-07-17 07:25_383220_F&F
Traceback (most recent call last):
  File "C:\Users\kai\PycharmProjects\pythonProject\noname\noname\spiders\noname_spider.py", line 283, in company_scrapy
    button = self.driver.find_element_by_xpath(
  File "c:\users\kai\pycharmprojects\pythonproject\venv\lib\site-packages\selenium\webdriver\remote\webdriver.py", line 394, in find_element_by_xpath
    return self.find_element(by=By.XPATH, value=xpath)
  File "c:\users\kai\pycharmprojects\pythonproject\venv\lib\site-packages\selenium\webdriver\remote\webdriver.py", line 976, in find_element
    return self.execute(Command.FIND_ELEMENT, {
  File "c:\users\kai\pycharmprojects\pythonproject\venv\lib\site-packages\selenium\webdriver\remote\webdriver.py", line 321, in execute
    self.error_handler.check_response(response)
  File "c:\users\kai\pycharmprojects\pythonproject\venv\lib\site-packages\selenium\webdriver\remote\errorhandler.py", line 242, in check_response
    raise exception_class(message, screen, stacktrace)
selenium.common.exceptions.NoSuchElementException: Message: no such element: Unable to locate element: {"method":"xpath","selector":"//div[@id='income-statement']//div[contains(@class,'table-container')]//span[@class='table-export-button']"}
  (Session info: chrome=91.0.4472.124)

2021-07-17 07:27_383220_F&F
Traceback (most recent call last):
  File "C:\Users\kai\PycharmProjects\pythonProject\noname\noname\spiders\noname_spider.py", line 283, in company_scrapy
    button = self.driver.find_element_by_xpath(
  File "c:\users\kai\pycharmprojects\pythonproject\venv\lib\site-packages\selenium\webdriver\remote\webdriver.py", line 394, in find_element_by_xpath
    return self.find_element(by=By.XPATH, value=xpath)
  File "c:\users\kai\pycharmprojects\pythonproject\venv\lib\site-packages\selenium\webdriver\remote\webdriver.py", line 976, in find_element
    return self.execute(Command.FIND_ELEMENT, {
  File "c:\users\kai\pycharmprojects\pythonproject\venv\lib\site-packages\selenium\webdriver\remote\webdriver.py", line 321, in execute
    self.error_handler.check_response(response)
  File "c:\users\kai\pycharmprojects\pythonproject\venv\lib\site-packages\selenium\webdriver\remote\errorhandler.py", line 242, in check_response
    raise exception_class(message, screen, stacktrace)
selenium.common.exceptions.NoSuchElementException: Message: no such element: Unable to locate element: {"method":"xpath","selector":"//div[@id='income-statement']//div[contains(@class,'table-container')]//span[@class='table-export-button']"}
  (Session info: chrome=91.0.4472.124)

2021-07-17 07:28_383220_F&F
Traceback (most recent call last):
  File "C:\Users\kai\PycharmProjects\pythonProject\noname\noname\spiders\noname_spider.py", line 283, in company_scrapy
    button = self.driver.find_element_by_xpath(
  File "c:\users\kai\pycharmprojects\pythonproject\venv\lib\site-packages\selenium\webdriver\remote\webdriver.py", line 394, in find_element_by_xpath
    return self.find_element(by=By.XPATH, value=xpath)
  File "c:\users\kai\pycharmprojects\pythonproject\venv\lib\site-packages\selenium\webdriver\remote\webdriver.py", line 976, in find_element
    return self.execute(Command.FIND_ELEMENT, {
  File "c:\users\kai\pycharmprojects\pythonproject\venv\lib\site-packages\selenium\webdriver\remote\webdriver.py", line 321, in execute
    self.error_handler.check_response(response)
  File "c:\users\kai\pycharmprojects\pythonproject\venv\lib\site-packages\selenium\webdriver\remote\errorhandler.py", line 242, in check_response
    raise exception_class(message, screen, stacktrace)
selenium.common.exceptions.NoSuchElementException: Message: no such element: Unable to locate element: {"method":"xpath","selector":"//div[@id='income-statement']//div[contains(@class,'table-container')]//span[@class='table-export-button']"}
  (Session info: chrome=91.0.4472.124)

2021-07-17 07:30_383310_에코프로에이치엔
Traceback (most recent call last):
  File "C:\Users\kai\PycharmProjects\pythonProject\noname\noname\spiders\noname_spider.py", line 283, in company_scrapy
    button = self.driver.find_element_by_xpath(
  File "c:\users\kai\pycharmprojects\pythonproject\venv\lib\site-packages\selenium\webdriver\remote\webdriver.py", line 394, in find_element_by_xpath
    return self.find_element(by=By.XPATH, value=xpath)
  File "c:\users\kai\pycharmprojects\pythonproject\venv\lib\site-packages\selenium\webdriver\remote\webdriver.py", line 976, in find_element
    return self.execute(Command.FIND_ELEMENT, {
  File "c:\users\kai\pycharmprojects\pythonproject\venv\lib\site-packages\selenium\webdriver\remote\webdriver.py", line 321, in execute
    self.error_handler.check_response(response)
  File "c:\users\kai\pycharmprojects\pythonproject\venv\lib\site-packages\selenium\webdriver\remote\errorhandler.py", line 242, in check_response
    raise exception_class(message, screen, stacktrace)
selenium.common.exceptions.NoSuchElementException: Message: no such element: Unable to locate element: {"method":"xpath","selector":"//div[@id='income-statement']//div[contains(@class,'table-container')]//span[@class='table-export-button']"}
  (Session info: chrome=91.0.4472.124)

2021-07-17 07:31_383310_에코프로에이치엔
Traceback (most recent call last):
  File "C:\Users\kai\PycharmProjects\pythonProject\noname\noname\spiders\noname_spider.py", line 283, in company_scrapy
    button = self.driver.find_element_by_xpath(
  File "c:\users\kai\pycharmprojects\pythonproject\venv\lib\site-packages\selenium\webdriver\remote\webdriver.py", line 394, in find_element_by_xpath
    return self.find_element(by=By.XPATH, value=xpath)
  File "c:\users\kai\pycharmprojects\pythonproject\venv\lib\site-packages\selenium\webdriver\remote\webdriver.py", line 976, in find_element
    return self.execute(Command.FIND_ELEMENT, {
  File "c:\users\kai\pycharmprojects\pythonproject\venv\lib\site-packages\selenium\webdriver\remote\webdriver.py", line 321, in execute
    self.error_handler.check_response(response)
  File "c:\users\kai\pycharmprojects\pythonproject\venv\lib\site-packages\selenium\webdriver\remote\errorhandler.py", line 242, in check_response
    raise exception_class(message, screen, stacktrace)
selenium.common.exceptions.NoSuchElementException: Message: no such element: Unable to locate element: {"method":"xpath","selector":"//div[@id='income-statement']//div[contains(@class,'table-container')]//span[@class='table-export-button']"}
  (Session info: chrome=91.0.4472.124)

2021-07-17 07:33_383310_에코프로에이치엔
Traceback (most recent call last):
  File "C:\Users\kai\PycharmProjects\pythonProject\noname\noname\spiders\noname_spider.py", line 283, in company_scrapy
    button = self.driver.find_element_by_xpath(
  File "c:\users\kai\pycharmprojects\pythonproject\venv\lib\site-packages\selenium\webdriver\remote\webdriver.py", line 394, in find_element_by_xpath
    return self.find_element(by=By.XPATH, value=xpath)
  File "c:\users\kai\pycharmprojects\pythonproject\venv\lib\site-packages\selenium\webdriver\remote\webdriver.py", line 976, in find_element
    return self.execute(Command.FIND_ELEMENT, {
  File "c:\users\kai\pycharmprojects\pythonproject\venv\lib\site-packages\selenium\webdriver\remote\webdriver.py", line 321, in execute
    self.error_handler.check_response(response)
  File "c:\users\kai\pycharmprojects\pythonproject\venv\lib\site-packages\selenium\webdriver\remote\errorhandler.py", line 242, in check_response
    raise exception_class(message, screen, stacktrace)
selenium.common.exceptions.NoSuchElementException: Message: no such element: Unable to locate element: {"method":"xpath","selector":"//div[@id='income-statement']//div[contains(@class,'table-container')]//span[@class='table-export-button']"}
  (Session info: chrome=91.0.4472.124)

2021-07-17 07:34_383800_LX홀딩스
Traceback (most recent call last):
  File "C:\Users\kai\PycharmProjects\pythonProject\noname\noname\spiders\noname_spider.py", line 283, in company_scrapy
    button = self.driver.find_element_by_xpath(
  File "c:\users\kai\pycharmprojects\pythonproject\venv\lib\site-packages\selenium\webdriver\remote\webdriver.py", line 394, in find_element_by_xpath
    return self.find_element(by=By.XPATH, value=xpath)
  File "c:\users\kai\pycharmprojects\pythonproject\venv\lib\site-packages\selenium\webdriver\remote\webdriver.py", line 976, in find_element
    return self.execute(Command.FIND_ELEMENT, {
  File "c:\users\kai\pycharmprojects\pythonproject\venv\lib\site-packages\selenium\webdriver\remote\webdriver.py", line 321, in execute
    self.error_handler.check_response(response)
  File "c:\users\kai\pycharmprojects\pythonproject\venv\lib\site-packages\selenium\webdriver\remote\errorhandler.py", line 242, in check_response
    raise exception_class(message, screen, stacktrace)
selenium.common.exceptions.NoSuchElementException: Message: no such element: Unable to locate element: {"method":"xpath","selector":"//div[@id='income-statement']//div[contains(@class,'table-container')]//span[@class='table-export-button']"}
  (Session info: chrome=91.0.4472.124)

2021-07-17 07:36_383800_LX홀딩스
Traceback (most recent call last):
  File "C:\Users\kai\PycharmProjects\pythonProject\noname\noname\spiders\noname_spider.py", line 283, in company_scrapy
    button = self.driver.find_element_by_xpath(
  File "c:\users\kai\pycharmprojects\pythonproject\venv\lib\site-packages\selenium\webdriver\remote\webdriver.py", line 394, in find_element_by_xpath
    return self.find_element(by=By.XPATH, value=xpath)
  File "c:\users\kai\pycharmprojects\pythonproject\venv\lib\site-packages\selenium\webdriver\remote\webdriver.py", line 976, in find_element
    return self.execute(Command.FIND_ELEMENT, {
  File "c:\users\kai\pycharmprojects\pythonproject\venv\lib\site-packages\selenium\webdriver\remote\webdriver.py", line 321, in execute
    self.error_handler.check_response(response)
  File "c:\users\kai\pycharmprojects\pythonproject\venv\lib\site-packages\selenium\webdriver\remote\errorhandler.py", line 242, in check_response
    raise exception_class(message, screen, stacktrace)
selenium.common.exceptions.NoSuchElementException: Message: no such element: Unable to locate element: {"method":"xpath","selector":"//div[@id='income-statement']//div[contains(@class,'table-container')]//span[@class='table-export-button']"}
  (Session info: chrome=91.0.4472.124)

2021-07-17 07:38_383800_LX홀딩스
Traceback (most recent call last):
  File "C:\Users\kai\PycharmProjects\pythonProject\noname\noname\spiders\noname_spider.py", line 283, in company_scrapy
    button = self.driver.find_element_by_xpath(
  File "c:\users\kai\pycharmprojects\pythonproject\venv\lib\site-packages\selenium\webdriver\remote\webdriver.py", line 394, in find_element_by_xpath
    return self.find_element(by=By.XPATH, value=xpath)
  File "c:\users\kai\pycharmprojects\pythonproject\venv\lib\site-packages\selenium\webdriver\remote\webdriver.py", line 976, in find_element
    return self.execute(Command.FIND_ELEMENT, {
  File "c:\users\kai\pycharmprojects\pythonproject\venv\lib\site-packages\selenium\webdriver\remote\webdriver.py", line 321, in execute
    self.error_handler.check_response(response)
  File "c:\users\kai\pycharmprojects\pythonproject\venv\lib\site-packages\selenium\webdriver\remote\errorhandler.py", line 242, in check_response
    raise exception_class(message, screen, stacktrace)
selenium.common.exceptions.NoSuchElementException: Message: no such element: Unable to locate element: {"method":"xpath","selector":"//div[@id='income-statement']//div[contains(@class,'table-container')]//span[@class='table-export-button']"}
  (Session info: chrome=91.0.4472.124)

2021-07-17 07:49_900270_헝셩그룹
Traceback (most recent call last):
  File "C:\Users\kai\PycharmProjects\pythonProject\noname\noname\spiders\noname_spider.py", line 274, in company_scrapy
    button = self.driver.find_element_by_xpath(
  File "c:\users\kai\pycharmprojects\pythonproject\venv\lib\site-packages\selenium\webdriver\remote\webdriver.py", line 394, in find_element_by_xpath
    return self.find_element(by=By.XPATH, value=xpath)
  File "c:\users\kai\pycharmprojects\pythonproject\venv\lib\site-packages\selenium\webdriver\remote\webdriver.py", line 976, in find_element
    return self.execute(Command.FIND_ELEMENT, {
  File "c:\users\kai\pycharmprojects\pythonproject\venv\lib\site-packages\selenium\webdriver\remote\webdriver.py", line 321, in execute
    self.error_handler.check_response(response)
  File "c:\users\kai\pycharmprojects\pythonproject\venv\lib\site-packages\selenium\webdriver\remote\errorhandler.py", line 242, in check_response
    raise exception_class(message, screen, stacktrace)
selenium.common.exceptions.NoSuchElementException: Message: no such element: Unable to locate element: {"method":"xpath","selector":"//div[@id='root']/div/div[contains(@class,'deepsesarch-dropdown-items')]/div[1]"}
  (Session info: chrome=91.0.4472.124)

2021-07-17 07:53_900290_GRT
Traceback (most recent call last):
  File "C:\Users\kai\PycharmProjects\pythonProject\noname\noname\spiders\noname_spider.py", line 274, in company_scrapy
    button = self.driver.find_element_by_xpath(
  File "c:\users\kai\pycharmprojects\pythonproject\venv\lib\site-packages\selenium\webdriver\remote\webdriver.py", line 394, in find_element_by_xpath
    return self.find_element(by=By.XPATH, value=xpath)
  File "c:\users\kai\pycharmprojects\pythonproject\venv\lib\site-packages\selenium\webdriver\remote\webdriver.py", line 976, in find_element
    return self.execute(Command.FIND_ELEMENT, {
  File "c:\users\kai\pycharmprojects\pythonproject\venv\lib\site-packages\selenium\webdriver\remote\webdriver.py", line 321, in execute
    self.error_handler.check_response(response)
  File "c:\users\kai\pycharmprojects\pythonproject\venv\lib\site-packages\selenium\webdriver\remote\errorhandler.py", line 242, in check_response
    raise exception_class(message, screen, stacktrace)
selenium.common.exceptions.NoSuchElementException: Message: no such element: Unable to locate element: {"method":"xpath","selector":"//div[@id='root']/div/div[contains(@class,'deepsesarch-dropdown-items')]/div[1]"}
  (Session info: chrome=91.0.4472.124)

2021-07-17 07:56_900300_오가닉티코스메틱
Traceback (most recent call last):
  File "C:\Users\kai\PycharmProjects\pythonProject\noname\noname\spiders\noname_spider.py", line 274, in company_scrapy
    button = self.driver.find_element_by_xpath(
  File "c:\users\kai\pycharmprojects\pythonproject\venv\lib\site-packages\selenium\webdriver\remote\webdriver.py", line 394, in find_element_by_xpath
    return self.find_element(by=By.XPATH, value=xpath)
  File "c:\users\kai\pycharmprojects\pythonproject\venv\lib\site-packages\selenium\webdriver\remote\webdriver.py", line 976, in find_element
    return self.execute(Command.FIND_ELEMENT, {
  File "c:\users\kai\pycharmprojects\pythonproject\venv\lib\site-packages\selenium\webdriver\remote\webdriver.py", line 321, in execute
    self.error_handler.check_response(response)
  File "c:\users\kai\pycharmprojects\pythonproject\venv\lib\site-packages\selenium\webdriver\remote\errorhandler.py", line 242, in check_response
    raise exception_class(message, screen, stacktrace)
selenium.common.exceptions.NoSuchElementException: Message: no such element: Unable to locate element: {"method":"xpath","selector":"//div[@id='root']/div/div[contains(@class,'deepsesarch-dropdown-items')]/div[1]"}
  (Session info: chrome=91.0.4472.124)

2021-07-17 07:58_900310_컬러레이
Traceback (most recent call last):
  File "C:\Users\kai\PycharmProjects\pythonProject\noname\noname\spiders\noname_spider.py", line 274, in company_scrapy
    button = self.driver.find_element_by_xpath(
  File "c:\users\kai\pycharmprojects\pythonproject\venv\lib\site-packages\selenium\webdriver\remote\webdriver.py", line 394, in find_element_by_xpath
    return self.find_element(by=By.XPATH, value=xpath)
  File "c:\users\kai\pycharmprojects\pythonproject\venv\lib\site-packages\selenium\webdriver\remote\webdriver.py", line 976, in find_element
    return self.execute(Command.FIND_ELEMENT, {
  File "c:\users\kai\pycharmprojects\pythonproject\venv\lib\site-packages\selenium\webdriver\remote\webdriver.py", line 321, in execute
    self.error_handler.check_response(response)
  File "c:\users\kai\pycharmprojects\pythonproject\venv\lib\site-packages\selenium\webdriver\remote\errorhandler.py", line 242, in check_response
    raise exception_class(message, screen, stacktrace)
selenium.common.exceptions.NoSuchElementException: Message: no such element: Unable to locate element: {"method":"xpath","selector":"//div[@id='root']/div/div[contains(@class,'deepsesarch-dropdown-items')]/div[1]"}
  (Session info: chrome=91.0.4472.124)

2021-07-17 08:06_950160_코오롱티슈진
Traceback (most recent call last):
  File "C:\Users\kai\PycharmProjects\pythonProject\noname\noname\spiders\noname_spider.py", line 274, in company_scrapy
    button = self.driver.find_element_by_xpath(
  File "c:\users\kai\pycharmprojects\pythonproject\venv\lib\site-packages\selenium\webdriver\remote\webdriver.py", line 394, in find_element_by_xpath
    return self.find_element(by=By.XPATH, value=xpath)
  File "c:\users\kai\pycharmprojects\pythonproject\venv\lib\site-packages\selenium\webdriver\remote\webdriver.py", line 976, in find_element
    return self.execute(Command.FIND_ELEMENT, {
  File "c:\users\kai\pycharmprojects\pythonproject\venv\lib\site-packages\selenium\webdriver\remote\webdriver.py", line 321, in execute
    self.error_handler.check_response(response)
  File "c:\users\kai\pycharmprojects\pythonproject\venv\lib\site-packages\selenium\webdriver\remote\errorhandler.py", line 242, in check_response
    raise exception_class(message, screen, stacktrace)
selenium.common.exceptions.NoSuchElementException: Message: no such element: Unable to locate element: {"method":"xpath","selector":"//div[@id='root']/div/div[contains(@class,'deepsesarch-dropdown-items')]/div[1]"}
  (Session info: chrome=91.0.4472.124)

2021-07-17 08:09_950170_JTC
Traceback (most recent call last):
  File "C:\Users\kai\PycharmProjects\pythonProject\noname\noname\spiders\noname_spider.py", line 274, in company_scrapy
    button = self.driver.find_element_by_xpath(
  File "c:\users\kai\pycharmprojects\pythonproject\venv\lib\site-packages\selenium\webdriver\remote\webdriver.py", line 394, in find_element_by_xpath
    return self.find_element(by=By.XPATH, value=xpath)
  File "c:\users\kai\pycharmprojects\pythonproject\venv\lib\site-packages\selenium\webdriver\remote\webdriver.py", line 976, in find_element
    return self.execute(Command.FIND_ELEMENT, {
  File "c:\users\kai\pycharmprojects\pythonproject\venv\lib\site-packages\selenium\webdriver\remote\webdriver.py", line 321, in execute
    self.error_handler.check_response(response)
  File "c:\users\kai\pycharmprojects\pythonproject\venv\lib\site-packages\selenium\webdriver\remote\errorhandler.py", line 242, in check_response
    raise exception_class(message, screen, stacktrace)
selenium.common.exceptions.NoSuchElementException: Message: no such element: Unable to locate element: {"method":"xpath","selector":"//div[@id='root']/div/div[contains(@class,'deepsesarch-dropdown-items')]/div[1]"}
  (Session info: chrome=91.0.4472.124)

2021-07-17 08:15_950210_프레스티지바이오파마
Traceback (most recent call last):
  File "C:\Users\kai\PycharmProjects\pythonProject\noname\noname\spiders\noname_spider.py", line 250, in company_scrapy
    button = self.driver.find_element_by_xpath(
  File "c:\users\kai\pycharmprojects\pythonproject\venv\lib\site-packages\selenium\webdriver\remote\webdriver.py", line 394, in find_element_by_xpath
    return self.find_element(by=By.XPATH, value=xpath)
  File "c:\users\kai\pycharmprojects\pythonproject\venv\lib\site-packages\selenium\webdriver\remote\webdriver.py", line 976, in find_element
    return self.execute(Command.FIND_ELEMENT, {
  File "c:\users\kai\pycharmprojects\pythonproject\venv\lib\site-packages\selenium\webdriver\remote\webdriver.py", line 321, in execute
    self.error_handler.check_response(response)
  File "c:\users\kai\pycharmprojects\pythonproject\venv\lib\site-packages\selenium\webdriver\remote\errorhandler.py", line 242, in check_response
    raise exception_class(message, screen, stacktrace)
selenium.common.exceptions.NoSuchElementException: Message: no such element: Unable to locate element: {"method":"xpath","selector":"//div[@id='income-statement']//div[contains(@class,'header-text')]//div[contains(@class,'options')]/div[1]/div"}
  (Session info: chrome=91.0.4472.124)

2021-07-17 08:16_950210_프레스티지바이오파마
Traceback (most recent call last):
  File "C:\Users\kai\PycharmProjects\pythonProject\noname\noname\spiders\noname_spider.py", line 250, in company_scrapy
    button = self.driver.find_element_by_xpath(
  File "c:\users\kai\pycharmprojects\pythonproject\venv\lib\site-packages\selenium\webdriver\remote\webdriver.py", line 394, in find_element_by_xpath
    return self.find_element(by=By.XPATH, value=xpath)
  File "c:\users\kai\pycharmprojects\pythonproject\venv\lib\site-packages\selenium\webdriver\remote\webdriver.py", line 976, in find_element
    return self.execute(Command.FIND_ELEMENT, {
  File "c:\users\kai\pycharmprojects\pythonproject\venv\lib\site-packages\selenium\webdriver\remote\webdriver.py", line 321, in execute
    self.error_handler.check_response(response)
  File "c:\users\kai\pycharmprojects\pythonproject\venv\lib\site-packages\selenium\webdriver\remote\errorhandler.py", line 242, in check_response
    raise exception_class(message, screen, stacktrace)
selenium.common.exceptions.NoSuchElementException: Message: no such element: Unable to locate element: {"method":"xpath","selector":"//div[@id='income-statement']//div[contains(@class,'header-text')]//div[contains(@class,'options')]/div[1]/div"}
  (Session info: chrome=91.0.4472.124)

2021-07-17 08:17_950210_프레스티지바이오파마
Traceback (most recent call last):
  File "C:\Users\kai\PycharmProjects\pythonProject\noname\noname\spiders\noname_spider.py", line 250, in company_scrapy
    button = self.driver.find_element_by_xpath(
  File "c:\users\kai\pycharmprojects\pythonproject\venv\lib\site-packages\selenium\webdriver\remote\webdriver.py", line 394, in find_element_by_xpath
    return self.find_element(by=By.XPATH, value=xpath)
  File "c:\users\kai\pycharmprojects\pythonproject\venv\lib\site-packages\selenium\webdriver\remote\webdriver.py", line 976, in find_element
    return self.execute(Command.FIND_ELEMENT, {
  File "c:\users\kai\pycharmprojects\pythonproject\venv\lib\site-packages\selenium\webdriver\remote\webdriver.py", line 321, in execute
    self.error_handler.check_response(response)
  File "c:\users\kai\pycharmprojects\pythonproject\venv\lib\site-packages\selenium\webdriver\remote\errorhandler.py", line 242, in check_response
    raise exception_class(message, screen, stacktrace)
selenium.common.exceptions.NoSuchElementException: Message: no such element: Unable to locate element: {"method":"xpath","selector":"//div[@id='income-statement']//div[contains(@class,'header-text')]//div[contains(@class,'options')]/div[1]/div"}
  (Session info: chrome=91.0.4472.124)

2021-07-17 09:45_096300_베트남개발1
Traceback (most recent call last):
  File "C:\Users\kai\PycharmProjects\pythonProject\noname\noname\spiders\noname_spider.py", line 283, in company_scrapy
    button = self.driver.find_element_by_xpath(
  File "c:\users\kai\pycharmprojects\pythonproject\venv\lib\site-packages\selenium\webdriver\remote\webdriver.py", line 394, in find_element_by_xpath
    return self.find_element(by=By.XPATH, value=xpath)
  File "c:\users\kai\pycharmprojects\pythonproject\venv\lib\site-packages\selenium\webdriver\remote\webdriver.py", line 976, in find_element
    return self.execute(Command.FIND_ELEMENT, {
  File "c:\users\kai\pycharmprojects\pythonproject\venv\lib\site-packages\selenium\webdriver\remote\webdriver.py", line 321, in execute
    self.error_handler.check_response(response)
  File "c:\users\kai\pycharmprojects\pythonproject\venv\lib\site-packages\selenium\webdriver\remote\errorhandler.py", line 242, in check_response
    raise exception_class(message, screen, stacktrace)
selenium.common.exceptions.NoSuchElementException: Message: no such element: Unable to locate element: {"method":"xpath","selector":"//div[@id='income-statement']//div[contains(@class,'table-container')]//span[@class='table-export-button']"}
  (Session info: chrome=91.0.4472.124)

2021-07-17 09:47_096300_베트남개발1
Traceback (most recent call last):
  File "C:\Users\kai\PycharmProjects\pythonProject\noname\noname\spiders\noname_spider.py", line 283, in company_scrapy
    button = self.driver.find_element_by_xpath(
  File "c:\users\kai\pycharmprojects\pythonproject\venv\lib\site-packages\selenium\webdriver\remote\webdriver.py", line 394, in find_element_by_xpath
    return self.find_element(by=By.XPATH, value=xpath)
  File "c:\users\kai\pycharmprojects\pythonproject\venv\lib\site-packages\selenium\webdriver\remote\webdriver.py", line 976, in find_element
    return self.execute(Command.FIND_ELEMENT, {
  File "c:\users\kai\pycharmprojects\pythonproject\venv\lib\site-packages\selenium\webdriver\remote\webdriver.py", line 321, in execute
    self.error_handler.check_response(response)
  File "c:\users\kai\pycharmprojects\pythonproject\venv\lib\site-packages\selenium\webdriver\remote\errorhandler.py", line 242, in check_response
    raise exception_class(message, screen, stacktrace)
selenium.common.exceptions.NoSuchElementException: Message: no such element: Unable to locate element: {"method":"xpath","selector":"//div[@id='income-statement']//div[contains(@class,'table-container')]//span[@class='table-export-button']"}
  (Session info: chrome=91.0.4472.124)

2021-07-17 09:48_096300_베트남개발1
Traceback (most recent call last):
  File "C:\Users\kai\PycharmProjects\pythonProject\noname\noname\spiders\noname_spider.py", line 283, in company_scrapy
    button = self.driver.find_element_by_xpath(
  File "c:\users\kai\pycharmprojects\pythonproject\venv\lib\site-packages\selenium\webdriver\remote\webdriver.py", line 394, in find_element_by_xpath
    return self.find_element(by=By.XPATH, value=xpath)
  File "c:\users\kai\pycharmprojects\pythonproject\venv\lib\site-packages\selenium\webdriver\remote\webdriver.py", line 976, in find_element
    return self.execute(Command.FIND_ELEMENT, {
  File "c:\users\kai\pycharmprojects\pythonproject\venv\lib\site-packages\selenium\webdriver\remote\webdriver.py", line 321, in execute
    self.error_handler.check_response(response)
  File "c:\users\kai\pycharmprojects\pythonproject\venv\lib\site-packages\selenium\webdriver\remote\errorhandler.py", line 242, in check_response
    raise exception_class(message, screen, stacktrace)
selenium.common.exceptions.NoSuchElementException: Message: no such element: Unable to locate element: {"method":"xpath","selector":"//div[@id='income-statement']//div[contains(@class,'table-container')]//span[@class='table-export-button']"}
  (Session info: chrome=91.0.4472.124)

2021-07-17 09:54_152550_한국ANKOR유전
Traceback (most recent call last):
  File "C:\Users\kai\PycharmProjects\pythonProject\noname\noname\spiders\noname_spider.py", line 283, in company_scrapy
    button = self.driver.find_element_by_xpath(
  File "c:\users\kai\pycharmprojects\pythonproject\venv\lib\site-packages\selenium\webdriver\remote\webdriver.py", line 394, in find_element_by_xpath
    return self.find_element(by=By.XPATH, value=xpath)
  File "c:\users\kai\pycharmprojects\pythonproject\venv\lib\site-packages\selenium\webdriver\remote\webdriver.py", line 976, in find_element
    return self.execute(Command.FIND_ELEMENT, {
  File "c:\users\kai\pycharmprojects\pythonproject\venv\lib\site-packages\selenium\webdriver\remote\webdriver.py", line 321, in execute
    self.error_handler.check_response(response)
  File "c:\users\kai\pycharmprojects\pythonproject\venv\lib\site-packages\selenium\webdriver\remote\errorhandler.py", line 242, in check_response
    raise exception_class(message, screen, stacktrace)
selenium.common.exceptions.NoSuchElementException: Message: no such element: Unable to locate element: {"method":"xpath","selector":"//div[@id='income-statement']//div[contains(@class,'table-container')]//span[@class='table-export-button']"}
  (Session info: chrome=91.0.4472.124)

2021-07-17 09:55_152550_한국ANKOR유전
Traceback (most recent call last):
  File "C:\Users\kai\PycharmProjects\pythonProject\noname\noname\spiders\noname_spider.py", line 283, in company_scrapy
    button = self.driver.find_element_by_xpath(
  File "c:\users\kai\pycharmprojects\pythonproject\venv\lib\site-packages\selenium\webdriver\remote\webdriver.py", line 394, in find_element_by_xpath
    return self.find_element(by=By.XPATH, value=xpath)
  File "c:\users\kai\pycharmprojects\pythonproject\venv\lib\site-packages\selenium\webdriver\remote\webdriver.py", line 976, in find_element
    return self.execute(Command.FIND_ELEMENT, {
  File "c:\users\kai\pycharmprojects\pythonproject\venv\lib\site-packages\selenium\webdriver\remote\webdriver.py", line 321, in execute
    self.error_handler.check_response(response)
  File "c:\users\kai\pycharmprojects\pythonproject\venv\lib\site-packages\selenium\webdriver\remote\errorhandler.py", line 242, in check_response
    raise exception_class(message, screen, stacktrace)
selenium.common.exceptions.NoSuchElementException: Message: no such element: Unable to locate element: {"method":"xpath","selector":"//div[@id='income-statement']//div[contains(@class,'table-container')]//span[@class='table-export-button']"}
  (Session info: chrome=91.0.4472.124)

2021-07-17 09:57_152550_한국ANKOR유전
Traceback (most recent call last):
  File "C:\Users\kai\PycharmProjects\pythonProject\noname\noname\spiders\noname_spider.py", line 283, in company_scrapy
    button = self.driver.find_element_by_xpath(
  File "c:\users\kai\pycharmprojects\pythonproject\venv\lib\site-packages\selenium\webdriver\remote\webdriver.py", line 394, in find_element_by_xpath
    return self.find_element(by=By.XPATH, value=xpath)
  File "c:\users\kai\pycharmprojects\pythonproject\venv\lib\site-packages\selenium\webdriver\remote\webdriver.py", line 976, in find_element
    return self.execute(Command.FIND_ELEMENT, {
  File "c:\users\kai\pycharmprojects\pythonproject\venv\lib\site-packages\selenium\webdriver\remote\webdriver.py", line 321, in execute
    self.error_handler.check_response(response)
  File "c:\users\kai\pycharmprojects\pythonproject\venv\lib\site-packages\selenium\webdriver\remote\errorhandler.py", line 242, in check_response
    raise exception_class(message, screen, stacktrace)
selenium.common.exceptions.NoSuchElementException: Message: no such element: Unable to locate element: {"method":"xpath","selector":"//div[@id='income-statement']//div[contains(@class,'table-container')]//span[@class='table-export-button']"}
  (Session info: chrome=91.0.4472.124)

2021-07-17 09:59_168490_한국패러랠
Traceback (most recent call last):
  File "C:\Users\kai\PycharmProjects\pythonProject\noname\noname\spiders\noname_spider.py", line 283, in company_scrapy
    button = self.driver.find_element_by_xpath(
  File "c:\users\kai\pycharmprojects\pythonproject\venv\lib\site-packages\selenium\webdriver\remote\webdriver.py", line 394, in find_element_by_xpath
    return self.find_element(by=By.XPATH, value=xpath)
  File "c:\users\kai\pycharmprojects\pythonproject\venv\lib\site-packages\selenium\webdriver\remote\webdriver.py", line 976, in find_element
    return self.execute(Command.FIND_ELEMENT, {
  File "c:\users\kai\pycharmprojects\pythonproject\venv\lib\site-packages\selenium\webdriver\remote\webdriver.py", line 321, in execute
    self.error_handler.check_response(response)
  File "c:\users\kai\pycharmprojects\pythonproject\venv\lib\site-packages\selenium\webdriver\remote\errorhandler.py", line 242, in check_response
    raise exception_class(message, screen, stacktrace)
selenium.common.exceptions.NoSuchElementException: Message: no such element: Unable to locate element: {"method":"xpath","selector":"//div[@id='income-statement']//div[contains(@class,'table-container')]//span[@class='table-export-button']"}
  (Session info: chrome=91.0.4472.124)

2021-07-17 10:00_168490_한국패러랠
Traceback (most recent call last):
  File "C:\Users\kai\PycharmProjects\pythonProject\noname\noname\spiders\noname_spider.py", line 283, in company_scrapy
    button = self.driver.find_element_by_xpath(
  File "c:\users\kai\pycharmprojects\pythonproject\venv\lib\site-packages\selenium\webdriver\remote\webdriver.py", line 394, in find_element_by_xpath
    return self.find_element(by=By.XPATH, value=xpath)
  File "c:\users\kai\pycharmprojects\pythonproject\venv\lib\site-packages\selenium\webdriver\remote\webdriver.py", line 976, in find_element
    return self.execute(Command.FIND_ELEMENT, {
  File "c:\users\kai\pycharmprojects\pythonproject\venv\lib\site-packages\selenium\webdriver\remote\webdriver.py", line 321, in execute
    self.error_handler.check_response(response)
  File "c:\users\kai\pycharmprojects\pythonproject\venv\lib\site-packages\selenium\webdriver\remote\errorhandler.py", line 242, in check_response
    raise exception_class(message, screen, stacktrace)
selenium.common.exceptions.NoSuchElementException: Message: no such element: Unable to locate element: {"method":"xpath","selector":"//div[@id='income-statement']//div[contains(@class,'table-container')]//span[@class='table-export-button']"}
  (Session info: chrome=91.0.4472.124)

2021-07-17 10:02_168490_한국패러랠
Traceback (most recent call last):
  File "C:\Users\kai\PycharmProjects\pythonProject\noname\noname\spiders\noname_spider.py", line 283, in company_scrapy
    button = self.driver.find_element_by_xpath(
  File "c:\users\kai\pycharmprojects\pythonproject\venv\lib\site-packages\selenium\webdriver\remote\webdriver.py", line 394, in find_element_by_xpath
    return self.find_element(by=By.XPATH, value=xpath)
  File "c:\users\kai\pycharmprojects\pythonproject\venv\lib\site-packages\selenium\webdriver\remote\webdriver.py", line 976, in find_element
    return self.execute(Command.FIND_ELEMENT, {
  File "c:\users\kai\pycharmprojects\pythonproject\venv\lib\site-packages\selenium\webdriver\remote\webdriver.py", line 321, in execute
    self.error_handler.check_response(response)
  File "c:\users\kai\pycharmprojects\pythonproject\venv\lib\site-packages\selenium\webdriver\remote\errorhandler.py", line 242, in check_response
    raise exception_class(message, screen, stacktrace)
selenium.common.exceptions.NoSuchElementException: Message: no such element: Unable to locate element: {"method":"xpath","selector":"//div[@id='income-statement']//div[contains(@class,'table-container')]//span[@class='table-export-button']"}
  (Session info: chrome=91.0.4472.124)

2021-07-17 10:13_377400_하이제6호스팩
Traceback (most recent call last):
  File "C:\Users\kai\PycharmProjects\pythonProject\noname\noname\spiders\noname_spider.py", line 283, in company_scrapy
    button = self.driver.find_element_by_xpath(
  File "c:\users\kai\pycharmprojects\pythonproject\venv\lib\site-packages\selenium\webdriver\remote\webdriver.py", line 394, in find_element_by_xpath
    return self.find_element(by=By.XPATH, value=xpath)
  File "c:\users\kai\pycharmprojects\pythonproject\venv\lib\site-packages\selenium\webdriver\remote\webdriver.py", line 976, in find_element
    return self.execute(Command.FIND_ELEMENT, {
  File "c:\users\kai\pycharmprojects\pythonproject\venv\lib\site-packages\selenium\webdriver\remote\webdriver.py", line 321, in execute
    self.error_handler.check_response(response)
  File "c:\users\kai\pycharmprojects\pythonproject\venv\lib\site-packages\selenium\webdriver\remote\errorhandler.py", line 242, in check_response
    raise exception_class(message, screen, stacktrace)
selenium.common.exceptions.NoSuchElementException: Message: no such element: Unable to locate element: {"method":"xpath","selector":"//div[@id='income-statement']//div[contains(@class,'table-container')]//span[@class='table-export-button']"}
  (Session info: chrome=91.0.4472.124)

2021-07-17 10:14_377400_하이제6호스팩
Traceback (most recent call last):
  File "C:\Users\kai\PycharmProjects\pythonProject\noname\noname\spiders\noname_spider.py", line 283, in company_scrapy
    button = self.driver.find_element_by_xpath(
  File "c:\users\kai\pycharmprojects\pythonproject\venv\lib\site-packages\selenium\webdriver\remote\webdriver.py", line 394, in find_element_by_xpath
    return self.find_element(by=By.XPATH, value=xpath)
  File "c:\users\kai\pycharmprojects\pythonproject\venv\lib\site-packages\selenium\webdriver\remote\webdriver.py", line 976, in find_element
    return self.execute(Command.FIND_ELEMENT, {
  File "c:\users\kai\pycharmprojects\pythonproject\venv\lib\site-packages\selenium\webdriver\remote\webdriver.py", line 321, in execute
    self.error_handler.check_response(response)
  File "c:\users\kai\pycharmprojects\pythonproject\venv\lib\site-packages\selenium\webdriver\remote\errorhandler.py", line 242, in check_response
    raise exception_class(message, screen, stacktrace)
selenium.common.exceptions.NoSuchElementException: Message: no such element: Unable to locate element: {"method":"xpath","selector":"//div[@id='income-statement']//div[contains(@class,'table-container')]//span[@class='table-export-button']"}
  (Session info: chrome=91.0.4472.124)

2021-07-17 10:16_377400_하이제6호스팩
Traceback (most recent call last):
  File "C:\Users\kai\PycharmProjects\pythonProject\noname\noname\spiders\noname_spider.py", line 283, in company_scrapy
    button = self.driver.find_element_by_xpath(
  File "c:\users\kai\pycharmprojects\pythonproject\venv\lib\site-packages\selenium\webdriver\remote\webdriver.py", line 394, in find_element_by_xpath
    return self.find_element(by=By.XPATH, value=xpath)
  File "c:\users\kai\pycharmprojects\pythonproject\venv\lib\site-packages\selenium\webdriver\remote\webdriver.py", line 976, in find_element
    return self.execute(Command.FIND_ELEMENT, {
  File "c:\users\kai\pycharmprojects\pythonproject\venv\lib\site-packages\selenium\webdriver\remote\webdriver.py", line 321, in execute
    self.error_handler.check_response(response)
  File "c:\users\kai\pycharmprojects\pythonproject\venv\lib\site-packages\selenium\webdriver\remote\errorhandler.py", line 242, in check_response
    raise exception_class(message, screen, stacktrace)
selenium.common.exceptions.NoSuchElementException: Message: no such element: Unable to locate element: {"method":"xpath","selector":"//div[@id='income-statement']//div[contains(@class,'table-container')]//span[@class='table-export-button']"}
  (Session info: chrome=91.0.4472.124)

2021-07-17 10:18_377630_삼성스팩4호
Traceback (most recent call last):
  File "C:\Users\kai\PycharmProjects\pythonProject\noname\noname\spiders\noname_spider.py", line 283, in company_scrapy
    button = self.driver.find_element_by_xpath(
  File "c:\users\kai\pycharmprojects\pythonproject\venv\lib\site-packages\selenium\webdriver\remote\webdriver.py", line 394, in find_element_by_xpath
    return self.find_element(by=By.XPATH, value=xpath)
  File "c:\users\kai\pycharmprojects\pythonproject\venv\lib\site-packages\selenium\webdriver\remote\webdriver.py", line 976, in find_element
    return self.execute(Command.FIND_ELEMENT, {
  File "c:\users\kai\pycharmprojects\pythonproject\venv\lib\site-packages\selenium\webdriver\remote\webdriver.py", line 321, in execute
    self.error_handler.check_response(response)
  File "c:\users\kai\pycharmprojects\pythonproject\venv\lib\site-packages\selenium\webdriver\remote\errorhandler.py", line 242, in check_response
    raise exception_class(message, screen, stacktrace)
selenium.common.exceptions.NoSuchElementException: Message: no such element: Unable to locate element: {"method":"xpath","selector":"//div[@id='income-statement']//div[contains(@class,'table-container')]//span[@class='table-export-button']"}
  (Session info: chrome=91.0.4472.124)

2021-07-17 10:19_377630_삼성스팩4호
Traceback (most recent call last):
  File "C:\Users\kai\PycharmProjects\pythonProject\noname\noname\spiders\noname_spider.py", line 283, in company_scrapy
    button = self.driver.find_element_by_xpath(
  File "c:\users\kai\pycharmprojects\pythonproject\venv\lib\site-packages\selenium\webdriver\remote\webdriver.py", line 394, in find_element_by_xpath
    return self.find_element(by=By.XPATH, value=xpath)
  File "c:\users\kai\pycharmprojects\pythonproject\venv\lib\site-packages\selenium\webdriver\remote\webdriver.py", line 976, in find_element
    return self.execute(Command.FIND_ELEMENT, {
  File "c:\users\kai\pycharmprojects\pythonproject\venv\lib\site-packages\selenium\webdriver\remote\webdriver.py", line 321, in execute
    self.error_handler.check_response(response)
  File "c:\users\kai\pycharmprojects\pythonproject\venv\lib\site-packages\selenium\webdriver\remote\errorhandler.py", line 242, in check_response
    raise exception_class(message, screen, stacktrace)
selenium.common.exceptions.NoSuchElementException: Message: no such element: Unable to locate element: {"method":"xpath","selector":"//div[@id='income-statement']//div[contains(@class,'table-container')]//span[@class='table-export-button']"}
  (Session info: chrome=91.0.4472.124)

2021-07-17 10:21_377630_삼성스팩4호
Traceback (most recent call last):
  File "C:\Users\kai\PycharmProjects\pythonProject\noname\noname\spiders\noname_spider.py", line 283, in company_scrapy
    button = self.driver.find_element_by_xpath(
  File "c:\users\kai\pycharmprojects\pythonproject\venv\lib\site-packages\selenium\webdriver\remote\webdriver.py", line 394, in find_element_by_xpath
    return self.find_element(by=By.XPATH, value=xpath)
  File "c:\users\kai\pycharmprojects\pythonproject\venv\lib\site-packages\selenium\webdriver\remote\webdriver.py", line 976, in find_element
    return self.execute(Command.FIND_ELEMENT, {
  File "c:\users\kai\pycharmprojects\pythonproject\venv\lib\site-packages\selenium\webdriver\remote\webdriver.py", line 321, in execute
    self.error_handler.check_response(response)
  File "c:\users\kai\pycharmprojects\pythonproject\venv\lib\site-packages\selenium\webdriver\remote\errorhandler.py", line 242, in check_response
    raise exception_class(message, screen, stacktrace)
selenium.common.exceptions.NoSuchElementException: Message: no such element: Unable to locate element: {"method":"xpath","selector":"//div[@id='income-statement']//div[contains(@class,'table-container')]//span[@class='table-export-button']"}
  (Session info: chrome=91.0.4472.124)

2021-07-17 10:22_380320_삼성머스트스팩5호
Traceback (most recent call last):
  File "C:\Users\kai\PycharmProjects\pythonProject\noname\noname\spiders\noname_spider.py", line 283, in company_scrapy
    button = self.driver.find_element_by_xpath(
  File "c:\users\kai\pycharmprojects\pythonproject\venv\lib\site-packages\selenium\webdriver\remote\webdriver.py", line 394, in find_element_by_xpath
    return self.find_element(by=By.XPATH, value=xpath)
  File "c:\users\kai\pycharmprojects\pythonproject\venv\lib\site-packages\selenium\webdriver\remote\webdriver.py", line 976, in find_element
    return self.execute(Command.FIND_ELEMENT, {
  File "c:\users\kai\pycharmprojects\pythonproject\venv\lib\site-packages\selenium\webdriver\remote\webdriver.py", line 321, in execute
    self.error_handler.check_response(response)
  File "c:\users\kai\pycharmprojects\pythonproject\venv\lib\site-packages\selenium\webdriver\remote\errorhandler.py", line 242, in check_response
    raise exception_class(message, screen, stacktrace)
selenium.common.exceptions.NoSuchElementException: Message: no such element: Unable to locate element: {"method":"xpath","selector":"//div[@id='income-statement']//div[contains(@class,'table-container')]//span[@class='table-export-button']"}
  (Session info: chrome=91.0.4472.124)

2021-07-17 10:24_380320_삼성머스트스팩5호
Traceback (most recent call last):
  File "C:\Users\kai\PycharmProjects\pythonProject\noname\noname\spiders\noname_spider.py", line 283, in company_scrapy
    button = self.driver.find_element_by_xpath(
  File "c:\users\kai\pycharmprojects\pythonproject\venv\lib\site-packages\selenium\webdriver\remote\webdriver.py", line 394, in find_element_by_xpath
    return self.find_element(by=By.XPATH, value=xpath)
  File "c:\users\kai\pycharmprojects\pythonproject\venv\lib\site-packages\selenium\webdriver\remote\webdriver.py", line 976, in find_element
    return self.execute(Command.FIND_ELEMENT, {
  File "c:\users\kai\pycharmprojects\pythonproject\venv\lib\site-packages\selenium\webdriver\remote\webdriver.py", line 321, in execute
    self.error_handler.check_response(response)
  File "c:\users\kai\pycharmprojects\pythonproject\venv\lib\site-packages\selenium\webdriver\remote\errorhandler.py", line 242, in check_response
    raise exception_class(message, screen, stacktrace)
selenium.common.exceptions.NoSuchElementException: Message: no such element: Unable to locate element: {"method":"xpath","selector":"//div[@id='income-statement']//div[contains(@class,'table-container')]//span[@class='table-export-button']"}
  (Session info: chrome=91.0.4472.124)

2021-07-17 10:25_380320_삼성머스트스팩5호
Traceback (most recent call last):
  File "C:\Users\kai\PycharmProjects\pythonProject\noname\noname\spiders\noname_spider.py", line 283, in company_scrapy
    button = self.driver.find_element_by_xpath(
  File "c:\users\kai\pycharmprojects\pythonproject\venv\lib\site-packages\selenium\webdriver\remote\webdriver.py", line 394, in find_element_by_xpath
    return self.find_element(by=By.XPATH, value=xpath)
  File "c:\users\kai\pycharmprojects\pythonproject\venv\lib\site-packages\selenium\webdriver\remote\webdriver.py", line 976, in find_element
    return self.execute(Command.FIND_ELEMENT, {
  File "c:\users\kai\pycharmprojects\pythonproject\venv\lib\site-packages\selenium\webdriver\remote\webdriver.py", line 321, in execute
    self.error_handler.check_response(response)
  File "c:\users\kai\pycharmprojects\pythonproject\venv\lib\site-packages\selenium\webdriver\remote\errorhandler.py", line 242, in check_response
    raise exception_class(message, screen, stacktrace)
selenium.common.exceptions.NoSuchElementException: Message: no such element: Unable to locate element: {"method":"xpath","selector":"//div[@id='income-statement']//div[contains(@class,'table-container')]//span[@class='table-export-button']"}
  (Session info: chrome=91.0.4472.124)

2021-07-17 10:27_380440_엔에이치스팩19호
Traceback (most recent call last):
  File "C:\Users\kai\PycharmProjects\pythonProject\noname\noname\spiders\noname_spider.py", line 283, in company_scrapy
    button = self.driver.find_element_by_xpath(
  File "c:\users\kai\pycharmprojects\pythonproject\venv\lib\site-packages\selenium\webdriver\remote\webdriver.py", line 394, in find_element_by_xpath
    return self.find_element(by=By.XPATH, value=xpath)
  File "c:\users\kai\pycharmprojects\pythonproject\venv\lib\site-packages\selenium\webdriver\remote\webdriver.py", line 976, in find_element
    return self.execute(Command.FIND_ELEMENT, {
  File "c:\users\kai\pycharmprojects\pythonproject\venv\lib\site-packages\selenium\webdriver\remote\webdriver.py", line 321, in execute
    self.error_handler.check_response(response)
  File "c:\users\kai\pycharmprojects\pythonproject\venv\lib\site-packages\selenium\webdriver\remote\errorhandler.py", line 242, in check_response
    raise exception_class(message, screen, stacktrace)
selenium.common.exceptions.NoSuchElementException: Message: no such element: Unable to locate element: {"method":"xpath","selector":"//div[@id='income-statement']//div[contains(@class,'table-container')]//span[@class='table-export-button']"}
  (Session info: chrome=91.0.4472.124)

2021-07-17 10:28_380440_엔에이치스팩19호
Traceback (most recent call last):
  File "C:\Users\kai\PycharmProjects\pythonProject\noname\noname\spiders\noname_spider.py", line 283, in company_scrapy
    button = self.driver.find_element_by_xpath(
  File "c:\users\kai\pycharmprojects\pythonproject\venv\lib\site-packages\selenium\webdriver\remote\webdriver.py", line 394, in find_element_by_xpath
    return self.find_element(by=By.XPATH, value=xpath)
  File "c:\users\kai\pycharmprojects\pythonproject\venv\lib\site-packages\selenium\webdriver\remote\webdriver.py", line 976, in find_element
    return self.execute(Command.FIND_ELEMENT, {
  File "c:\users\kai\pycharmprojects\pythonproject\venv\lib\site-packages\selenium\webdriver\remote\webdriver.py", line 321, in execute
    self.error_handler.check_response(response)
  File "c:\users\kai\pycharmprojects\pythonproject\venv\lib\site-packages\selenium\webdriver\remote\errorhandler.py", line 242, in check_response
    raise exception_class(message, screen, stacktrace)
selenium.common.exceptions.NoSuchElementException: Message: no such element: Unable to locate element: {"method":"xpath","selector":"//div[@id='income-statement']//div[contains(@class,'table-container')]//span[@class='table-export-button']"}
  (Session info: chrome=91.0.4472.124)

2021-07-17 10:30_380440_엔에이치스팩19호
Traceback (most recent call last):
  File "C:\Users\kai\PycharmProjects\pythonProject\noname\noname\spiders\noname_spider.py", line 283, in company_scrapy
    button = self.driver.find_element_by_xpath(
  File "c:\users\kai\pycharmprojects\pythonproject\venv\lib\site-packages\selenium\webdriver\remote\webdriver.py", line 394, in find_element_by_xpath
    return self.find_element(by=By.XPATH, value=xpath)
  File "c:\users\kai\pycharmprojects\pythonproject\venv\lib\site-packages\selenium\webdriver\remote\webdriver.py", line 976, in find_element
    return self.execute(Command.FIND_ELEMENT, {
  File "c:\users\kai\pycharmprojects\pythonproject\venv\lib\site-packages\selenium\webdriver\remote\webdriver.py", line 321, in execute
    self.error_handler.check_response(response)
  File "c:\users\kai\pycharmprojects\pythonproject\venv\lib\site-packages\selenium\webdriver\remote\errorhandler.py", line 242, in check_response
    raise exception_class(message, screen, stacktrace)
selenium.common.exceptions.NoSuchElementException: Message: no such element: Unable to locate element: {"method":"xpath","selector":"//div[@id='income-statement']//div[contains(@class,'table-container')]//span[@class='table-export-button']"}
  (Session info: chrome=91.0.4472.124)

2021-07-17 10:32_383220_F&F
Traceback (most recent call last):
  File "C:\Users\kai\PycharmProjects\pythonProject\noname\noname\spiders\noname_spider.py", line 283, in company_scrapy
    button = self.driver.find_element_by_xpath(
  File "c:\users\kai\pycharmprojects\pythonproject\venv\lib\site-packages\selenium\webdriver\remote\webdriver.py", line 394, in find_element_by_xpath
    return self.find_element(by=By.XPATH, value=xpath)
  File "c:\users\kai\pycharmprojects\pythonproject\venv\lib\site-packages\selenium\webdriver\remote\webdriver.py", line 976, in find_element
    return self.execute(Command.FIND_ELEMENT, {
  File "c:\users\kai\pycharmprojects\pythonproject\venv\lib\site-packages\selenium\webdriver\remote\webdriver.py", line 321, in execute
    self.error_handler.check_response(response)
  File "c:\users\kai\pycharmprojects\pythonproject\venv\lib\site-packages\selenium\webdriver\remote\errorhandler.py", line 242, in check_response
    raise exception_class(message, screen, stacktrace)
selenium.common.exceptions.NoSuchElementException: Message: no such element: Unable to locate element: {"method":"xpath","selector":"//div[@id='income-statement']//div[contains(@class,'table-container')]//span[@class='table-export-button']"}
  (Session info: chrome=91.0.4472.124)

2021-07-17 10:33_383220_F&F
Traceback (most recent call last):
  File "C:\Users\kai\PycharmProjects\pythonProject\noname\noname\spiders\noname_spider.py", line 283, in company_scrapy
    button = self.driver.find_element_by_xpath(
  File "c:\users\kai\pycharmprojects\pythonproject\venv\lib\site-packages\selenium\webdriver\remote\webdriver.py", line 394, in find_element_by_xpath
    return self.find_element(by=By.XPATH, value=xpath)
  File "c:\users\kai\pycharmprojects\pythonproject\venv\lib\site-packages\selenium\webdriver\remote\webdriver.py", line 976, in find_element
    return self.execute(Command.FIND_ELEMENT, {
  File "c:\users\kai\pycharmprojects\pythonproject\venv\lib\site-packages\selenium\webdriver\remote\webdriver.py", line 321, in execute
    self.error_handler.check_response(response)
  File "c:\users\kai\pycharmprojects\pythonproject\venv\lib\site-packages\selenium\webdriver\remote\errorhandler.py", line 242, in check_response
    raise exception_class(message, screen, stacktrace)
selenium.common.exceptions.NoSuchElementException: Message: no such element: Unable to locate element: {"method":"xpath","selector":"//div[@id='income-statement']//div[contains(@class,'table-container')]//span[@class='table-export-button']"}
  (Session info: chrome=91.0.4472.124)

2021-07-17 10:35_383220_F&F
Traceback (most recent call last):
  File "C:\Users\kai\PycharmProjects\pythonProject\noname\noname\spiders\noname_spider.py", line 283, in company_scrapy
    button = self.driver.find_element_by_xpath(
  File "c:\users\kai\pycharmprojects\pythonproject\venv\lib\site-packages\selenium\webdriver\remote\webdriver.py", line 394, in find_element_by_xpath
    return self.find_element(by=By.XPATH, value=xpath)
  File "c:\users\kai\pycharmprojects\pythonproject\venv\lib\site-packages\selenium\webdriver\remote\webdriver.py", line 976, in find_element
    return self.execute(Command.FIND_ELEMENT, {
  File "c:\users\kai\pycharmprojects\pythonproject\venv\lib\site-packages\selenium\webdriver\remote\webdriver.py", line 321, in execute
    self.error_handler.check_response(response)
  File "c:\users\kai\pycharmprojects\pythonproject\venv\lib\site-packages\selenium\webdriver\remote\errorhandler.py", line 242, in check_response
    raise exception_class(message, screen, stacktrace)
selenium.common.exceptions.NoSuchElementException: Message: no such element: Unable to locate element: {"method":"xpath","selector":"//div[@id='income-statement']//div[contains(@class,'table-container')]//span[@class='table-export-button']"}
  (Session info: chrome=91.0.4472.124)

2021-07-17 10:36_383310_에코프로에이치엔
Traceback (most recent call last):
  File "C:\Users\kai\PycharmProjects\pythonProject\noname\noname\spiders\noname_spider.py", line 283, in company_scrapy
    button = self.driver.find_element_by_xpath(
  File "c:\users\kai\pycharmprojects\pythonproject\venv\lib\site-packages\selenium\webdriver\remote\webdriver.py", line 394, in find_element_by_xpath
    return self.find_element(by=By.XPATH, value=xpath)
  File "c:\users\kai\pycharmprojects\pythonproject\venv\lib\site-packages\selenium\webdriver\remote\webdriver.py", line 976, in find_element
    return self.execute(Command.FIND_ELEMENT, {
  File "c:\users\kai\pycharmprojects\pythonproject\venv\lib\site-packages\selenium\webdriver\remote\webdriver.py", line 321, in execute
    self.error_handler.check_response(response)
  File "c:\users\kai\pycharmprojects\pythonproject\venv\lib\site-packages\selenium\webdriver\remote\errorhandler.py", line 242, in check_response
    raise exception_class(message, screen, stacktrace)
selenium.common.exceptions.NoSuchElementException: Message: no such element: Unable to locate element: {"method":"xpath","selector":"//div[@id='income-statement']//div[contains(@class,'table-container')]//span[@class='table-export-button']"}
  (Session info: chrome=91.0.4472.124)

2021-07-17 10:38_383310_에코프로에이치엔
Traceback (most recent call last):
  File "C:\Users\kai\PycharmProjects\pythonProject\noname\noname\spiders\noname_spider.py", line 283, in company_scrapy
    button = self.driver.find_element_by_xpath(
  File "c:\users\kai\pycharmprojects\pythonproject\venv\lib\site-packages\selenium\webdriver\remote\webdriver.py", line 394, in find_element_by_xpath
    return self.find_element(by=By.XPATH, value=xpath)
  File "c:\users\kai\pycharmprojects\pythonproject\venv\lib\site-packages\selenium\webdriver\remote\webdriver.py", line 976, in find_element
    return self.execute(Command.FIND_ELEMENT, {
  File "c:\users\kai\pycharmprojects\pythonproject\venv\lib\site-packages\selenium\webdriver\remote\webdriver.py", line 321, in execute
    self.error_handler.check_response(response)
  File "c:\users\kai\pycharmprojects\pythonproject\venv\lib\site-packages\selenium\webdriver\remote\errorhandler.py", line 242, in check_response
    raise exception_class(message, screen, stacktrace)
selenium.common.exceptions.NoSuchElementException: Message: no such element: Unable to locate element: {"method":"xpath","selector":"//div[@id='income-statement']//div[contains(@class,'table-container')]//span[@class='table-export-button']"}
  (Session info: chrome=91.0.4472.124)

2021-07-17 10:39_383310_에코프로에이치엔
Traceback (most recent call last):
  File "C:\Users\kai\PycharmProjects\pythonProject\noname\noname\spiders\noname_spider.py", line 283, in company_scrapy
    button = self.driver.find_element_by_xpath(
  File "c:\users\kai\pycharmprojects\pythonproject\venv\lib\site-packages\selenium\webdriver\remote\webdriver.py", line 394, in find_element_by_xpath
    return self.find_element(by=By.XPATH, value=xpath)
  File "c:\users\kai\pycharmprojects\pythonproject\venv\lib\site-packages\selenium\webdriver\remote\webdriver.py", line 976, in find_element
    return self.execute(Command.FIND_ELEMENT, {
  File "c:\users\kai\pycharmprojects\pythonproject\venv\lib\site-packages\selenium\webdriver\remote\webdriver.py", line 321, in execute
    self.error_handler.check_response(response)
  File "c:\users\kai\pycharmprojects\pythonproject\venv\lib\site-packages\selenium\webdriver\remote\errorhandler.py", line 242, in check_response
    raise exception_class(message, screen, stacktrace)
selenium.common.exceptions.NoSuchElementException: Message: no such element: Unable to locate element: {"method":"xpath","selector":"//div[@id='income-statement']//div[contains(@class,'table-container')]//span[@class='table-export-button']"}
  (Session info: chrome=91.0.4472.124)

2021-07-17 10:41_383800_LX홀딩스
Traceback (most recent call last):
  File "C:\Users\kai\PycharmProjects\pythonProject\noname\noname\spiders\noname_spider.py", line 283, in company_scrapy
    button = self.driver.find_element_by_xpath(
  File "c:\users\kai\pycharmprojects\pythonproject\venv\lib\site-packages\selenium\webdriver\remote\webdriver.py", line 394, in find_element_by_xpath
    return self.find_element(by=By.XPATH, value=xpath)
  File "c:\users\kai\pycharmprojects\pythonproject\venv\lib\site-packages\selenium\webdriver\remote\webdriver.py", line 976, in find_element
    return self.execute(Command.FIND_ELEMENT, {
  File "c:\users\kai\pycharmprojects\pythonproject\venv\lib\site-packages\selenium\webdriver\remote\webdriver.py", line 321, in execute
    self.error_handler.check_response(response)
  File "c:\users\kai\pycharmprojects\pythonproject\venv\lib\site-packages\selenium\webdriver\remote\errorhandler.py", line 242, in check_response
    raise exception_class(message, screen, stacktrace)
selenium.common.exceptions.NoSuchElementException: Message: no such element: Unable to locate element: {"method":"xpath","selector":"//div[@id='income-statement']//div[contains(@class,'table-container')]//span[@class='table-export-button']"}
  (Session info: chrome=91.0.4472.124)

2021-07-17 10:43_383800_LX홀딩스
Traceback (most recent call last):
  File "C:\Users\kai\PycharmProjects\pythonProject\noname\noname\spiders\noname_spider.py", line 283, in company_scrapy
    button = self.driver.find_element_by_xpath(
  File "c:\users\kai\pycharmprojects\pythonproject\venv\lib\site-packages\selenium\webdriver\remote\webdriver.py", line 394, in find_element_by_xpath
    return self.find_element(by=By.XPATH, value=xpath)
  File "c:\users\kai\pycharmprojects\pythonproject\venv\lib\site-packages\selenium\webdriver\remote\webdriver.py", line 976, in find_element
    return self.execute(Command.FIND_ELEMENT, {
  File "c:\users\kai\pycharmprojects\pythonproject\venv\lib\site-packages\selenium\webdriver\remote\webdriver.py", line 321, in execute
    self.error_handler.check_response(response)
  File "c:\users\kai\pycharmprojects\pythonproject\venv\lib\site-packages\selenium\webdriver\remote\errorhandler.py", line 242, in check_response
    raise exception_class(message, screen, stacktrace)
selenium.common.exceptions.NoSuchElementException: Message: no such element: Unable to locate element: {"method":"xpath","selector":"//div[@id='income-statement']//div[contains(@class,'table-container')]//span[@class='table-export-button']"}
  (Session info: chrome=91.0.4472.124)

2021-07-17 10:45_383800_LX홀딩스
Traceback (most recent call last):
  File "C:\Users\kai\PycharmProjects\pythonProject\noname\noname\spiders\noname_spider.py", line 283, in company_scrapy
    button = self.driver.find_element_by_xpath(
  File "c:\users\kai\pycharmprojects\pythonproject\venv\lib\site-packages\selenium\webdriver\remote\webdriver.py", line 394, in find_element_by_xpath
    return self.find_element(by=By.XPATH, value=xpath)
  File "c:\users\kai\pycharmprojects\pythonproject\venv\lib\site-packages\selenium\webdriver\remote\webdriver.py", line 976, in find_element
    return self.execute(Command.FIND_ELEMENT, {
  File "c:\users\kai\pycharmprojects\pythonproject\venv\lib\site-packages\selenium\webdriver\remote\webdriver.py", line 321, in execute
    self.error_handler.check_response(response)
  File "c:\users\kai\pycharmprojects\pythonproject\venv\lib\site-packages\selenium\webdriver\remote\errorhandler.py", line 242, in check_response
    raise exception_class(message, screen, stacktrace)
selenium.common.exceptions.NoSuchElementException: Message: no such element: Unable to locate element: {"method":"xpath","selector":"//div[@id='income-statement']//div[contains(@class,'table-container')]//span[@class='table-export-button']"}
  (Session info: chrome=91.0.4472.124)

2021-07-17 10:46_950210_프레스티지바이오파마
Traceback (most recent call last):
  File "C:\Users\kai\PycharmProjects\pythonProject\noname\noname\spiders\noname_spider.py", line 250, in company_scrapy
    button = self.driver.find_element_by_xpath(
  File "c:\users\kai\pycharmprojects\pythonproject\venv\lib\site-packages\selenium\webdriver\remote\webdriver.py", line 394, in find_element_by_xpath
    return self.find_element(by=By.XPATH, value=xpath)
  File "c:\users\kai\pycharmprojects\pythonproject\venv\lib\site-packages\selenium\webdriver\remote\webdriver.py", line 976, in find_element
    return self.execute(Command.FIND_ELEMENT, {
  File "c:\users\kai\pycharmprojects\pythonproject\venv\lib\site-packages\selenium\webdriver\remote\webdriver.py", line 321, in execute
    self.error_handler.check_response(response)
  File "c:\users\kai\pycharmprojects\pythonproject\venv\lib\site-packages\selenium\webdriver\remote\errorhandler.py", line 242, in check_response
    raise exception_class(message, screen, stacktrace)
selenium.common.exceptions.NoSuchElementException: Message: no such element: Unable to locate element: {"method":"xpath","selector":"//div[@id='income-statement']//div[contains(@class,'header-text')]//div[contains(@class,'options')]/div[1]/div"}
  (Session info: chrome=91.0.4472.124)

2021-07-17 10:47_950210_프레스티지바이오파마
Traceback (most recent call last):
  File "C:\Users\kai\PycharmProjects\pythonProject\noname\noname\spiders\noname_spider.py", line 250, in company_scrapy
    button = self.driver.find_element_by_xpath(
  File "c:\users\kai\pycharmprojects\pythonproject\venv\lib\site-packages\selenium\webdriver\remote\webdriver.py", line 394, in find_element_by_xpath
    return self.find_element(by=By.XPATH, value=xpath)
  File "c:\users\kai\pycharmprojects\pythonproject\venv\lib\site-packages\selenium\webdriver\remote\webdriver.py", line 976, in find_element
    return self.execute(Command.FIND_ELEMENT, {
  File "c:\users\kai\pycharmprojects\pythonproject\venv\lib\site-packages\selenium\webdriver\remote\webdriver.py", line 321, in execute
    self.error_handler.check_response(response)
  File "c:\users\kai\pycharmprojects\pythonproject\venv\lib\site-packages\selenium\webdriver\remote\errorhandler.py", line 242, in check_response
    raise exception_class(message, screen, stacktrace)
selenium.common.exceptions.NoSuchElementException: Message: no such element: Unable to locate element: {"method":"xpath","selector":"//div[@id='income-statement']//div[contains(@class,'header-text')]//div[contains(@class,'options')]/div[1]/div"}
  (Session info: chrome=91.0.4472.124)

2021-07-17 10:48_950210_프레스티지바이오파마
Traceback (most recent call last):
  File "C:\Users\kai\PycharmProjects\pythonProject\noname\noname\spiders\noname_spider.py", line 250, in company_scrapy
    button = self.driver.find_element_by_xpath(
  File "c:\users\kai\pycharmprojects\pythonproject\venv\lib\site-packages\selenium\webdriver\remote\webdriver.py", line 394, in find_element_by_xpath
    return self.find_element(by=By.XPATH, value=xpath)
  File "c:\users\kai\pycharmprojects\pythonproject\venv\lib\site-packages\selenium\webdriver\remote\webdriver.py", line 976, in find_element
    return self.execute(Command.FIND_ELEMENT, {
  File "c:\users\kai\pycharmprojects\pythonproject\venv\lib\site-packages\selenium\webdriver\remote\webdriver.py", line 321, in execute
    self.error_handler.check_response(response)
  File "c:\users\kai\pycharmprojects\pythonproject\venv\lib\site-packages\selenium\webdriver\remote\errorhandler.py", line 242, in check_response
    raise exception_class(message, screen, stacktrace)
selenium.common.exceptions.NoSuchElementException: Message: no such element: Unable to locate element: {"method":"xpath","selector":"//div[@id='income-statement']//div[contains(@class,'header-text')]//div[contains(@class,'options')]/div[1]/div"}
  (Session info: chrome=91.0.4472.124)

2021-07-17 12:15_096300_베트남개발1
Traceback (most recent call last):
  File "C:\Users\kai\PycharmProjects\pythonProject\noname\noname\spiders\noname_spider.py", line 283, in company_scrapy
    button = self.driver.find_element_by_xpath(
  File "c:\users\kai\pycharmprojects\pythonproject\venv\lib\site-packages\selenium\webdriver\remote\webdriver.py", line 394, in find_element_by_xpath
    return self.find_element(by=By.XPATH, value=xpath)
  File "c:\users\kai\pycharmprojects\pythonproject\venv\lib\site-packages\selenium\webdriver\remote\webdriver.py", line 976, in find_element
    return self.execute(Command.FIND_ELEMENT, {
  File "c:\users\kai\pycharmprojects\pythonproject\venv\lib\site-packages\selenium\webdriver\remote\webdriver.py", line 321, in execute
    self.error_handler.check_response(response)
  File "c:\users\kai\pycharmprojects\pythonproject\venv\lib\site-packages\selenium\webdriver\remote\errorhandler.py", line 242, in check_response
    raise exception_class(message, screen, stacktrace)
selenium.common.exceptions.NoSuchElementException: Message: no such element: Unable to locate element: {"method":"xpath","selector":"//div[@id='income-statement']//div[contains(@class,'table-container')]//span[@class='table-export-button']"}
  (Session info: chrome=91.0.4472.124)

2021-07-17 12:16_096300_베트남개발1
Traceback (most recent call last):
  File "C:\Users\kai\PycharmProjects\pythonProject\noname\noname\spiders\noname_spider.py", line 283, in company_scrapy
    button = self.driver.find_element_by_xpath(
  File "c:\users\kai\pycharmprojects\pythonproject\venv\lib\site-packages\selenium\webdriver\remote\webdriver.py", line 394, in find_element_by_xpath
    return self.find_element(by=By.XPATH, value=xpath)
  File "c:\users\kai\pycharmprojects\pythonproject\venv\lib\site-packages\selenium\webdriver\remote\webdriver.py", line 976, in find_element
    return self.execute(Command.FIND_ELEMENT, {
  File "c:\users\kai\pycharmprojects\pythonproject\venv\lib\site-packages\selenium\webdriver\remote\webdriver.py", line 321, in execute
    self.error_handler.check_response(response)
  File "c:\users\kai\pycharmprojects\pythonproject\venv\lib\site-packages\selenium\webdriver\remote\errorhandler.py", line 242, in check_response
    raise exception_class(message, screen, stacktrace)
selenium.common.exceptions.NoSuchElementException: Message: no such element: Unable to locate element: {"method":"xpath","selector":"//div[@id='income-statement']//div[contains(@class,'table-container')]//span[@class='table-export-button']"}
  (Session info: chrome=91.0.4472.124)

2021-07-17 12:18_096300_베트남개발1
Traceback (most recent call last):
  File "C:\Users\kai\PycharmProjects\pythonProject\noname\noname\spiders\noname_spider.py", line 283, in company_scrapy
    button = self.driver.find_element_by_xpath(
  File "c:\users\kai\pycharmprojects\pythonproject\venv\lib\site-packages\selenium\webdriver\remote\webdriver.py", line 394, in find_element_by_xpath
    return self.find_element(by=By.XPATH, value=xpath)
  File "c:\users\kai\pycharmprojects\pythonproject\venv\lib\site-packages\selenium\webdriver\remote\webdriver.py", line 976, in find_element
    return self.execute(Command.FIND_ELEMENT, {
  File "c:\users\kai\pycharmprojects\pythonproject\venv\lib\site-packages\selenium\webdriver\remote\webdriver.py", line 321, in execute
    self.error_handler.check_response(response)
  File "c:\users\kai\pycharmprojects\pythonproject\venv\lib\site-packages\selenium\webdriver\remote\errorhandler.py", line 242, in check_response
    raise exception_class(message, screen, stacktrace)
selenium.common.exceptions.NoSuchElementException: Message: no such element: Unable to locate element: {"method":"xpath","selector":"//div[@id='income-statement']//div[contains(@class,'table-container')]//span[@class='table-export-button']"}
  (Session info: chrome=91.0.4472.124)

2021-07-17 12:23_152550_한국ANKOR유전
Traceback (most recent call last):
  File "C:\Users\kai\PycharmProjects\pythonProject\noname\noname\spiders\noname_spider.py", line 283, in company_scrapy
    button = self.driver.find_element_by_xpath(
  File "c:\users\kai\pycharmprojects\pythonproject\venv\lib\site-packages\selenium\webdriver\remote\webdriver.py", line 394, in find_element_by_xpath
    return self.find_element(by=By.XPATH, value=xpath)
  File "c:\users\kai\pycharmprojects\pythonproject\venv\lib\site-packages\selenium\webdriver\remote\webdriver.py", line 976, in find_element
    return self.execute(Command.FIND_ELEMENT, {
  File "c:\users\kai\pycharmprojects\pythonproject\venv\lib\site-packages\selenium\webdriver\remote\webdriver.py", line 321, in execute
    self.error_handler.check_response(response)
  File "c:\users\kai\pycharmprojects\pythonproject\venv\lib\site-packages\selenium\webdriver\remote\errorhandler.py", line 242, in check_response
    raise exception_class(message, screen, stacktrace)
selenium.common.exceptions.NoSuchElementException: Message: no such element: Unable to locate element: {"method":"xpath","selector":"//div[@id='income-statement']//div[contains(@class,'table-container')]//span[@class='table-export-button']"}
  (Session info: chrome=91.0.4472.124)

2021-07-17 12:25_152550_한국ANKOR유전
Traceback (most recent call last):
  File "C:\Users\kai\PycharmProjects\pythonProject\noname\noname\spiders\noname_spider.py", line 283, in company_scrapy
    button = self.driver.find_element_by_xpath(
  File "c:\users\kai\pycharmprojects\pythonproject\venv\lib\site-packages\selenium\webdriver\remote\webdriver.py", line 394, in find_element_by_xpath
    return self.find_element(by=By.XPATH, value=xpath)
  File "c:\users\kai\pycharmprojects\pythonproject\venv\lib\site-packages\selenium\webdriver\remote\webdriver.py", line 976, in find_element
    return self.execute(Command.FIND_ELEMENT, {
  File "c:\users\kai\pycharmprojects\pythonproject\venv\lib\site-packages\selenium\webdriver\remote\webdriver.py", line 321, in execute
    self.error_handler.check_response(response)
  File "c:\users\kai\pycharmprojects\pythonproject\venv\lib\site-packages\selenium\webdriver\remote\errorhandler.py", line 242, in check_response
    raise exception_class(message, screen, stacktrace)
selenium.common.exceptions.NoSuchElementException: Message: no such element: Unable to locate element: {"method":"xpath","selector":"//div[@id='income-statement']//div[contains(@class,'table-container')]//span[@class='table-export-button']"}
  (Session info: chrome=91.0.4472.124)

2021-07-17 12:27_152550_한국ANKOR유전
Traceback (most recent call last):
  File "C:\Users\kai\PycharmProjects\pythonProject\noname\noname\spiders\noname_spider.py", line 283, in company_scrapy
    button = self.driver.find_element_by_xpath(
  File "c:\users\kai\pycharmprojects\pythonproject\venv\lib\site-packages\selenium\webdriver\remote\webdriver.py", line 394, in find_element_by_xpath
    return self.find_element(by=By.XPATH, value=xpath)
  File "c:\users\kai\pycharmprojects\pythonproject\venv\lib\site-packages\selenium\webdriver\remote\webdriver.py", line 976, in find_element
    return self.execute(Command.FIND_ELEMENT, {
  File "c:\users\kai\pycharmprojects\pythonproject\venv\lib\site-packages\selenium\webdriver\remote\webdriver.py", line 321, in execute
    self.error_handler.check_response(response)
  File "c:\users\kai\pycharmprojects\pythonproject\venv\lib\site-packages\selenium\webdriver\remote\errorhandler.py", line 242, in check_response
    raise exception_class(message, screen, stacktrace)
selenium.common.exceptions.NoSuchElementException: Message: no such element: Unable to locate element: {"method":"xpath","selector":"//div[@id='income-statement']//div[contains(@class,'table-container')]//span[@class='table-export-button']"}
  (Session info: chrome=91.0.4472.124)

2021-07-17 12:37_377400_하이제6호스팩
Traceback (most recent call last):
  File "C:\Users\kai\PycharmProjects\pythonProject\noname\noname\spiders\noname_spider.py", line 283, in company_scrapy
    button = self.driver.find_element_by_xpath(
  File "c:\users\kai\pycharmprojects\pythonproject\venv\lib\site-packages\selenium\webdriver\remote\webdriver.py", line 394, in find_element_by_xpath
    return self.find_element(by=By.XPATH, value=xpath)
  File "c:\users\kai\pycharmprojects\pythonproject\venv\lib\site-packages\selenium\webdriver\remote\webdriver.py", line 976, in find_element
    return self.execute(Command.FIND_ELEMENT, {
  File "c:\users\kai\pycharmprojects\pythonproject\venv\lib\site-packages\selenium\webdriver\remote\webdriver.py", line 321, in execute
    self.error_handler.check_response(response)
  File "c:\users\kai\pycharmprojects\pythonproject\venv\lib\site-packages\selenium\webdriver\remote\errorhandler.py", line 242, in check_response
    raise exception_class(message, screen, stacktrace)
selenium.common.exceptions.NoSuchElementException: Message: no such element: Unable to locate element: {"method":"xpath","selector":"//div[@id='income-statement']//div[contains(@class,'table-container')]//span[@class='table-export-button']"}
  (Session info: chrome=91.0.4472.124)

2021-07-17 12:39_377400_하이제6호스팩
Traceback (most recent call last):
  File "C:\Users\kai\PycharmProjects\pythonProject\noname\noname\spiders\noname_spider.py", line 283, in company_scrapy
    button = self.driver.find_element_by_xpath(
  File "c:\users\kai\pycharmprojects\pythonproject\venv\lib\site-packages\selenium\webdriver\remote\webdriver.py", line 394, in find_element_by_xpath
    return self.find_element(by=By.XPATH, value=xpath)
  File "c:\users\kai\pycharmprojects\pythonproject\venv\lib\site-packages\selenium\webdriver\remote\webdriver.py", line 976, in find_element
    return self.execute(Command.FIND_ELEMENT, {
  File "c:\users\kai\pycharmprojects\pythonproject\venv\lib\site-packages\selenium\webdriver\remote\webdriver.py", line 321, in execute
    self.error_handler.check_response(response)
  File "c:\users\kai\pycharmprojects\pythonproject\venv\lib\site-packages\selenium\webdriver\remote\errorhandler.py", line 242, in check_response
    raise exception_class(message, screen, stacktrace)
selenium.common.exceptions.NoSuchElementException: Message: no such element: Unable to locate element: {"method":"xpath","selector":"//div[@id='income-statement']//div[contains(@class,'table-container')]//span[@class='table-export-button']"}
  (Session info: chrome=91.0.4472.124)

2021-07-17 12:40_377400_하이제6호스팩
Traceback (most recent call last):
  File "C:\Users\kai\PycharmProjects\pythonProject\noname\noname\spiders\noname_spider.py", line 283, in company_scrapy
    button = self.driver.find_element_by_xpath(
  File "c:\users\kai\pycharmprojects\pythonproject\venv\lib\site-packages\selenium\webdriver\remote\webdriver.py", line 394, in find_element_by_xpath
    return self.find_element(by=By.XPATH, value=xpath)
  File "c:\users\kai\pycharmprojects\pythonproject\venv\lib\site-packages\selenium\webdriver\remote\webdriver.py", line 976, in find_element
    return self.execute(Command.FIND_ELEMENT, {
  File "c:\users\kai\pycharmprojects\pythonproject\venv\lib\site-packages\selenium\webdriver\remote\webdriver.py", line 321, in execute
    self.error_handler.check_response(response)
  File "c:\users\kai\pycharmprojects\pythonproject\venv\lib\site-packages\selenium\webdriver\remote\errorhandler.py", line 242, in check_response
    raise exception_class(message, screen, stacktrace)
selenium.common.exceptions.NoSuchElementException: Message: no such element: Unable to locate element: {"method":"xpath","selector":"//div[@id='income-statement']//div[contains(@class,'table-container')]//span[@class='table-export-button']"}
  (Session info: chrome=91.0.4472.124)

2021-07-17 12:42_377630_삼성스팩4호
Traceback (most recent call last):
  File "C:\Users\kai\PycharmProjects\pythonProject\noname\noname\spiders\noname_spider.py", line 283, in company_scrapy
    button = self.driver.find_element_by_xpath(
  File "c:\users\kai\pycharmprojects\pythonproject\venv\lib\site-packages\selenium\webdriver\remote\webdriver.py", line 394, in find_element_by_xpath
    return self.find_element(by=By.XPATH, value=xpath)
  File "c:\users\kai\pycharmprojects\pythonproject\venv\lib\site-packages\selenium\webdriver\remote\webdriver.py", line 976, in find_element
    return self.execute(Command.FIND_ELEMENT, {
  File "c:\users\kai\pycharmprojects\pythonproject\venv\lib\site-packages\selenium\webdriver\remote\webdriver.py", line 321, in execute
    self.error_handler.check_response(response)
  File "c:\users\kai\pycharmprojects\pythonproject\venv\lib\site-packages\selenium\webdriver\remote\errorhandler.py", line 242, in check_response
    raise exception_class(message, screen, stacktrace)
selenium.common.exceptions.NoSuchElementException: Message: no such element: Unable to locate element: {"method":"xpath","selector":"//div[@id='income-statement']//div[contains(@class,'table-container')]//span[@class='table-export-button']"}
  (Session info: chrome=91.0.4472.124)

2021-07-17 12:43_377630_삼성스팩4호
Traceback (most recent call last):
  File "C:\Users\kai\PycharmProjects\pythonProject\noname\noname\spiders\noname_spider.py", line 283, in company_scrapy
    button = self.driver.find_element_by_xpath(
  File "c:\users\kai\pycharmprojects\pythonproject\venv\lib\site-packages\selenium\webdriver\remote\webdriver.py", line 394, in find_element_by_xpath
    return self.find_element(by=By.XPATH, value=xpath)
  File "c:\users\kai\pycharmprojects\pythonproject\venv\lib\site-packages\selenium\webdriver\remote\webdriver.py", line 976, in find_element
    return self.execute(Command.FIND_ELEMENT, {
  File "c:\users\kai\pycharmprojects\pythonproject\venv\lib\site-packages\selenium\webdriver\remote\webdriver.py", line 321, in execute
    self.error_handler.check_response(response)
  File "c:\users\kai\pycharmprojects\pythonproject\venv\lib\site-packages\selenium\webdriver\remote\errorhandler.py", line 242, in check_response
    raise exception_class(message, screen, stacktrace)
selenium.common.exceptions.NoSuchElementException: Message: no such element: Unable to locate element: {"method":"xpath","selector":"//div[@id='income-statement']//div[contains(@class,'table-container')]//span[@class='table-export-button']"}
  (Session info: chrome=91.0.4472.124)

2021-07-17 12:45_377630_삼성스팩4호
Traceback (most recent call last):
  File "C:\Users\kai\PycharmProjects\pythonProject\noname\noname\spiders\noname_spider.py", line 283, in company_scrapy
    button = self.driver.find_element_by_xpath(
  File "c:\users\kai\pycharmprojects\pythonproject\venv\lib\site-packages\selenium\webdriver\remote\webdriver.py", line 394, in find_element_by_xpath
    return self.find_element(by=By.XPATH, value=xpath)
  File "c:\users\kai\pycharmprojects\pythonproject\venv\lib\site-packages\selenium\webdriver\remote\webdriver.py", line 976, in find_element
    return self.execute(Command.FIND_ELEMENT, {
  File "c:\users\kai\pycharmprojects\pythonproject\venv\lib\site-packages\selenium\webdriver\remote\webdriver.py", line 321, in execute
    self.error_handler.check_response(response)
  File "c:\users\kai\pycharmprojects\pythonproject\venv\lib\site-packages\selenium\webdriver\remote\errorhandler.py", line 242, in check_response
    raise exception_class(message, screen, stacktrace)
selenium.common.exceptions.NoSuchElementException: Message: no such element: Unable to locate element: {"method":"xpath","selector":"//div[@id='income-statement']//div[contains(@class,'table-container')]//span[@class='table-export-button']"}
  (Session info: chrome=91.0.4472.124)

2021-07-17 12:47_380320_삼성머스트스팩5호
Traceback (most recent call last):
  File "C:\Users\kai\PycharmProjects\pythonProject\noname\noname\spiders\noname_spider.py", line 283, in company_scrapy
    button = self.driver.find_element_by_xpath(
  File "c:\users\kai\pycharmprojects\pythonproject\venv\lib\site-packages\selenium\webdriver\remote\webdriver.py", line 394, in find_element_by_xpath
    return self.find_element(by=By.XPATH, value=xpath)
  File "c:\users\kai\pycharmprojects\pythonproject\venv\lib\site-packages\selenium\webdriver\remote\webdriver.py", line 976, in find_element
    return self.execute(Command.FIND_ELEMENT, {
  File "c:\users\kai\pycharmprojects\pythonproject\venv\lib\site-packages\selenium\webdriver\remote\webdriver.py", line 321, in execute
    self.error_handler.check_response(response)
  File "c:\users\kai\pycharmprojects\pythonproject\venv\lib\site-packages\selenium\webdriver\remote\errorhandler.py", line 242, in check_response
    raise exception_class(message, screen, stacktrace)
selenium.common.exceptions.NoSuchElementException: Message: no such element: Unable to locate element: {"method":"xpath","selector":"//div[@id='income-statement']//div[contains(@class,'table-container')]//span[@class='table-export-button']"}
  (Session info: chrome=91.0.4472.124)

2021-07-17 12:48_380320_삼성머스트스팩5호
Traceback (most recent call last):
  File "C:\Users\kai\PycharmProjects\pythonProject\noname\noname\spiders\noname_spider.py", line 283, in company_scrapy
    button = self.driver.find_element_by_xpath(
  File "c:\users\kai\pycharmprojects\pythonproject\venv\lib\site-packages\selenium\webdriver\remote\webdriver.py", line 394, in find_element_by_xpath
    return self.find_element(by=By.XPATH, value=xpath)
  File "c:\users\kai\pycharmprojects\pythonproject\venv\lib\site-packages\selenium\webdriver\remote\webdriver.py", line 976, in find_element
    return self.execute(Command.FIND_ELEMENT, {
  File "c:\users\kai\pycharmprojects\pythonproject\venv\lib\site-packages\selenium\webdriver\remote\webdriver.py", line 321, in execute
    self.error_handler.check_response(response)
  File "c:\users\kai\pycharmprojects\pythonproject\venv\lib\site-packages\selenium\webdriver\remote\errorhandler.py", line 242, in check_response
    raise exception_class(message, screen, stacktrace)
selenium.common.exceptions.NoSuchElementException: Message: no such element: Unable to locate element: {"method":"xpath","selector":"//div[@id='income-statement']//div[contains(@class,'table-container')]//span[@class='table-export-button']"}
  (Session info: chrome=91.0.4472.124)

2021-07-17 12:50_380320_삼성머스트스팩5호
Traceback (most recent call last):
  File "C:\Users\kai\PycharmProjects\pythonProject\noname\noname\spiders\noname_spider.py", line 283, in company_scrapy
    button = self.driver.find_element_by_xpath(
  File "c:\users\kai\pycharmprojects\pythonproject\venv\lib\site-packages\selenium\webdriver\remote\webdriver.py", line 394, in find_element_by_xpath
    return self.find_element(by=By.XPATH, value=xpath)
  File "c:\users\kai\pycharmprojects\pythonproject\venv\lib\site-packages\selenium\webdriver\remote\webdriver.py", line 976, in find_element
    return self.execute(Command.FIND_ELEMENT, {
  File "c:\users\kai\pycharmprojects\pythonproject\venv\lib\site-packages\selenium\webdriver\remote\webdriver.py", line 321, in execute
    self.error_handler.check_response(response)
  File "c:\users\kai\pycharmprojects\pythonproject\venv\lib\site-packages\selenium\webdriver\remote\errorhandler.py", line 242, in check_response
    raise exception_class(message, screen, stacktrace)
selenium.common.exceptions.NoSuchElementException: Message: no such element: Unable to locate element: {"method":"xpath","selector":"//div[@id='income-statement']//div[contains(@class,'table-container')]//span[@class='table-export-button']"}
  (Session info: chrome=91.0.4472.124)

2021-07-17 12:51_380440_엔에이치스팩19호
Traceback (most recent call last):
  File "C:\Users\kai\PycharmProjects\pythonProject\noname\noname\spiders\noname_spider.py", line 283, in company_scrapy
    button = self.driver.find_element_by_xpath(
  File "c:\users\kai\pycharmprojects\pythonproject\venv\lib\site-packages\selenium\webdriver\remote\webdriver.py", line 394, in find_element_by_xpath
    return self.find_element(by=By.XPATH, value=xpath)
  File "c:\users\kai\pycharmprojects\pythonproject\venv\lib\site-packages\selenium\webdriver\remote\webdriver.py", line 976, in find_element
    return self.execute(Command.FIND_ELEMENT, {
  File "c:\users\kai\pycharmprojects\pythonproject\venv\lib\site-packages\selenium\webdriver\remote\webdriver.py", line 321, in execute
    self.error_handler.check_response(response)
  File "c:\users\kai\pycharmprojects\pythonproject\venv\lib\site-packages\selenium\webdriver\remote\errorhandler.py", line 242, in check_response
    raise exception_class(message, screen, stacktrace)
selenium.common.exceptions.NoSuchElementException: Message: no such element: Unable to locate element: {"method":"xpath","selector":"//div[@id='income-statement']//div[contains(@class,'table-container')]//span[@class='table-export-button']"}
  (Session info: chrome=91.0.4472.124)

2021-07-17 12:53_380440_엔에이치스팩19호
Traceback (most recent call last):
  File "C:\Users\kai\PycharmProjects\pythonProject\noname\noname\spiders\noname_spider.py", line 283, in company_scrapy
    button = self.driver.find_element_by_xpath(
  File "c:\users\kai\pycharmprojects\pythonproject\venv\lib\site-packages\selenium\webdriver\remote\webdriver.py", line 394, in find_element_by_xpath
    return self.find_element(by=By.XPATH, value=xpath)
  File "c:\users\kai\pycharmprojects\pythonproject\venv\lib\site-packages\selenium\webdriver\remote\webdriver.py", line 976, in find_element
    return self.execute(Command.FIND_ELEMENT, {
  File "c:\users\kai\pycharmprojects\pythonproject\venv\lib\site-packages\selenium\webdriver\remote\webdriver.py", line 321, in execute
    self.error_handler.check_response(response)
  File "c:\users\kai\pycharmprojects\pythonproject\venv\lib\site-packages\selenium\webdriver\remote\errorhandler.py", line 242, in check_response
    raise exception_class(message, screen, stacktrace)
selenium.common.exceptions.NoSuchElementException: Message: no such element: Unable to locate element: {"method":"xpath","selector":"//div[@id='income-statement']//div[contains(@class,'table-container')]//span[@class='table-export-button']"}
  (Session info: chrome=91.0.4472.124)

2021-07-17 12:54_380440_엔에이치스팩19호
Traceback (most recent call last):
  File "C:\Users\kai\PycharmProjects\pythonProject\noname\noname\spiders\noname_spider.py", line 283, in company_scrapy
    button = self.driver.find_element_by_xpath(
  File "c:\users\kai\pycharmprojects\pythonproject\venv\lib\site-packages\selenium\webdriver\remote\webdriver.py", line 394, in find_element_by_xpath
    return self.find_element(by=By.XPATH, value=xpath)
  File "c:\users\kai\pycharmprojects\pythonproject\venv\lib\site-packages\selenium\webdriver\remote\webdriver.py", line 976, in find_element
    return self.execute(Command.FIND_ELEMENT, {
  File "c:\users\kai\pycharmprojects\pythonproject\venv\lib\site-packages\selenium\webdriver\remote\webdriver.py", line 321, in execute
    self.error_handler.check_response(response)
  File "c:\users\kai\pycharmprojects\pythonproject\venv\lib\site-packages\selenium\webdriver\remote\errorhandler.py", line 242, in check_response
    raise exception_class(message, screen, stacktrace)
selenium.common.exceptions.NoSuchElementException: Message: no such element: Unable to locate element: {"method":"xpath","selector":"//div[@id='income-statement']//div[contains(@class,'table-container')]//span[@class='table-export-button']"}
  (Session info: chrome=91.0.4472.124)

2021-07-17 12:56_383220_F&F
Traceback (most recent call last):
  File "C:\Users\kai\PycharmProjects\pythonProject\noname\noname\spiders\noname_spider.py", line 283, in company_scrapy
    button = self.driver.find_element_by_xpath(
  File "c:\users\kai\pycharmprojects\pythonproject\venv\lib\site-packages\selenium\webdriver\remote\webdriver.py", line 394, in find_element_by_xpath
    return self.find_element(by=By.XPATH, value=xpath)
  File "c:\users\kai\pycharmprojects\pythonproject\venv\lib\site-packages\selenium\webdriver\remote\webdriver.py", line 976, in find_element
    return self.execute(Command.FIND_ELEMENT, {
  File "c:\users\kai\pycharmprojects\pythonproject\venv\lib\site-packages\selenium\webdriver\remote\webdriver.py", line 321, in execute
    self.error_handler.check_response(response)
  File "c:\users\kai\pycharmprojects\pythonproject\venv\lib\site-packages\selenium\webdriver\remote\errorhandler.py", line 242, in check_response
    raise exception_class(message, screen, stacktrace)
selenium.common.exceptions.NoSuchElementException: Message: no such element: Unable to locate element: {"method":"xpath","selector":"//div[@id='income-statement']//div[contains(@class,'table-container')]//span[@class='table-export-button']"}
  (Session info: chrome=91.0.4472.124)

2021-07-17 12:57_383220_F&F
Traceback (most recent call last):
  File "C:\Users\kai\PycharmProjects\pythonProject\noname\noname\spiders\noname_spider.py", line 283, in company_scrapy
    button = self.driver.find_element_by_xpath(
  File "c:\users\kai\pycharmprojects\pythonproject\venv\lib\site-packages\selenium\webdriver\remote\webdriver.py", line 394, in find_element_by_xpath
    return self.find_element(by=By.XPATH, value=xpath)
  File "c:\users\kai\pycharmprojects\pythonproject\venv\lib\site-packages\selenium\webdriver\remote\webdriver.py", line 976, in find_element
    return self.execute(Command.FIND_ELEMENT, {
  File "c:\users\kai\pycharmprojects\pythonproject\venv\lib\site-packages\selenium\webdriver\remote\webdriver.py", line 321, in execute
    self.error_handler.check_response(response)
  File "c:\users\kai\pycharmprojects\pythonproject\venv\lib\site-packages\selenium\webdriver\remote\errorhandler.py", line 242, in check_response
    raise exception_class(message, screen, stacktrace)
selenium.common.exceptions.NoSuchElementException: Message: no such element: Unable to locate element: {"method":"xpath","selector":"//div[@id='income-statement']//div[contains(@class,'table-container')]//span[@class='table-export-button']"}
  (Session info: chrome=91.0.4472.124)

2021-07-17 12:59_383220_F&F
Traceback (most recent call last):
  File "C:\Users\kai\PycharmProjects\pythonProject\noname\noname\spiders\noname_spider.py", line 283, in company_scrapy
    button = self.driver.find_element_by_xpath(
  File "c:\users\kai\pycharmprojects\pythonproject\venv\lib\site-packages\selenium\webdriver\remote\webdriver.py", line 394, in find_element_by_xpath
    return self.find_element(by=By.XPATH, value=xpath)
  File "c:\users\kai\pycharmprojects\pythonproject\venv\lib\site-packages\selenium\webdriver\remote\webdriver.py", line 976, in find_element
    return self.execute(Command.FIND_ELEMENT, {
  File "c:\users\kai\pycharmprojects\pythonproject\venv\lib\site-packages\selenium\webdriver\remote\webdriver.py", line 321, in execute
    self.error_handler.check_response(response)
  File "c:\users\kai\pycharmprojects\pythonproject\venv\lib\site-packages\selenium\webdriver\remote\errorhandler.py", line 242, in check_response
    raise exception_class(message, screen, stacktrace)
selenium.common.exceptions.NoSuchElementException: Message: no such element: Unable to locate element: {"method":"xpath","selector":"//div[@id='income-statement']//div[contains(@class,'table-container')]//span[@class='table-export-button']"}
  (Session info: chrome=91.0.4472.124)

2021-07-17 13:01_383310_에코프로에이치엔
Traceback (most recent call last):
  File "C:\Users\kai\PycharmProjects\pythonProject\noname\noname\spiders\noname_spider.py", line 283, in company_scrapy
    button = self.driver.find_element_by_xpath(
  File "c:\users\kai\pycharmprojects\pythonproject\venv\lib\site-packages\selenium\webdriver\remote\webdriver.py", line 394, in find_element_by_xpath
    return self.find_element(by=By.XPATH, value=xpath)
  File "c:\users\kai\pycharmprojects\pythonproject\venv\lib\site-packages\selenium\webdriver\remote\webdriver.py", line 976, in find_element
    return self.execute(Command.FIND_ELEMENT, {
  File "c:\users\kai\pycharmprojects\pythonproject\venv\lib\site-packages\selenium\webdriver\remote\webdriver.py", line 321, in execute
    self.error_handler.check_response(response)
  File "c:\users\kai\pycharmprojects\pythonproject\venv\lib\site-packages\selenium\webdriver\remote\errorhandler.py", line 242, in check_response
    raise exception_class(message, screen, stacktrace)
selenium.common.exceptions.NoSuchElementException: Message: no such element: Unable to locate element: {"method":"xpath","selector":"//div[@id='income-statement']//div[contains(@class,'table-container')]//span[@class='table-export-button']"}
  (Session info: chrome=91.0.4472.124)

2021-07-17 13:02_383310_에코프로에이치엔
Traceback (most recent call last):
  File "C:\Users\kai\PycharmProjects\pythonProject\noname\noname\spiders\noname_spider.py", line 283, in company_scrapy
    button = self.driver.find_element_by_xpath(
  File "c:\users\kai\pycharmprojects\pythonproject\venv\lib\site-packages\selenium\webdriver\remote\webdriver.py", line 394, in find_element_by_xpath
    return self.find_element(by=By.XPATH, value=xpath)
  File "c:\users\kai\pycharmprojects\pythonproject\venv\lib\site-packages\selenium\webdriver\remote\webdriver.py", line 976, in find_element
    return self.execute(Command.FIND_ELEMENT, {
  File "c:\users\kai\pycharmprojects\pythonproject\venv\lib\site-packages\selenium\webdriver\remote\webdriver.py", line 321, in execute
    self.error_handler.check_response(response)
  File "c:\users\kai\pycharmprojects\pythonproject\venv\lib\site-packages\selenium\webdriver\remote\errorhandler.py", line 242, in check_response
    raise exception_class(message, screen, stacktrace)
selenium.common.exceptions.NoSuchElementException: Message: no such element: Unable to locate element: {"method":"xpath","selector":"//div[@id='income-statement']//div[contains(@class,'table-container')]//span[@class='table-export-button']"}
  (Session info: chrome=91.0.4472.124)

2021-07-17 13:04_383310_에코프로에이치엔
Traceback (most recent call last):
  File "C:\Users\kai\PycharmProjects\pythonProject\noname\noname\spiders\noname_spider.py", line 283, in company_scrapy
    button = self.driver.find_element_by_xpath(
  File "c:\users\kai\pycharmprojects\pythonproject\venv\lib\site-packages\selenium\webdriver\remote\webdriver.py", line 394, in find_element_by_xpath
    return self.find_element(by=By.XPATH, value=xpath)
  File "c:\users\kai\pycharmprojects\pythonproject\venv\lib\site-packages\selenium\webdriver\remote\webdriver.py", line 976, in find_element
    return self.execute(Command.FIND_ELEMENT, {
  File "c:\users\kai\pycharmprojects\pythonproject\venv\lib\site-packages\selenium\webdriver\remote\webdriver.py", line 321, in execute
    self.error_handler.check_response(response)
  File "c:\users\kai\pycharmprojects\pythonproject\venv\lib\site-packages\selenium\webdriver\remote\errorhandler.py", line 242, in check_response
    raise exception_class(message, screen, stacktrace)
selenium.common.exceptions.NoSuchElementException: Message: no such element: Unable to locate element: {"method":"xpath","selector":"//div[@id='income-statement']//div[contains(@class,'table-container')]//span[@class='table-export-button']"}
  (Session info: chrome=91.0.4472.124)

2021-07-17 13:05_383800_LX홀딩스
Traceback (most recent call last):
  File "C:\Users\kai\PycharmProjects\pythonProject\noname\noname\spiders\noname_spider.py", line 283, in company_scrapy
    button = self.driver.find_element_by_xpath(
  File "c:\users\kai\pycharmprojects\pythonproject\venv\lib\site-packages\selenium\webdriver\remote\webdriver.py", line 394, in find_element_by_xpath
    return self.find_element(by=By.XPATH, value=xpath)
  File "c:\users\kai\pycharmprojects\pythonproject\venv\lib\site-packages\selenium\webdriver\remote\webdriver.py", line 976, in find_element
    return self.execute(Command.FIND_ELEMENT, {
  File "c:\users\kai\pycharmprojects\pythonproject\venv\lib\site-packages\selenium\webdriver\remote\webdriver.py", line 321, in execute
    self.error_handler.check_response(response)
  File "c:\users\kai\pycharmprojects\pythonproject\venv\lib\site-packages\selenium\webdriver\remote\errorhandler.py", line 242, in check_response
    raise exception_class(message, screen, stacktrace)
selenium.common.exceptions.NoSuchElementException: Message: no such element: Unable to locate element: {"method":"xpath","selector":"//div[@id='income-statement']//div[contains(@class,'table-container')]//span[@class='table-export-button']"}
  (Session info: chrome=91.0.4472.124)

2021-07-17 13:07_383800_LX홀딩스
Traceback (most recent call last):
  File "C:\Users\kai\PycharmProjects\pythonProject\noname\noname\spiders\noname_spider.py", line 283, in company_scrapy
    button = self.driver.find_element_by_xpath(
  File "c:\users\kai\pycharmprojects\pythonproject\venv\lib\site-packages\selenium\webdriver\remote\webdriver.py", line 394, in find_element_by_xpath
    return self.find_element(by=By.XPATH, value=xpath)
  File "c:\users\kai\pycharmprojects\pythonproject\venv\lib\site-packages\selenium\webdriver\remote\webdriver.py", line 976, in find_element
    return self.execute(Command.FIND_ELEMENT, {
  File "c:\users\kai\pycharmprojects\pythonproject\venv\lib\site-packages\selenium\webdriver\remote\webdriver.py", line 321, in execute
    self.error_handler.check_response(response)
  File "c:\users\kai\pycharmprojects\pythonproject\venv\lib\site-packages\selenium\webdriver\remote\errorhandler.py", line 242, in check_response
    raise exception_class(message, screen, stacktrace)
selenium.common.exceptions.NoSuchElementException: Message: no such element: Unable to locate element: {"method":"xpath","selector":"//div[@id='income-statement']//div[contains(@class,'table-container')]//span[@class='table-export-button']"}
  (Session info: chrome=91.0.4472.124)

2021-07-17 13:08_383800_LX홀딩스
Traceback (most recent call last):
  File "C:\Users\kai\PycharmProjects\pythonProject\noname\noname\spiders\noname_spider.py", line 283, in company_scrapy
    button = self.driver.find_element_by_xpath(
  File "c:\users\kai\pycharmprojects\pythonproject\venv\lib\site-packages\selenium\webdriver\remote\webdriver.py", line 394, in find_element_by_xpath
    return self.find_element(by=By.XPATH, value=xpath)
  File "c:\users\kai\pycharmprojects\pythonproject\venv\lib\site-packages\selenium\webdriver\remote\webdriver.py", line 976, in find_element
    return self.execute(Command.FIND_ELEMENT, {
  File "c:\users\kai\pycharmprojects\pythonproject\venv\lib\site-packages\selenium\webdriver\remote\webdriver.py", line 321, in execute
    self.error_handler.check_response(response)
  File "c:\users\kai\pycharmprojects\pythonproject\venv\lib\site-packages\selenium\webdriver\remote\errorhandler.py", line 242, in check_response
    raise exception_class(message, screen, stacktrace)
selenium.common.exceptions.NoSuchElementException: Message: no such element: Unable to locate element: {"method":"xpath","selector":"//div[@id='income-statement']//div[contains(@class,'table-container')]//span[@class='table-export-button']"}
  (Session info: chrome=91.0.4472.124)

2021-07-17 13:11_950210_프레스티지바이오파마
Traceback (most recent call last):
  File "C:\Users\kai\PycharmProjects\pythonProject\noname\noname\spiders\noname_spider.py", line 250, in company_scrapy
    button = self.driver.find_element_by_xpath(
  File "c:\users\kai\pycharmprojects\pythonproject\venv\lib\site-packages\selenium\webdriver\remote\webdriver.py", line 394, in find_element_by_xpath
    return self.find_element(by=By.XPATH, value=xpath)
  File "c:\users\kai\pycharmprojects\pythonproject\venv\lib\site-packages\selenium\webdriver\remote\webdriver.py", line 976, in find_element
    return self.execute(Command.FIND_ELEMENT, {
  File "c:\users\kai\pycharmprojects\pythonproject\venv\lib\site-packages\selenium\webdriver\remote\webdriver.py", line 321, in execute
    self.error_handler.check_response(response)
  File "c:\users\kai\pycharmprojects\pythonproject\venv\lib\site-packages\selenium\webdriver\remote\errorhandler.py", line 242, in check_response
    raise exception_class(message, screen, stacktrace)
selenium.common.exceptions.NoSuchElementException: Message: no such element: Unable to locate element: {"method":"xpath","selector":"//div[@id='income-statement']//div[contains(@class,'header-text')]//div[contains(@class,'options')]/div[1]/div"}
  (Session info: chrome=91.0.4472.124)

2021-07-17 13:12_950210_프레스티지바이오파마
Traceback (most recent call last):
  File "C:\Users\kai\PycharmProjects\pythonProject\noname\noname\spiders\noname_spider.py", line 250, in company_scrapy
    button = self.driver.find_element_by_xpath(
  File "c:\users\kai\pycharmprojects\pythonproject\venv\lib\site-packages\selenium\webdriver\remote\webdriver.py", line 394, in find_element_by_xpath
    return self.find_element(by=By.XPATH, value=xpath)
  File "c:\users\kai\pycharmprojects\pythonproject\venv\lib\site-packages\selenium\webdriver\remote\webdriver.py", line 976, in find_element
    return self.execute(Command.FIND_ELEMENT, {
  File "c:\users\kai\pycharmprojects\pythonproject\venv\lib\site-packages\selenium\webdriver\remote\webdriver.py", line 321, in execute
    self.error_handler.check_response(response)
  File "c:\users\kai\pycharmprojects\pythonproject\venv\lib\site-packages\selenium\webdriver\remote\errorhandler.py", line 242, in check_response
    raise exception_class(message, screen, stacktrace)
selenium.common.exceptions.NoSuchElementException: Message: no such element: Unable to locate element: {"method":"xpath","selector":"//div[@id='income-statement']//div[contains(@class,'header-text')]//div[contains(@class,'options')]/div[1]/div"}
  (Session info: chrome=91.0.4472.124)

2021-07-17 13:13_950210_프레스티지바이오파마
Traceback (most recent call last):
  File "C:\Users\kai\PycharmProjects\pythonProject\noname\noname\spiders\noname_spider.py", line 250, in company_scrapy
    button = self.driver.find_element_by_xpath(
  File "c:\users\kai\pycharmprojects\pythonproject\venv\lib\site-packages\selenium\webdriver\remote\webdriver.py", line 394, in find_element_by_xpath
    return self.find_element(by=By.XPATH, value=xpath)
  File "c:\users\kai\pycharmprojects\pythonproject\venv\lib\site-packages\selenium\webdriver\remote\webdriver.py", line 976, in find_element
    return self.execute(Command.FIND_ELEMENT, {
  File "c:\users\kai\pycharmprojects\pythonproject\venv\lib\site-packages\selenium\webdriver\remote\webdriver.py", line 321, in execute
    self.error_handler.check_response(response)
  File "c:\users\kai\pycharmprojects\pythonproject\venv\lib\site-packages\selenium\webdriver\remote\errorhandler.py", line 242, in check_response
    raise exception_class(message, screen, stacktrace)
selenium.common.exceptions.NoSuchElementException: Message: no such element: Unable to locate element: {"method":"xpath","selector":"//div[@id='income-statement']//div[contains(@class,'header-text')]//div[contains(@class,'options')]/div[1]/div"}
  (Session info: chrome=91.0.4472.124)

