2021-08-26 18:03_초기 세팅 실패.
Traceback (most recent call last):
  File "C:\Users\kai\PycharmProjects\pythonProject\noname\noname\spiders\fnguide_report_spider.py", line 796, in initial_setting
    self.click_element(
  File "C:\Users\kai\PycharmProjects\pythonProject\noname\noname\spiders\fnguide_report_spider.py", line 725, in click_element
    button = self.driver.find_element_by_xpath(xpath)
  File "C:\Users\kai\PycharmProjects\pythonProject\venv\lib\site-packages\selenium\webdriver\remote\webdriver.py", line 394, in find_element_by_xpath
    return self.find_element(by=By.XPATH, value=xpath)
  File "C:\Users\kai\PycharmProjects\pythonProject\venv\lib\site-packages\selenium\webdriver\remote\webdriver.py", line 976, in find_element
    return self.execute(Command.FIND_ELEMENT, {
  File "C:\Users\kai\PycharmProjects\pythonProject\venv\lib\site-packages\selenium\webdriver\remote\webdriver.py", line 321, in execute
    self.error_handler.check_response(response)
  File "C:\Users\kai\PycharmProjects\pythonProject\venv\lib\site-packages\selenium\webdriver\remote\errorhandler.py", line 242, in check_response
    raise exception_class(message, screen, stacktrace)
selenium.common.exceptions.NoSuchElementException: Message: no such element: Unable to locate element: {"method":"xpath","selector":"//div[@id='compGnb']//a[contains(@class,'dp1a') and contains(text(),'리포트')]/following-sibling::a[contains(text(),'요약리포트')]"}
  (Session info: chrome=92.0.4515.159)

2021-08-26 18:35_전체 에러 
Traceback (most recent call last):
  File "C:\Users\kai\PycharmProjects\pythonProject\noname\noname\spiders\fnguide_report_spider.py", line 69, in parse
    self.fnguide_report_summary_scraping()
  File "C:\Users\kai\PycharmProjects\pythonProject\noname\noname\spiders\fnguide_report_spider.py", line 128, in fnguide_report_summary_scraping
    report_name = report.find_element_by_xpath("./td[2]//dt/span").strip().lstrip("-")
AttributeError: 'WebElement' object has no attribute 'strip'
2021-08-26 19:03_전체 에러 
Traceback (most recent call last):
  File "C:\Users\kai\PycharmProjects\pythonProject\noname\noname\spiders\fnguide_report_spider.py", line 70, in parse
    self.fnguide_report_summary_scraping()
  File "C:\Users\kai\PycharmProjects\pythonProject\noname\noname\spiders\fnguide_report_spider.py", line 134, in fnguide_report_summary_scraping
    "'" + str(datetime.now(datetime.timezone.utc)) + "', "\
AttributeError: module 'datetime' has no attribute 'now'
