2021-07-27 16:49_152550_한국ANKOR유전
Traceback (most recent call last):
  File "C:\Users\kai\PycharmProjects\pythonProject\noname\noname\spiders\korean_daily_finance_spider.py", line 202, in quarterly_finance_scraping
    last_quarter_column = self.driver.find_element_by_xpath(
  File "C:\Users\kai\PycharmProjects\pythonProject\venv\lib\site-packages\selenium\webdriver\remote\webdriver.py", line 394, in find_element_by_xpath
    return self.find_element(by=By.XPATH, value=xpath)
  File "C:\Users\kai\PycharmProjects\pythonProject\venv\lib\site-packages\selenium\webdriver\remote\webdriver.py", line 976, in find_element
    return self.execute(Command.FIND_ELEMENT, {
  File "C:\Users\kai\PycharmProjects\pythonProject\venv\lib\site-packages\selenium\webdriver\remote\webdriver.py", line 321, in execute
    self.error_handler.check_response(response)
  File "C:\Users\kai\PycharmProjects\pythonProject\venv\lib\site-packages\selenium\webdriver\remote\errorhandler.py", line 242, in check_response
    raise exception_class(message, screen, stacktrace)
selenium.common.exceptions.NoSuchElementException: Message: no such element: Unable to locate element: {"method":"xpath","selector":"//div[@id='income-statement']//div[contains(@class,'table-container')]//div[contains(@class,'react-table-layout')]//div[contains(@class,'rt-table')]//div[contains(@class,'rt-thead')]//div[contains(@class,'rt-resizable-header')][last()]/div[contains(@class,'rt-resizable-header-content')]"}
  (Session info: chrome=92.0.4515.107)

2021-07-27 16:51_152550_한국ANKOR유전
Traceback (most recent call last):
  File "C:\Users\kai\PycharmProjects\pythonProject\noname\noname\spiders\korean_daily_finance_spider.py", line 202, in quarterly_finance_scraping
    last_quarter_column = self.driver.find_element_by_xpath(
  File "C:\Users\kai\PycharmProjects\pythonProject\venv\lib\site-packages\selenium\webdriver\remote\webdriver.py", line 394, in find_element_by_xpath
    return self.find_element(by=By.XPATH, value=xpath)
  File "C:\Users\kai\PycharmProjects\pythonProject\venv\lib\site-packages\selenium\webdriver\remote\webdriver.py", line 976, in find_element
    return self.execute(Command.FIND_ELEMENT, {
  File "C:\Users\kai\PycharmProjects\pythonProject\venv\lib\site-packages\selenium\webdriver\remote\webdriver.py", line 321, in execute
    self.error_handler.check_response(response)
  File "C:\Users\kai\PycharmProjects\pythonProject\venv\lib\site-packages\selenium\webdriver\remote\errorhandler.py", line 242, in check_response
    raise exception_class(message, screen, stacktrace)
selenium.common.exceptions.NoSuchElementException: Message: no such element: Unable to locate element: {"method":"xpath","selector":"//div[@id='income-statement']//div[contains(@class,'table-container')]//div[contains(@class,'react-table-layout')]//div[contains(@class,'rt-table')]//div[contains(@class,'rt-thead')]//div[contains(@class,'rt-resizable-header')][last()]/div[contains(@class,'rt-resizable-header-content')]"}
  (Session info: chrome=92.0.4515.107)

2021-07-27 16:53_152550_한국ANKOR유전
Traceback (most recent call last):
  File "C:\Users\kai\PycharmProjects\pythonProject\noname\noname\spiders\korean_daily_finance_spider.py", line 202, in quarterly_finance_scraping
    last_quarter_column = self.driver.find_element_by_xpath(
  File "C:\Users\kai\PycharmProjects\pythonProject\venv\lib\site-packages\selenium\webdriver\remote\webdriver.py", line 394, in find_element_by_xpath
    return self.find_element(by=By.XPATH, value=xpath)
  File "C:\Users\kai\PycharmProjects\pythonProject\venv\lib\site-packages\selenium\webdriver\remote\webdriver.py", line 976, in find_element
    return self.execute(Command.FIND_ELEMENT, {
  File "C:\Users\kai\PycharmProjects\pythonProject\venv\lib\site-packages\selenium\webdriver\remote\webdriver.py", line 321, in execute
    self.error_handler.check_response(response)
  File "C:\Users\kai\PycharmProjects\pythonProject\venv\lib\site-packages\selenium\webdriver\remote\errorhandler.py", line 242, in check_response
    raise exception_class(message, screen, stacktrace)
selenium.common.exceptions.NoSuchElementException: Message: no such element: Unable to locate element: {"method":"xpath","selector":"//div[@id='income-statement']//div[contains(@class,'table-container')]//div[contains(@class,'react-table-layout')]//div[contains(@class,'rt-table')]//div[contains(@class,'rt-thead')]//div[contains(@class,'rt-resizable-header')][last()]/div[contains(@class,'rt-resizable-header-content')]"}
  (Session info: chrome=92.0.4515.107)

2021-07-27 16:55_096300_베트남개발1
Traceback (most recent call last):
  File "C:\Users\kai\PycharmProjects\pythonProject\noname\noname\spiders\korean_daily_finance_spider.py", line 202, in quarterly_finance_scraping
    last_quarter_column = self.driver.find_element_by_xpath(
  File "C:\Users\kai\PycharmProjects\pythonProject\venv\lib\site-packages\selenium\webdriver\remote\webdriver.py", line 394, in find_element_by_xpath
    return self.find_element(by=By.XPATH, value=xpath)
  File "C:\Users\kai\PycharmProjects\pythonProject\venv\lib\site-packages\selenium\webdriver\remote\webdriver.py", line 976, in find_element
    return self.execute(Command.FIND_ELEMENT, {
  File "C:\Users\kai\PycharmProjects\pythonProject\venv\lib\site-packages\selenium\webdriver\remote\webdriver.py", line 321, in execute
    self.error_handler.check_response(response)
  File "C:\Users\kai\PycharmProjects\pythonProject\venv\lib\site-packages\selenium\webdriver\remote\errorhandler.py", line 242, in check_response
    raise exception_class(message, screen, stacktrace)
selenium.common.exceptions.NoSuchElementException: Message: no such element: Unable to locate element: {"method":"xpath","selector":"//div[@id='income-statement']//div[contains(@class,'table-container')]//div[contains(@class,'react-table-layout')]//div[contains(@class,'rt-table')]//div[contains(@class,'rt-thead')]//div[contains(@class,'rt-resizable-header')][last()]/div[contains(@class,'rt-resizable-header-content')]"}
  (Session info: chrome=92.0.4515.107)

2021-07-27 16:57_096300_베트남개발1
Traceback (most recent call last):
  File "C:\Users\kai\PycharmProjects\pythonProject\noname\noname\spiders\korean_daily_finance_spider.py", line 202, in quarterly_finance_scraping
    last_quarter_column = self.driver.find_element_by_xpath(
  File "C:\Users\kai\PycharmProjects\pythonProject\venv\lib\site-packages\selenium\webdriver\remote\webdriver.py", line 394, in find_element_by_xpath
    return self.find_element(by=By.XPATH, value=xpath)
  File "C:\Users\kai\PycharmProjects\pythonProject\venv\lib\site-packages\selenium\webdriver\remote\webdriver.py", line 976, in find_element
    return self.execute(Command.FIND_ELEMENT, {
  File "C:\Users\kai\PycharmProjects\pythonProject\venv\lib\site-packages\selenium\webdriver\remote\webdriver.py", line 321, in execute
    self.error_handler.check_response(response)
  File "C:\Users\kai\PycharmProjects\pythonProject\venv\lib\site-packages\selenium\webdriver\remote\errorhandler.py", line 242, in check_response
    raise exception_class(message, screen, stacktrace)
selenium.common.exceptions.NoSuchElementException: Message: no such element: Unable to locate element: {"method":"xpath","selector":"//div[@id='income-statement']//div[contains(@class,'table-container')]//div[contains(@class,'react-table-layout')]//div[contains(@class,'rt-table')]//div[contains(@class,'rt-thead')]//div[contains(@class,'rt-resizable-header')][last()]/div[contains(@class,'rt-resizable-header-content')]"}
  (Session info: chrome=92.0.4515.107)

2021-07-27 16:58_096300_베트남개발1
Traceback (most recent call last):
  File "C:\Users\kai\PycharmProjects\pythonProject\noname\noname\spiders\korean_daily_finance_spider.py", line 202, in quarterly_finance_scraping
    last_quarter_column = self.driver.find_element_by_xpath(
  File "C:\Users\kai\PycharmProjects\pythonProject\venv\lib\site-packages\selenium\webdriver\remote\webdriver.py", line 394, in find_element_by_xpath
    return self.find_element(by=By.XPATH, value=xpath)
  File "C:\Users\kai\PycharmProjects\pythonProject\venv\lib\site-packages\selenium\webdriver\remote\webdriver.py", line 976, in find_element
    return self.execute(Command.FIND_ELEMENT, {
  File "C:\Users\kai\PycharmProjects\pythonProject\venv\lib\site-packages\selenium\webdriver\remote\webdriver.py", line 321, in execute
    self.error_handler.check_response(response)
  File "C:\Users\kai\PycharmProjects\pythonProject\venv\lib\site-packages\selenium\webdriver\remote\errorhandler.py", line 242, in check_response
    raise exception_class(message, screen, stacktrace)
selenium.common.exceptions.NoSuchElementException: Message: no such element: Unable to locate element: {"method":"xpath","selector":"//div[@id='income-statement']//div[contains(@class,'table-container')]//div[contains(@class,'react-table-layout')]//div[contains(@class,'rt-table')]//div[contains(@class,'rt-thead')]//div[contains(@class,'rt-resizable-header')][last()]/div[contains(@class,'rt-resizable-header-content')]"}
  (Session info: chrome=92.0.4515.107)

2021-07-27 17:01_168490_한국패러랠
Traceback (most recent call last):
  File "C:\Users\kai\PycharmProjects\pythonProject\noname\noname\spiders\korean_daily_finance_spider.py", line 202, in quarterly_finance_scraping
    last_quarter_column = self.driver.find_element_by_xpath(
  File "C:\Users\kai\PycharmProjects\pythonProject\venv\lib\site-packages\selenium\webdriver\remote\webdriver.py", line 394, in find_element_by_xpath
    return self.find_element(by=By.XPATH, value=xpath)
  File "C:\Users\kai\PycharmProjects\pythonProject\venv\lib\site-packages\selenium\webdriver\remote\webdriver.py", line 976, in find_element
    return self.execute(Command.FIND_ELEMENT, {
  File "C:\Users\kai\PycharmProjects\pythonProject\venv\lib\site-packages\selenium\webdriver\remote\webdriver.py", line 321, in execute
    self.error_handler.check_response(response)
  File "C:\Users\kai\PycharmProjects\pythonProject\venv\lib\site-packages\selenium\webdriver\remote\errorhandler.py", line 242, in check_response
    raise exception_class(message, screen, stacktrace)
selenium.common.exceptions.NoSuchElementException: Message: no such element: Unable to locate element: {"method":"xpath","selector":"//div[@id='income-statement']//div[contains(@class,'table-container')]//div[contains(@class,'react-table-layout')]//div[contains(@class,'rt-table')]//div[contains(@class,'rt-thead')]//div[contains(@class,'rt-resizable-header')][last()]/div[contains(@class,'rt-resizable-header-content')]"}
  (Session info: chrome=92.0.4515.107)

2021-07-27 17:03_168490_한국패러랠
Traceback (most recent call last):
  File "C:\Users\kai\PycharmProjects\pythonProject\noname\noname\spiders\korean_daily_finance_spider.py", line 202, in quarterly_finance_scraping
    last_quarter_column = self.driver.find_element_by_xpath(
  File "C:\Users\kai\PycharmProjects\pythonProject\venv\lib\site-packages\selenium\webdriver\remote\webdriver.py", line 394, in find_element_by_xpath
    return self.find_element(by=By.XPATH, value=xpath)
  File "C:\Users\kai\PycharmProjects\pythonProject\venv\lib\site-packages\selenium\webdriver\remote\webdriver.py", line 976, in find_element
    return self.execute(Command.FIND_ELEMENT, {
  File "C:\Users\kai\PycharmProjects\pythonProject\venv\lib\site-packages\selenium\webdriver\remote\webdriver.py", line 321, in execute
    self.error_handler.check_response(response)
  File "C:\Users\kai\PycharmProjects\pythonProject\venv\lib\site-packages\selenium\webdriver\remote\errorhandler.py", line 242, in check_response
    raise exception_class(message, screen, stacktrace)
selenium.common.exceptions.NoSuchElementException: Message: no such element: Unable to locate element: {"method":"xpath","selector":"//div[@id='income-statement']//div[contains(@class,'table-container')]//div[contains(@class,'react-table-layout')]//div[contains(@class,'rt-table')]//div[contains(@class,'rt-thead')]//div[contains(@class,'rt-resizable-header')][last()]/div[contains(@class,'rt-resizable-header-content')]"}
  (Session info: chrome=92.0.4515.107)

2021-07-27 17:05_168490_한국패러랠
Traceback (most recent call last):
  File "C:\Users\kai\PycharmProjects\pythonProject\noname\noname\spiders\korean_daily_finance_spider.py", line 202, in quarterly_finance_scraping
    last_quarter_column = self.driver.find_element_by_xpath(
  File "C:\Users\kai\PycharmProjects\pythonProject\venv\lib\site-packages\selenium\webdriver\remote\webdriver.py", line 394, in find_element_by_xpath
    return self.find_element(by=By.XPATH, value=xpath)
  File "C:\Users\kai\PycharmProjects\pythonProject\venv\lib\site-packages\selenium\webdriver\remote\webdriver.py", line 976, in find_element
    return self.execute(Command.FIND_ELEMENT, {
  File "C:\Users\kai\PycharmProjects\pythonProject\venv\lib\site-packages\selenium\webdriver\remote\webdriver.py", line 321, in execute
    self.error_handler.check_response(response)
  File "C:\Users\kai\PycharmProjects\pythonProject\venv\lib\site-packages\selenium\webdriver\remote\errorhandler.py", line 242, in check_response
    raise exception_class(message, screen, stacktrace)
selenium.common.exceptions.NoSuchElementException: Message: no such element: Unable to locate element: {"method":"xpath","selector":"//div[@id='income-statement']//div[contains(@class,'table-container')]//div[contains(@class,'react-table-layout')]//div[contains(@class,'rt-table')]//div[contains(@class,'rt-thead')]//div[contains(@class,'rt-resizable-header')][last()]/div[contains(@class,'rt-resizable-header-content')]"}
  (Session info: chrome=92.0.4515.107)

2021-07-27 17:09_172580_하이골드12호
Traceback (most recent call last):
  File "C:\Users\kai\PycharmProjects\pythonProject\noname\noname\spiders\korean_daily_finance_spider.py", line 185, in quarterly_finance_scraping
    button = self.driver.find_element_by_xpath(
  File "C:\Users\kai\PycharmProjects\pythonProject\venv\lib\site-packages\selenium\webdriver\remote\webdriver.py", line 394, in find_element_by_xpath
    return self.find_element(by=By.XPATH, value=xpath)
  File "C:\Users\kai\PycharmProjects\pythonProject\venv\lib\site-packages\selenium\webdriver\remote\webdriver.py", line 976, in find_element
    return self.execute(Command.FIND_ELEMENT, {
  File "C:\Users\kai\PycharmProjects\pythonProject\venv\lib\site-packages\selenium\webdriver\remote\webdriver.py", line 321, in execute
    self.error_handler.check_response(response)
  File "C:\Users\kai\PycharmProjects\pythonProject\venv\lib\site-packages\selenium\webdriver\remote\errorhandler.py", line 242, in check_response
    raise exception_class(message, screen, stacktrace)
selenium.common.exceptions.NoSuchElementException: Message: no such element: Unable to locate element: {"method":"xpath","selector":"//div[@id='root']/div/div[contains(@class,'deepsesarch-dropdown-items')]/div[1]"}
  (Session info: chrome=92.0.4515.107)

2021-07-27 17:17_초기 세팅 실패.
Traceback (most recent call last):
  File "C:\Users\kai\PycharmProjects\pythonProject\noname\noname\spiders\korean_daily_finance_spider.py", line 395, in initial_setting
    menu1_button = self.driver.find_element_by_xpath(
  File "C:\Users\kai\PycharmProjects\pythonProject\venv\lib\site-packages\selenium\webdriver\remote\webdriver.py", line 394, in find_element_by_xpath
    return self.find_element(by=By.XPATH, value=xpath)
  File "C:\Users\kai\PycharmProjects\pythonProject\venv\lib\site-packages\selenium\webdriver\remote\webdriver.py", line 976, in find_element
    return self.execute(Command.FIND_ELEMENT, {
  File "C:\Users\kai\PycharmProjects\pythonProject\venv\lib\site-packages\selenium\webdriver\remote\webdriver.py", line 321, in execute
    self.error_handler.check_response(response)
  File "C:\Users\kai\PycharmProjects\pythonProject\venv\lib\site-packages\selenium\webdriver\remote\errorhandler.py", line 242, in check_response
    raise exception_class(message, screen, stacktrace)
selenium.common.exceptions.NoSuchElementException: Message: no such element: Unable to locate element: {"method":"xpath","selector":"//div[@class='deepsearch-app']/div[contains(@class,'drawer-container-layout')]/div[contains(@class,'drawer-container')]/div[contains(@class,'drawer-container-inner')]/div[contains(@class,'menu-item-group')][2]/div[contains(@class,'menu-item')][3]"}
  (Session info: chrome=92.0.4515.107)

2021-07-27 19:02_초기 세팅 실패.
Traceback (most recent call last):
  File "C:\Users\kai\PycharmProjects\pythonProject\noname\noname\spiders\korean_daily_finance_spider.py", line 395, in initial_setting
    menu1_button = self.driver.find_element_by_xpath(
  File "C:\Users\kai\PycharmProjects\pythonProject\venv\lib\site-packages\selenium\webdriver\remote\webdriver.py", line 394, in find_element_by_xpath
    return self.find_element(by=By.XPATH, value=xpath)
  File "C:\Users\kai\PycharmProjects\pythonProject\venv\lib\site-packages\selenium\webdriver\remote\webdriver.py", line 976, in find_element
    return self.execute(Command.FIND_ELEMENT, {
  File "C:\Users\kai\PycharmProjects\pythonProject\venv\lib\site-packages\selenium\webdriver\remote\webdriver.py", line 321, in execute
    self.error_handler.check_response(response)
  File "C:\Users\kai\PycharmProjects\pythonProject\venv\lib\site-packages\selenium\webdriver\remote\errorhandler.py", line 242, in check_response
    raise exception_class(message, screen, stacktrace)
selenium.common.exceptions.NoSuchElementException: Message: no such element: Unable to locate element: {"method":"xpath","selector":"//div[@class='deepsearch-app']/div[contains(@class,'drawer-container-layout')]/div[contains(@class,'drawer-container')]/div[contains(@class,'drawer-container-inner')]/div[contains(@class,'menu-item-group')][2]/div[contains(@class,'menu-item')][3]"}
  (Session info: chrome=92.0.4515.107)

2021-07-27 19:12_000020_동화약품
포괄손익계산서가 이미 존재합니다. 
2021-07-27 19:22_001620_케이비아이동국실
Traceback (most recent call last):
  File "C:\Users\kai\PycharmProjects\pythonProject\noname\noname\spiders\korean_daily_finance_spider.py", line 185, in quarterly_finance_scraping
    button = self.driver.find_element_by_xpath(
  File "C:\Users\kai\PycharmProjects\pythonProject\venv\lib\site-packages\selenium\webdriver\remote\webdriver.py", line 394, in find_element_by_xpath
    return self.find_element(by=By.XPATH, value=xpath)
  File "C:\Users\kai\PycharmProjects\pythonProject\venv\lib\site-packages\selenium\webdriver\remote\webdriver.py", line 976, in find_element
    return self.execute(Command.FIND_ELEMENT, {
  File "C:\Users\kai\PycharmProjects\pythonProject\venv\lib\site-packages\selenium\webdriver\remote\webdriver.py", line 321, in execute
    self.error_handler.check_response(response)
  File "C:\Users\kai\PycharmProjects\pythonProject\venv\lib\site-packages\selenium\webdriver\remote\errorhandler.py", line 242, in check_response
    raise exception_class(message, screen, stacktrace)
selenium.common.exceptions.NoSuchElementException: Message: no such element: Unable to locate element: {"method":"xpath","selector":"//div[@id='root']/div/div[contains(@class,'deepsesarch-dropdown-items')]/div[1]"}
  (Session info: chrome=92.0.4515.107)

2021-07-27 19:26_초기 세팅 실패.
Traceback (most recent call last):
  File "C:\Users\kai\PycharmProjects\pythonProject\noname\noname\spiders\korean_daily_finance_spider.py", line 395, in initial_setting
    menu1_button = self.driver.find_element_by_xpath(
  File "C:\Users\kai\PycharmProjects\pythonProject\venv\lib\site-packages\selenium\webdriver\remote\webdriver.py", line 394, in find_element_by_xpath
    return self.find_element(by=By.XPATH, value=xpath)
  File "C:\Users\kai\PycharmProjects\pythonProject\venv\lib\site-packages\selenium\webdriver\remote\webdriver.py", line 976, in find_element
    return self.execute(Command.FIND_ELEMENT, {
  File "C:\Users\kai\PycharmProjects\pythonProject\venv\lib\site-packages\selenium\webdriver\remote\webdriver.py", line 321, in execute
    self.error_handler.check_response(response)
  File "C:\Users\kai\PycharmProjects\pythonProject\venv\lib\site-packages\selenium\webdriver\remote\errorhandler.py", line 242, in check_response
    raise exception_class(message, screen, stacktrace)
selenium.common.exceptions.NoSuchElementException: Message: no such element: Unable to locate element: {"method":"xpath","selector":"//div[@class='deepsearch-app']/div[contains(@class,'drawer-container-layout')]/div[contains(@class,'drawer-container')]/div[contains(@class,'drawer-container-inner')]/div[contains(@class,'menu-item-group')][2]/div[contains(@class,'menu-item')][3]"}
  (Session info: chrome=92.0.4515.107)

2021-07-27 19:36_014970_삼륭물산
Traceback (most recent call last):
  File "C:\Users\kai\PycharmProjects\pythonProject\noname\noname\spiders\korean_daily_finance_spider.py", line 185, in quarterly_finance_scraping
    button = self.driver.find_element_by_xpath(
  File "C:\Users\kai\PycharmProjects\pythonProject\venv\lib\site-packages\selenium\webdriver\remote\webdriver.py", line 394, in find_element_by_xpath
    return self.find_element(by=By.XPATH, value=xpath)
  File "C:\Users\kai\PycharmProjects\pythonProject\venv\lib\site-packages\selenium\webdriver\remote\webdriver.py", line 976, in find_element
    return self.execute(Command.FIND_ELEMENT, {
  File "C:\Users\kai\PycharmProjects\pythonProject\venv\lib\site-packages\selenium\webdriver\remote\webdriver.py", line 321, in execute
    self.error_handler.check_response(response)
  File "C:\Users\kai\PycharmProjects\pythonProject\venv\lib\site-packages\selenium\webdriver\remote\errorhandler.py", line 242, in check_response
    raise exception_class(message, screen, stacktrace)
selenium.common.exceptions.NoSuchElementException: Message: no such element: Unable to locate element: {"method":"xpath","selector":"//div[@id='root']/div/div[contains(@class,'deepsesarch-dropdown-items')]/div[1]"}
  (Session info: chrome=92.0.4515.107)

2021-07-27 19:40_017650_대림제지
Traceback (most recent call last):
  File "C:\Users\kai\PycharmProjects\pythonProject\noname\noname\spiders\korean_daily_finance_spider.py", line 185, in quarterly_finance_scraping
    button = self.driver.find_element_by_xpath(
  File "C:\Users\kai\PycharmProjects\pythonProject\venv\lib\site-packages\selenium\webdriver\remote\webdriver.py", line 394, in find_element_by_xpath
    return self.find_element(by=By.XPATH, value=xpath)
  File "C:\Users\kai\PycharmProjects\pythonProject\venv\lib\site-packages\selenium\webdriver\remote\webdriver.py", line 976, in find_element
    return self.execute(Command.FIND_ELEMENT, {
  File "C:\Users\kai\PycharmProjects\pythonProject\venv\lib\site-packages\selenium\webdriver\remote\webdriver.py", line 321, in execute
    self.error_handler.check_response(response)
  File "C:\Users\kai\PycharmProjects\pythonProject\venv\lib\site-packages\selenium\webdriver\remote\errorhandler.py", line 242, in check_response
    raise exception_class(message, screen, stacktrace)
selenium.common.exceptions.NoSuchElementException: Message: no such element: Unable to locate element: {"method":"xpath","selector":"//div[@id='root']/div/div[contains(@class,'deepsesarch-dropdown-items')]/div[1]"}
  (Session info: chrome=92.0.4515.107)

