2021-08-10 19:15_000020_동화약품
Traceback (most recent call last):
  File "C:\Users\kai\PycharmProjects\pythonProject\noname\noname\spiders\korean_daily_finance_spider.py", line 166, in quarterly_finance_scraping
    button = self.driver.find_element_by_xpath(
  File "C:\Users\kai\PycharmProjects\pythonProject\venv\lib\site-packages\selenium\webdriver\remote\webdriver.py", line 394, in find_element_by_xpath
    return self.find_element(by=By.XPATH, value=xpath)
  File "C:\Users\kai\PycharmProjects\pythonProject\venv\lib\site-packages\selenium\webdriver\remote\webdriver.py", line 976, in find_element
    return self.execute(Command.FIND_ELEMENT, {
  File "C:\Users\kai\PycharmProjects\pythonProject\venv\lib\site-packages\selenium\webdriver\remote\webdriver.py", line 321, in execute
    self.error_handler.check_response(response)
  File "C:\Users\kai\PycharmProjects\pythonProject\venv\lib\site-packages\selenium\webdriver\remote\errorhandler.py", line 242, in check_response
    raise exception_class(message, screen, stacktrace)
selenium.common.exceptions.NoSuchElementException: Message: no such element: Unable to locate element: {"method":"xpath","selector":"//div[@id='root']/div/div[contains(@class,'deepsesarch-dropdown-items')]/div[3]"}
  (Session info: chrome=92.0.4515.131)

2021-08-10 19:26_초기 세팅 실패.
Traceback (most recent call last):
  File "C:\Users\kai\PycharmProjects\pythonProject\noname\noname\spiders\korean_daily_finance_spider.py", line 433, in initial_setting
    menu1_button = self.driver.find_element_by_xpath(
  File "C:\Users\kai\PycharmProjects\pythonProject\venv\lib\site-packages\selenium\webdriver\remote\webdriver.py", line 394, in find_element_by_xpath
    return self.find_element(by=By.XPATH, value=xpath)
  File "C:\Users\kai\PycharmProjects\pythonProject\venv\lib\site-packages\selenium\webdriver\remote\webdriver.py", line 976, in find_element
    return self.execute(Command.FIND_ELEMENT, {
  File "C:\Users\kai\PycharmProjects\pythonProject\venv\lib\site-packages\selenium\webdriver\remote\webdriver.py", line 321, in execute
    self.error_handler.check_response(response)
  File "C:\Users\kai\PycharmProjects\pythonProject\venv\lib\site-packages\selenium\webdriver\remote\errorhandler.py", line 242, in check_response
    raise exception_class(message, screen, stacktrace)
selenium.common.exceptions.NoSuchElementException: Message: no such element: Unable to locate element: {"method":"xpath","selector":"//div[@class='deepsearch-app']/div[contains(@class,'drawer-container-layout')]/div[contains(@class,'drawer-container')]/div[contains(@class,'drawer-container-inner')]/div[contains(@class,'menu-item-group')][2]/div[contains(@class,'menu-item')][3]"}
  (Session info: chrome=92.0.4515.131)

2021-08-10 19:29_000020_동화약품
Traceback (most recent call last):
  File "C:\Users\kai\PycharmProjects\pythonProject\noname\noname\spiders\korean_daily_finance_spider.py", line 216, in quarterly_finance_scraping
    button = self.driver.find_element_by_xpath(
  File "C:\Users\kai\PycharmProjects\pythonProject\venv\lib\site-packages\selenium\webdriver\remote\webdriver.py", line 394, in find_element_by_xpath
    return self.find_element(by=By.XPATH, value=xpath)
  File "C:\Users\kai\PycharmProjects\pythonProject\venv\lib\site-packages\selenium\webdriver\remote\webdriver.py", line 976, in find_element
    return self.execute(Command.FIND_ELEMENT, {
  File "C:\Users\kai\PycharmProjects\pythonProject\venv\lib\site-packages\selenium\webdriver\remote\webdriver.py", line 321, in execute
    self.error_handler.check_response(response)
  File "C:\Users\kai\PycharmProjects\pythonProject\venv\lib\site-packages\selenium\webdriver\remote\errorhandler.py", line 242, in check_response
    raise exception_class(message, screen, stacktrace)
selenium.common.exceptions.NoSuchElementException: Message: no such element: Unable to locate element: {"method":"xpath","selector":"//div[@id='income-statement']//div[contains(@class,'table-container')]//span[@class='table-export-button']"}
  (Session info: chrome=92.0.4515.131)

