2021-08-05 14:55_000020_동화약품
Traceback (most recent call last):
  File "C:\Users\kai\PycharmProjects\pythonProject\noname\noname\spiders\sometrend_spider.py", line 271, in social_keyword_scraping
    self.store_data(company)
  File "C:\Users\kai\PycharmProjects\pythonProject\noname\noname\spiders\sometrend_spider.py", line 397, in store_data
    for index, row in week_list.iterows():
  File "C:\Users\kai\PycharmProjects\pythonProject\venv\lib\site-packages\pandas\core\generic.py", line 5465, in __getattr__
    return object.__getattribute__(self, name)
AttributeError: 'DataFrame' object has no attribute 'iterows'
2021-08-05 17:24_000100_유한양행
Traceback (most recent call last):
  File "C:\Users\kai\PycharmProjects\pythonProject\noname\noname\spiders\sometrend_spider.py", line 94, in social_keyword_scraping
    self.click_element(
  File "C:\Users\kai\PycharmProjects\pythonProject\noname\noname\spiders\sometrend_spider.py", line 455, in click_element
    button.click()
  File "C:\Users\kai\PycharmProjects\pythonProject\venv\lib\site-packages\selenium\webdriver\remote\webdriver.py", line 394, in find_element_by_xpath
    return self.find_element(by=By.XPATH, value=xpath)
  File "C:\Users\kai\PycharmProjects\pythonProject\venv\lib\site-packages\selenium\webdriver\remote\webdriver.py", line 976, in find_element
    return self.execute(Command.FIND_ELEMENT, {
  File "C:\Users\kai\PycharmProjects\pythonProject\venv\lib\site-packages\selenium\webdriver\remote\webdriver.py", line 321, in execute
    self.error_handler.check_response(response)
  File "C:\Users\kai\PycharmProjects\pythonProject\venv\lib\site-packages\selenium\webdriver\remote\errorhandler.py", line 242, in check_response
    raise exception_class(message, screen, stacktrace)
selenium.common.exceptions.NoSuchElementException: Message: no such element: Unable to locate element: {"method":"xpath","selector":"//div[@id='analysisOptionWindowArea']//div[contains(@class,'modal-search-body')]/button"}
  (Session info: chrome=92.0.4515.107)

2021-08-05 17:41_000520_삼일제약
Traceback (most recent call last):
  File "C:\Users\kai\PycharmProjects\pythonProject\noname\noname\spiders\sometrend_spider.py", line 191, in social_keyword_scraping
    self.click_element(
  File "C:\Users\kai\PycharmProjects\pythonProject\noname\noname\spiders\sometrend_spider.py", line 455, in click_element
    button = self.click_wait.until(EC.element_to_be_clickable((By.XPATH, xpath)))
  File "C:\Users\kai\PycharmProjects\pythonProject\venv\lib\site-packages\selenium\webdriver\support\wait.py", line 80, in until
    raise TimeoutException(message, screen, stacktrace)
selenium.common.exceptions.TimeoutException: Message: 

